<!DOCTYPE html>
<html>
  <head>
    <meta charset="utf-8"/>
    <title>test-report.html</title>
    <style>body {
  font-family: Helvetica, Arial, sans-serif;
  font-size: 12px;
  /* do not increase min-width as some may use split screens */
  min-width: 800px;
  color: #999;
}

h1 {
  font-size: 24px;
  color: black;
}

h2 {
  font-size: 16px;
  color: black;
}

p {
  color: black;
}

a {
  color: #999;
}

table {
  border-collapse: collapse;
}

/******************************
 * SUMMARY INFORMATION
 ******************************/
#environment td {
  padding: 5px;
  border: 1px solid #E6E6E6;
}
#environment tr:nth-child(odd) {
  background-color: #f6f6f6;
}

/******************************
 * TEST RESULT COLORS
 ******************************/
span.passed,
.passed .col-result {
  color: green;
}

span.skipped,
span.xfailed,
span.rerun,
.skipped .col-result,
.xfailed .col-result,
.rerun .col-result {
  color: orange;
}

span.error,
span.failed,
span.xpassed,
.error .col-result,
.failed .col-result,
.xpassed .col-result {
  color: red;
}

/******************************
 * RESULTS TABLE
 *
 * 1. Table Layout
 * 2. Extra
 * 3. Sorting items
 *
 ******************************/
/*------------------
 * 1. Table Layout
 *------------------*/
#results-table {
  border: 1px solid #e6e6e6;
  color: #999;
  font-size: 12px;
  width: 100%;
}
#results-table th,
#results-table td {
  padding: 5px;
  border: 1px solid #E6E6E6;
  text-align: left;
}
#results-table th {
  font-weight: bold;
}

/*------------------
 * 2. Extra
 *------------------*/
.log {
  background-color: #e6e6e6;
  border: 1px solid #e6e6e6;
  color: black;
  display: block;
  font-family: "Courier New", Courier, monospace;
  height: 230px;
  overflow-y: scroll;
  padding: 5px;
  white-space: pre-wrap;
}
.log:only-child {
  height: inherit;
}

div.image {
  border: 1px solid #e6e6e6;
  float: right;
  height: 240px;
  margin-left: 5px;
  overflow: hidden;
  width: 320px;
}
div.image img {
  width: 320px;
}

div.video {
  border: 1px solid #e6e6e6;
  float: right;
  height: 240px;
  margin-left: 5px;
  overflow: hidden;
  width: 320px;
}
div.video video {
  overflow: hidden;
  width: 320px;
  height: 240px;
}

.collapsed {
  display: none;
}

.expander::after {
  content: " (show details)";
  color: #BBB;
  font-style: italic;
  cursor: pointer;
}

.collapser::after {
  content: " (hide details)";
  color: #BBB;
  font-style: italic;
  cursor: pointer;
}

/*------------------
 * 3. Sorting items
 *------------------*/
.sortable {
  cursor: pointer;
}

.sort-icon {
  font-size: 0px;
  float: left;
  margin-right: 5px;
  margin-top: 5px;
  /*triangle*/
  width: 0;
  height: 0;
  border-left: 8px solid transparent;
  border-right: 8px solid transparent;
}
.inactive .sort-icon {
  /*finish triangle*/
  border-top: 8px solid #E6E6E6;
}
.asc.active .sort-icon {
  /*finish triangle*/
  border-bottom: 8px solid #999;
}
.desc.active .sort-icon {
  /*finish triangle*/
  border-top: 8px solid #999;
}
</style></head>
  <body onLoad="init()">
    <script>/* This Source Code Form is subject to the terms of the Mozilla Public
 * License, v. 2.0. If a copy of the MPL was not distributed with this file,
 * You can obtain one at http://mozilla.org/MPL/2.0/. */


function toArray(iter) {
    if (iter === null) {
        return null;
    }
    return Array.prototype.slice.call(iter);
}

function find(selector, elem) { // eslint-disable-line no-redeclare
    if (!elem) {
        elem = document;
    }
    return elem.querySelector(selector);
}

function findAll(selector, elem) {
    if (!elem) {
        elem = document;
    }
    return toArray(elem.querySelectorAll(selector));
}

function sortColumn(elem) {
    toggleSortStates(elem);
    const colIndex = toArray(elem.parentNode.childNodes).indexOf(elem);
    let key;
    if (elem.classList.contains('result')) {
        key = keyResult;
    } else if (elem.classList.contains('links')) {
        key = keyLink;
    } else {
        key = keyAlpha;
    }
    sortTable(elem, key(colIndex));
}

function showAllExtras() { // eslint-disable-line no-unused-vars
    findAll('.col-result').forEach(showExtras);
}

function hideAllExtras() { // eslint-disable-line no-unused-vars
    findAll('.col-result').forEach(hideExtras);
}

function showExtras(colresultElem) {
    const extras = colresultElem.parentNode.nextElementSibling;
    const expandcollapse = colresultElem.firstElementChild;
    extras.classList.remove('collapsed');
    expandcollapse.classList.remove('expander');
    expandcollapse.classList.add('collapser');
}

function hideExtras(colresultElem) {
    const extras = colresultElem.parentNode.nextElementSibling;
    const expandcollapse = colresultElem.firstElementChild;
    extras.classList.add('collapsed');
    expandcollapse.classList.remove('collapser');
    expandcollapse.classList.add('expander');
}

function showFilters() {
    let visibleString = getQueryParameter('visible') || 'all';
    visibleString = visibleString.toLowerCase();
    const checkedItems = visibleString.split(',');

    const filterItems = document.getElementsByClassName('filter');
    for (let i = 0; i < filterItems.length; i++) {
        filterItems[i].hidden = false;

        if (visibleString != 'all') {
            filterItems[i].checked = checkedItems.includes(filterItems[i].getAttribute('data-test-result'));
            filterTable(filterItems[i]);
        }
    }
}

function addCollapse() {
    // Add links for show/hide all
    const resulttable = find('table#results-table');
    const showhideall = document.createElement('p');
    showhideall.innerHTML = '<a href="javascript:showAllExtras()">Show all details</a> / ' +
                            '<a href="javascript:hideAllExtras()">Hide all details</a>';
    resulttable.parentElement.insertBefore(showhideall, resulttable);

    // Add show/hide link to each result
    findAll('.col-result').forEach(function(elem) {
        const collapsed = getQueryParameter('collapsed') || 'Passed';
        const extras = elem.parentNode.nextElementSibling;
        const expandcollapse = document.createElement('span');
        if (extras.classList.contains('collapsed')) {
            expandcollapse.classList.add('expander');
        } else if (collapsed.includes(elem.innerHTML)) {
            extras.classList.add('collapsed');
            expandcollapse.classList.add('expander');
        } else {
            expandcollapse.classList.add('collapser');
        }
        elem.appendChild(expandcollapse);

        elem.addEventListener('click', function(event) {
            if (event.currentTarget.parentNode.nextElementSibling.classList.contains('collapsed')) {
                showExtras(event.currentTarget);
            } else {
                hideExtras(event.currentTarget);
            }
        });
    });
}

function getQueryParameter(name) {
    const match = RegExp('[?&]' + name + '=([^&]*)').exec(window.location.search);
    return match && decodeURIComponent(match[1].replace(/\+/g, ' '));
}

function init () { // eslint-disable-line no-unused-vars
    resetSortHeaders();

    addCollapse();

    showFilters();

    sortColumn(find('.initial-sort'));

    findAll('.sortable').forEach(function(elem) {
        elem.addEventListener('click',
            function() {
                sortColumn(elem);
            }, false);
    });
}

function sortTable(clicked, keyFunc) {
    const rows = findAll('.results-table-row');
    const reversed = !clicked.classList.contains('asc');
    const sortedRows = sort(rows, keyFunc, reversed);
    /* Whole table is removed here because browsers acts much slower
     * when appending existing elements.
     */
    const thead = document.getElementById('results-table-head');
    document.getElementById('results-table').remove();
    const parent = document.createElement('table');
    parent.id = 'results-table';
    parent.appendChild(thead);
    sortedRows.forEach(function(elem) {
        parent.appendChild(elem);
    });
    document.getElementsByTagName('BODY')[0].appendChild(parent);
}

function sort(items, keyFunc, reversed) {
    const sortArray = items.map(function(item, i) {
        return [keyFunc(item), i];
    });

    sortArray.sort(function(a, b) {
        const keyA = a[0];
        const keyB = b[0];

        if (keyA == keyB) return 0;

        if (reversed) {
            return keyA < keyB ? 1 : -1;
        } else {
            return keyA > keyB ? 1 : -1;
        }
    });

    return sortArray.map(function(item) {
        const index = item[1];
        return items[index];
    });
}

function keyAlpha(colIndex) {
    return function(elem) {
        return elem.childNodes[1].childNodes[colIndex].firstChild.data.toLowerCase();
    };
}

function keyLink(colIndex) {
    return function(elem) {
        const dataCell = elem.childNodes[1].childNodes[colIndex].firstChild;
        return dataCell == null ? '' : dataCell.innerText.toLowerCase();
    };
}

function keyResult(colIndex) {
    return function(elem) {
        const strings = ['Error', 'Failed', 'Rerun', 'XFailed', 'XPassed',
            'Skipped', 'Passed'];
        return strings.indexOf(elem.childNodes[1].childNodes[colIndex].firstChild.data);
    };
}

function resetSortHeaders() {
    findAll('.sort-icon').forEach(function(elem) {
        elem.parentNode.removeChild(elem);
    });
    findAll('.sortable').forEach(function(elem) {
        const icon = document.createElement('div');
        icon.className = 'sort-icon';
        icon.textContent = 'vvv';
        elem.insertBefore(icon, elem.firstChild);
        elem.classList.remove('desc', 'active');
        elem.classList.add('asc', 'inactive');
    });
}

function toggleSortStates(elem) {
    //if active, toggle between asc and desc
    if (elem.classList.contains('active')) {
        elem.classList.toggle('asc');
        elem.classList.toggle('desc');
    }

    //if inactive, reset all other functions and add ascending active
    if (elem.classList.contains('inactive')) {
        resetSortHeaders();
        elem.classList.remove('inactive');
        elem.classList.add('active');
    }
}

function isAllRowsHidden(value) {
    return value.hidden == false;
}

function filterTable(elem) { // eslint-disable-line no-unused-vars
    const outcomeAtt = 'data-test-result';
    const outcome = elem.getAttribute(outcomeAtt);
    const classOutcome = outcome + ' results-table-row';
    const outcomeRows = document.getElementsByClassName(classOutcome);

    for(let i = 0; i < outcomeRows.length; i++){
        outcomeRows[i].hidden = !elem.checked;
    }

    const rows = findAll('.results-table-row').filter(isAllRowsHidden);
    const allRowsHidden = rows.length == 0 ? true : false;
    const notFoundMessage = document.getElementById('not-found-message');
    notFoundMessage.hidden = !allRowsHidden;
}
</script>
    <h1>test-report.html</h1>
    <p>Report generated on 19-Sep-2025 at 18:21:32 by <a href="https://pypi.python.org/pypi/pytest-html">pytest-html</a> v3.2.0</p>
    <h2>Summary</h2>
    <p>253 tests ran in 323.27 seconds. </p>
    <p class="filter" hidden="true">(Un)check the boxes to filter the results.</p><input checked="true" class="filter" data-test-result="passed" hidden="true" name="filter_checkbox" onChange="filterTable(this)" type="checkbox"/><span class="passed">238 passed</span>, <input checked="true" class="filter" data-test-result="skipped" hidden="true" name="filter_checkbox" onChange="filterTable(this)" type="checkbox"/><span class="skipped">31 skipped</span>, <input checked="true" class="filter" data-test-result="failed" hidden="true" name="filter_checkbox" onChange="filterTable(this)" type="checkbox"/><span class="failed">15 failed</span>, <input checked="true" class="filter" data-test-result="error" hidden="true" name="filter_checkbox" onChange="filterTable(this)" type="checkbox"/><span class="error">9 errors</span>, <input checked="true" class="filter" data-test-result="xfailed" disabled="true" hidden="true" name="filter_checkbox" onChange="filterTable(this)" type="checkbox"/><span class="xfailed">0 expected failures</span>, <input checked="true" class="filter" data-test-result="xpassed" disabled="true" hidden="true" name="filter_checkbox" onChange="filterTable(this)" type="checkbox"/><span class="xpassed">0 unexpected passes</span>
    <h2>Results</h2>
    <table id="results-table">
      <thead id="results-table-head">
        <tr>
          <th class="sortable result initial-sort" col="result">Result</th>
          <th class="sortable" col="name">Test</th>
          <th class="sortable" col="duration">Duration</th>
          <th class="sortable links" col="links">Links</th></tr>
        <tr hidden="true" id="not-found-message">
          <th colspan="4">No results found. Try to check the filters</th></tr></thead>
      <tbody class="error results-table-row">
        <tr>
          <td class="col-result">Error</td>
          <td class="col-name">tests/test_database_test_utils.py::test_mock_database_manager_fixture::setup</td>
          <td class="col-duration">0.00</td>
          <td class="col-links"></td></tr>
        <tr>
          <td class="extra" colspan="4">
            <div class="log">file /home/azureuser/repos/yabot/tests/test_database_test_utils.py, line 244<br/>  def test_mock_database_manager_fixture(mock_database_manager):<br/><span class="error">E       fixture &#x27;mock_database_manager&#x27; not found</span><br/>&gt;       available fixtures: _session_faker, anyio_backend, anyio_backend_name, anyio_backend_options, benchmark, benchmark_weave, cache, capfd, capfdbinary, caplog, capsys, capsysbinary, class_mocker, cov, doctest_namespace, event_loop, extra, faker, free_tcp_port, free_tcp_port_factory, free_udp_port, free_udp_port_factory, include_metadata_in_junit_xml, metadata, mock_command_handler, mock_config_manager, mock_error_handler, mock_middleware_manager, mock_router, mock_webhook_handler, mocker, module_mocker, monkeypatch, no_cover, package_mocker, pytestconfig, record_property, record_testsuite_property, record_xml_attribute, recwarn, sample_command_response, sample_message, sample_update, session_mocker, testrun_uid, tmp_path, tmp_path_factory, tmpdir, tmpdir_factory, unused_tcp_port, unused_tcp_port_factory, unused_udp_port, unused_udp_port_factory, worker_id<br/>&gt;       use &#x27;pytest --fixtures [testpath]&#x27; for help on them.<br/><br/>/home/azureuser/repos/yabot/tests/test_database_test_utils.py:244<br/></div></td></tr></tbody>
      <tbody class="error results-table-row">
        <tr>
          <td class="col-result">Error</td>
          <td class="col-name">tests/test_database_test_utils.py::test_database_test_config_fixture::setup</td>
          <td class="col-duration">0.00</td>
          <td class="col-links"></td></tr>
        <tr>
          <td class="extra" colspan="4">
            <div class="log">file /home/azureuser/repos/yabot/tests/test_database_test_utils.py, line 249<br/>  def test_database_test_config_fixture(database_test_config):<br/><span class="error">E       fixture &#x27;database_test_config&#x27; not found</span><br/>&gt;       available fixtures: _session_faker, anyio_backend, anyio_backend_name, anyio_backend_options, benchmark, benchmark_weave, cache, capfd, capfdbinary, caplog, capsys, capsysbinary, class_mocker, cov, doctest_namespace, event_loop, extra, faker, free_tcp_port, free_tcp_port_factory, free_udp_port, free_udp_port_factory, include_metadata_in_junit_xml, metadata, mock_command_handler, mock_config_manager, mock_error_handler, mock_middleware_manager, mock_router, mock_webhook_handler, mocker, module_mocker, monkeypatch, no_cover, package_mocker, pytestconfig, record_property, record_testsuite_property, record_xml_attribute, recwarn, sample_command_response, sample_message, sample_update, session_mocker, testrun_uid, tmp_path, tmp_path_factory, tmpdir, tmpdir_factory, unused_tcp_port, unused_tcp_port_factory, unused_udp_port, unused_udp_port_factory, worker_id<br/>&gt;       use &#x27;pytest --fixtures [testpath]&#x27; for help on them.<br/><br/>/home/azureuser/repos/yabot/tests/test_database_test_utils.py:249<br/></div></td></tr></tbody>
      <tbody class="error results-table-row">
        <tr>
          <td class="col-result">Error</td>
          <td class="col-name">tests/test_database_test_utils.py::test_database_test_data_factory_fixture::setup</td>
          <td class="col-duration">0.00</td>
          <td class="col-links"></td></tr>
        <tr>
          <td class="extra" colspan="4">
            <div class="log">file /home/azureuser/repos/yabot/tests/test_database_test_utils.py, line 254<br/>  def test_database_test_data_factory_fixture(database_test_data_factory):<br/><span class="error">E       fixture &#x27;database_test_data_factory&#x27; not found</span><br/>&gt;       available fixtures: _session_faker, anyio_backend, anyio_backend_name, anyio_backend_options, benchmark, benchmark_weave, cache, capfd, capfdbinary, caplog, capsys, capsysbinary, class_mocker, cov, doctest_namespace, event_loop, extra, faker, free_tcp_port, free_tcp_port_factory, free_udp_port, free_udp_port_factory, include_metadata_in_junit_xml, metadata, mock_command_handler, mock_config_manager, mock_error_handler, mock_middleware_manager, mock_router, mock_webhook_handler, mocker, module_mocker, monkeypatch, no_cover, package_mocker, pytestconfig, record_property, record_testsuite_property, record_xml_attribute, recwarn, sample_command_response, sample_message, sample_update, session_mocker, testrun_uid, tmp_path, tmp_path_factory, tmpdir, tmpdir_factory, unused_tcp_port, unused_tcp_port_factory, unused_udp_port, unused_udp_port_factory, worker_id<br/>&gt;       use &#x27;pytest --fixtures [testpath]&#x27; for help on them.<br/><br/>/home/azureuser/repos/yabot/tests/test_database_test_utils.py:254<br/></div></td></tr></tbody>
      <tbody class="error results-table-row">
        <tr>
          <td class="col-result">Error</td>
          <td class="col-name">tests/test_database_test_utils.py::test_database_test_helpers_fixture::setup</td>
          <td class="col-duration">0.00</td>
          <td class="col-links"></td></tr>
        <tr>
          <td class="extra" colspan="4">
            <div class="log">file /home/azureuser/repos/yabot/tests/test_database_test_utils.py, line 259<br/>  def test_database_test_helpers_fixture(database_test_helpers):<br/><span class="error">E       fixture &#x27;database_test_helpers&#x27; not found</span><br/>&gt;       available fixtures: _session_faker, anyio_backend, anyio_backend_name, anyio_backend_options, benchmark, benchmark_weave, cache, capfd, capfdbinary, caplog, capsys, capsysbinary, class_mocker, cov, doctest_namespace, event_loop, extra, faker, free_tcp_port, free_tcp_port_factory, free_udp_port, free_udp_port_factory, include_metadata_in_junit_xml, metadata, mock_command_handler, mock_config_manager, mock_error_handler, mock_middleware_manager, mock_router, mock_webhook_handler, mocker, module_mocker, monkeypatch, no_cover, package_mocker, pytestconfig, record_property, record_testsuite_property, record_xml_attribute, recwarn, sample_command_response, sample_message, sample_update, session_mocker, testrun_uid, tmp_path, tmp_path_factory, tmpdir, tmpdir_factory, unused_tcp_port, unused_tcp_port_factory, unused_udp_port, unused_udp_port_factory, worker_id<br/>&gt;       use &#x27;pytest --fixtures [testpath]&#x27; for help on them.<br/><br/>/home/azureuser/repos/yabot/tests/test_database_test_utils.py:259<br/></div></td></tr></tbody>
      <tbody class="error results-table-row">
        <tr>
          <td class="col-result">Error</td>
          <td class="col-name">tests/test_database_test_utils.py::test_temp_database_path_fixture::setup</td>
          <td class="col-duration">0.00</td>
          <td class="col-links"></td></tr>
        <tr>
          <td class="extra" colspan="4">
            <div class="log">file /home/azureuser/repos/yabot/tests/test_database_test_utils.py, line 264<br/>  def test_temp_database_path_fixture(temp_database_path):<br/><span class="error">E       fixture &#x27;temp_database_path&#x27; not found</span><br/>&gt;       available fixtures: _session_faker, anyio_backend, anyio_backend_name, anyio_backend_options, benchmark, benchmark_weave, cache, capfd, capfdbinary, caplog, capsys, capsysbinary, class_mocker, cov, doctest_namespace, event_loop, extra, faker, free_tcp_port, free_tcp_port_factory, free_udp_port, free_udp_port_factory, include_metadata_in_junit_xml, metadata, mock_command_handler, mock_config_manager, mock_error_handler, mock_middleware_manager, mock_router, mock_webhook_handler, mocker, module_mocker, monkeypatch, no_cover, package_mocker, pytestconfig, record_property, record_testsuite_property, record_xml_attribute, recwarn, sample_command_response, sample_message, sample_update, session_mocker, testrun_uid, tmp_path, tmp_path_factory, tmpdir, tmpdir_factory, unused_tcp_port, unused_tcp_port_factory, unused_udp_port, unused_udp_port_factory, worker_id<br/>&gt;       use &#x27;pytest --fixtures [testpath]&#x27; for help on them.<br/><br/>/home/azureuser/repos/yabot/tests/test_database_test_utils.py:264<br/></div></td></tr></tbody>
      <tbody class="error results-table-row">
        <tr>
          <td class="col-result">Error</td>
          <td class="col-name">tests/test_event_test_utils.py::test_mock_event_bus_fixture::setup</td>
          <td class="col-duration">0.00</td>
          <td class="col-links"></td></tr>
        <tr>
          <td class="extra" colspan="4">
            <div class="log">file /home/azureuser/repos/yabot/tests/test_event_test_utils.py, line 324<br/>  def test_mock_event_bus_fixture(mock_event_bus):<br/><span class="error">E       fixture &#x27;mock_event_bus&#x27; not found</span><br/>&gt;       available fixtures: _session_faker, anyio_backend, anyio_backend_name, anyio_backend_options, benchmark, benchmark_weave, cache, capfd, capfdbinary, caplog, capsys, capsysbinary, class_mocker, cov, doctest_namespace, event_loop, extra, faker, free_tcp_port, free_tcp_port_factory, free_udp_port, free_udp_port_factory, include_metadata_in_junit_xml, metadata, mock_command_handler, mock_config_manager, mock_error_handler, mock_middleware_manager, mock_router, mock_webhook_handler, mocker, module_mocker, monkeypatch, no_cover, package_mocker, pytestconfig, record_property, record_testsuite_property, record_xml_attribute, recwarn, sample_command_response, sample_message, sample_update, session_mocker, testrun_uid, tmp_path, tmp_path_factory, tmpdir, tmpdir_factory, unused_tcp_port, unused_tcp_port_factory, unused_udp_port, unused_udp_port_factory, worker_id<br/>&gt;       use &#x27;pytest --fixtures [testpath]&#x27; for help on them.<br/><br/>/home/azureuser/repos/yabot/tests/test_event_test_utils.py:324<br/></div></td></tr></tbody>
      <tbody class="error results-table-row">
        <tr>
          <td class="col-result">Error</td>
          <td class="col-name">tests/test_event_test_utils.py::test_event_test_config_fixture::setup</td>
          <td class="col-duration">0.00</td>
          <td class="col-links"></td></tr>
        <tr>
          <td class="extra" colspan="4">
            <div class="log">file /home/azureuser/repos/yabot/tests/test_event_test_utils.py, line 329<br/>  def test_event_test_config_fixture(event_test_config):<br/><span class="error">E       fixture &#x27;event_test_config&#x27; not found</span><br/>&gt;       available fixtures: _session_faker, anyio_backend, anyio_backend_name, anyio_backend_options, benchmark, benchmark_weave, cache, capfd, capfdbinary, caplog, capsys, capsysbinary, class_mocker, cov, doctest_namespace, event_loop, extra, faker, free_tcp_port, free_tcp_port_factory, free_udp_port, free_udp_port_factory, include_metadata_in_junit_xml, metadata, mock_command_handler, mock_config_manager, mock_error_handler, mock_middleware_manager, mock_router, mock_webhook_handler, mocker, module_mocker, monkeypatch, no_cover, package_mocker, pytestconfig, record_property, record_testsuite_property, record_xml_attribute, recwarn, sample_command_response, sample_message, sample_update, session_mocker, testrun_uid, tmp_path, tmp_path_factory, tmpdir, tmpdir_factory, unused_tcp_port, unused_tcp_port_factory, unused_udp_port, unused_udp_port_factory, worker_id<br/>&gt;       use &#x27;pytest --fixtures [testpath]&#x27; for help on them.<br/><br/>/home/azureuser/repos/yabot/tests/test_event_test_utils.py:329<br/></div></td></tr></tbody>
      <tbody class="error results-table-row">
        <tr>
          <td class="col-result">Error</td>
          <td class="col-name">tests/test_event_test_utils.py::test_event_test_data_factory_fixture::setup</td>
          <td class="col-duration">0.00</td>
          <td class="col-links"></td></tr>
        <tr>
          <td class="extra" colspan="4">
            <div class="log">file /home/azureuser/repos/yabot/tests/test_event_test_utils.py, line 334<br/>  def test_event_test_data_factory_fixture(event_test_data_factory):<br/><span class="error">E       fixture &#x27;event_test_data_factory&#x27; not found</span><br/>&gt;       available fixtures: _session_faker, anyio_backend, anyio_backend_name, anyio_backend_options, benchmark, benchmark_weave, cache, capfd, capfdbinary, caplog, capsys, capsysbinary, class_mocker, cov, doctest_namespace, event_loop, extra, faker, free_tcp_port, free_tcp_port_factory, free_udp_port, free_udp_port_factory, include_metadata_in_junit_xml, metadata, mock_command_handler, mock_config_manager, mock_error_handler, mock_middleware_manager, mock_router, mock_webhook_handler, mocker, module_mocker, monkeypatch, no_cover, package_mocker, pytestconfig, record_property, record_testsuite_property, record_xml_attribute, recwarn, sample_command_response, sample_message, sample_update, session_mocker, testrun_uid, tmp_path, tmp_path_factory, tmpdir, tmpdir_factory, unused_tcp_port, unused_tcp_port_factory, unused_udp_port, unused_udp_port_factory, worker_id<br/>&gt;       use &#x27;pytest --fixtures [testpath]&#x27; for help on them.<br/><br/>/home/azureuser/repos/yabot/tests/test_event_test_utils.py:334<br/></div></td></tr></tbody>
      <tbody class="error results-table-row">
        <tr>
          <td class="col-result">Error</td>
          <td class="col-name">tests/test_event_test_utils.py::test_event_test_helpers_fixture::setup</td>
          <td class="col-duration">0.00</td>
          <td class="col-links"></td></tr>
        <tr>
          <td class="extra" colspan="4">
            <div class="log">file /home/azureuser/repos/yabot/tests/test_event_test_utils.py, line 339<br/>  def test_event_test_helpers_fixture(event_test_helpers):<br/><span class="error">E       fixture &#x27;event_test_helpers&#x27; not found</span><br/>&gt;       available fixtures: _session_faker, anyio_backend, anyio_backend_name, anyio_backend_options, benchmark, benchmark_weave, cache, capfd, capfdbinary, caplog, capsys, capsysbinary, class_mocker, cov, doctest_namespace, event_loop, extra, faker, free_tcp_port, free_tcp_port_factory, free_udp_port, free_udp_port_factory, include_metadata_in_junit_xml, metadata, mock_command_handler, mock_config_manager, mock_error_handler, mock_middleware_manager, mock_router, mock_webhook_handler, mocker, module_mocker, monkeypatch, no_cover, package_mocker, pytestconfig, record_property, record_testsuite_property, record_xml_attribute, recwarn, sample_command_response, sample_message, sample_update, session_mocker, testrun_uid, tmp_path, tmp_path_factory, tmpdir, tmpdir_factory, unused_tcp_port, unused_tcp_port_factory, unused_udp_port, unused_udp_port_factory, worker_id<br/>&gt;       use &#x27;pytest --fixtures [testpath]&#x27; for help on them.<br/><br/>/home/azureuser/repos/yabot/tests/test_event_test_utils.py:339<br/></div></td></tr></tbody>
      <tbody class="failed results-table-row">
        <tr>
          <td class="col-result">Failed</td>
          <td class="col-name">tests/test_config.py::TestConfigManager::test_get_database_config_missing_uri</td>
          <td class="col-duration">0.00</td>
          <td class="col-links"></td></tr>
        <tr>
          <td class="extra" colspan="4">
            <div class="log">self = &lt;tests.test_config.TestConfigManager object at 0x715233f5cb30&gt;<br/><br/>    @patch.dict(os.environ, {}, clear=True)<br/>    def test_get_database_config_missing_uri(self):<br/>        &quot;&quot;&quot;Test getting database configuration when MongoDB URI is missing.&quot;&quot;&quot;<br/>        config_manager = ConfigManager()<br/>&gt;       with pytest.raises(ValueError, match=&quot;MONGODB_URI environment variable is required but not set&quot;):<br/><span class="error">E       Failed: DID NOT RAISE &lt;class &#x27;ValueError&#x27;&gt;</span><br/><br/>tests/test_config.py:186: Failed<br/></div></td></tr></tbody>
      <tbody class="failed results-table-row">
        <tr>
          <td class="col-result">Failed</td>
          <td class="col-name">tests/test_config.py::TestConfigManager::test_get_redis_config_missing_url</td>
          <td class="col-duration">0.00</td>
          <td class="col-links"></td></tr>
        <tr>
          <td class="extra" colspan="4">
            <div class="log">self = &lt;tests.test_config.TestConfigManager object at 0x715233f5e6c0&gt;<br/><br/>    @patch.dict(os.environ, {}, clear=True)<br/>    def test_get_redis_config_missing_url(self):<br/>        &quot;&quot;&quot;Test getting Redis configuration when Redis URL is missing.&quot;&quot;&quot;<br/>        config_manager = ConfigManager()<br/>&gt;       with pytest.raises(ValueError, match=&quot;REDIS_URL environment variable is required but not set&quot;):<br/><span class="error">E       Failed: DID NOT RAISE &lt;class &#x27;ValueError&#x27;&gt;</span><br/><br/>tests/test_config.py:218: Failed<br/></div></td></tr></tbody>
      <tbody class="failed results-table-row">
        <tr>
          <td class="col-result">Failed</td>
          <td class="col-name">tests/test_database.py::TestDatabaseManager::test_connect_all_success</td>
          <td class="col-duration">0.00</td>
          <td class="col-links"></td></tr>
        <tr>
          <td class="extra" colspan="4">
            <div class="log">args = (&lt;tests.test_database.TestDatabaseManager object at 0x715233f5f800&gt;,)<br/>keywargs = {}<br/><br/>    @wraps(func)<br/>    def patched(*args, **keywargs):<br/>&gt;       with self.decoration_helper(patched,<br/>                                    args,<br/>                                    keywargs) as (newargs, newkeywargs):<br/><br/>/usr/lib/python3.12/unittest/mock.py:1387: <br/>_ _ _ _ _ _ _ _ _ _ _ _ _ _ _ _ _ _ _ _ _ _ _ _ _ _ _ _ _ _ _ _ _ _ _ _ _ _ _ _ <br/>/usr/lib/python3.12/contextlib.py:137: in __enter__<br/>    return next(self.gen)<br/>/usr/lib/python3.12/unittest/mock.py:1369: in decoration_helper<br/>    arg = exit_stack.enter_context(patching)<br/>/usr/lib/python3.12/contextlib.py:526: in enter_context<br/>    result = _enter(cm)<br/>/usr/lib/python3.12/unittest/mock.py:1458: in __enter__<br/>    original, local = self.get_original()<br/>_ _ _ _ _ _ _ _ _ _ _ _ _ _ _ _ _ _ _ _ _ _ _ _ _ _ _ _ _ _ _ _ _ _ _ _ _ _ _ _ <br/><br/>self = &lt;unittest.mock._patch object at 0x715233f4c0e0&gt;<br/><br/>    def get_original(self):<br/>        target = self.getter()<br/>        name = self.attribute<br/>    <br/>        original = DEFAULT<br/>        local = False<br/>    <br/>        try:<br/>            original = target.__dict__[name]<br/>        except (AttributeError, KeyError):<br/>            original = getattr(target, name, DEFAULT)<br/>        else:<br/>            local = True<br/>    <br/>        if name in _builtins and isinstance(target, ModuleType):<br/>            self.create = True<br/>    <br/>        if not self.create and original is DEFAULT:<br/>&gt;           raise AttributeError(<br/>                &quot;%s does not have the attribute %r&quot; % (target, name)<br/>            )<br/><span class="error">E           AttributeError: &lt;module &#x27;src.database&#x27; from &#x27;/home/azureuser/repos/yabot/src/database/__init__.py&#x27;&gt; does not have the attribute &#x27;sqlite3&#x27;</span><br/><br/>/usr/lib/python3.12/unittest/mock.py:1431: AttributeError<br/></div></td></tr></tbody>
      <tbody class="failed results-table-row">
        <tr>
          <td class="col-result">Failed</td>
          <td class="col-name">tests/test_database.py::TestDatabaseManager::test_connect_all_mongo_failure</td>
          <td class="col-duration">0.00</td>
          <td class="col-links"></td></tr>
        <tr>
          <td class="extra" colspan="4">
            <div class="log">args = (&lt;tests.test_database.TestDatabaseManager object at 0x715233f5e120&gt;,)<br/>keywargs = {}<br/><br/>    @wraps(func)<br/>    def patched(*args, **keywargs):<br/>&gt;       with self.decoration_helper(patched,<br/>                                    args,<br/>                                    keywargs) as (newargs, newkeywargs):<br/><br/>/usr/lib/python3.12/unittest/mock.py:1387: <br/>_ _ _ _ _ _ _ _ _ _ _ _ _ _ _ _ _ _ _ _ _ _ _ _ _ _ _ _ _ _ _ _ _ _ _ _ _ _ _ _ <br/>/usr/lib/python3.12/contextlib.py:137: in __enter__<br/>    return next(self.gen)<br/>/usr/lib/python3.12/unittest/mock.py:1369: in decoration_helper<br/>    arg = exit_stack.enter_context(patching)<br/>/usr/lib/python3.12/contextlib.py:526: in enter_context<br/>    result = _enter(cm)<br/>/usr/lib/python3.12/unittest/mock.py:1458: in __enter__<br/>    original, local = self.get_original()<br/>_ _ _ _ _ _ _ _ _ _ _ _ _ _ _ _ _ _ _ _ _ _ _ _ _ _ _ _ _ _ _ _ _ _ _ _ _ _ _ _ <br/><br/>self = &lt;unittest.mock._patch object at 0x715233f4f830&gt;<br/><br/>    def get_original(self):<br/>        target = self.getter()<br/>        name = self.attribute<br/>    <br/>        original = DEFAULT<br/>        local = False<br/>    <br/>        try:<br/>            original = target.__dict__[name]<br/>        except (AttributeError, KeyError):<br/>            original = getattr(target, name, DEFAULT)<br/>        else:<br/>            local = True<br/>    <br/>        if name in _builtins and isinstance(target, ModuleType):<br/>            self.create = True<br/>    <br/>        if not self.create and original is DEFAULT:<br/>&gt;           raise AttributeError(<br/>                &quot;%s does not have the attribute %r&quot; % (target, name)<br/>            )<br/><span class="error">E           AttributeError: &lt;module &#x27;src.database&#x27; from &#x27;/home/azureuser/repos/yabot/src/database/__init__.py&#x27;&gt; does not have the attribute &#x27;sqlite3&#x27;</span><br/><br/>/usr/lib/python3.12/unittest/mock.py:1431: AttributeError<br/></div></td></tr></tbody>
      <tbody class="failed results-table-row">
        <tr>
          <td class="col-result">Failed</td>
          <td class="col-name">tests/test_database.py::TestDatabaseManager::test_connect_all_sqlite_failure</td>
          <td class="col-duration">0.00</td>
          <td class="col-links"></td></tr>
        <tr>
          <td class="extra" colspan="4">
            <div class="log">args = (&lt;tests.test_database.TestDatabaseManager object at 0x715233f5e900&gt;,)<br/>keywargs = {}<br/><br/>    @wraps(func)<br/>    def patched(*args, **keywargs):<br/>&gt;       with self.decoration_helper(patched,<br/>                                    args,<br/>                                    keywargs) as (newargs, newkeywargs):<br/><br/>/usr/lib/python3.12/unittest/mock.py:1387: <br/>_ _ _ _ _ _ _ _ _ _ _ _ _ _ _ _ _ _ _ _ _ _ _ _ _ _ _ _ _ _ _ _ _ _ _ _ _ _ _ _ <br/>/usr/lib/python3.12/contextlib.py:137: in __enter__<br/>    return next(self.gen)<br/>/usr/lib/python3.12/unittest/mock.py:1369: in decoration_helper<br/>    arg = exit_stack.enter_context(patching)<br/>/usr/lib/python3.12/contextlib.py:526: in enter_context<br/>    result = _enter(cm)<br/>/usr/lib/python3.12/unittest/mock.py:1458: in __enter__<br/>    original, local = self.get_original()<br/>_ _ _ _ _ _ _ _ _ _ _ _ _ _ _ _ _ _ _ _ _ _ _ _ _ _ _ _ _ _ _ _ _ _ _ _ _ _ _ _ <br/><br/>self = &lt;unittest.mock._patch object at 0x715233f4e660&gt;<br/><br/>    def get_original(self):<br/>        target = self.getter()<br/>        name = self.attribute<br/>    <br/>        original = DEFAULT<br/>        local = False<br/>    <br/>        try:<br/>            original = target.__dict__[name]<br/>        except (AttributeError, KeyError):<br/>            original = getattr(target, name, DEFAULT)<br/>        else:<br/>            local = True<br/>    <br/>        if name in _builtins and isinstance(target, ModuleType):<br/>            self.create = True<br/>    <br/>        if not self.create and original is DEFAULT:<br/>&gt;           raise AttributeError(<br/>                &quot;%s does not have the attribute %r&quot; % (target, name)<br/>            )<br/><span class="error">E           AttributeError: &lt;module &#x27;src.database&#x27; from &#x27;/home/azureuser/repos/yabot/src/database/__init__.py&#x27;&gt; does not have the attribute &#x27;sqlite3&#x27;</span><br/><br/>/usr/lib/python3.12/unittest/mock.py:1431: AttributeError<br/></div></td></tr></tbody>
      <tbody class="failed results-table-row">
        <tr>
          <td class="col-result">Failed</td>
          <td class="col-name">tests/test_database.py::TestDatabaseManager::test_get_mongo_db</td>
          <td class="col-duration">0.00</td>
          <td class="col-links"></td></tr>
        <tr>
          <td class="extra" colspan="4">
            <div class="log">args = (&lt;tests.test_database.TestDatabaseManager object at 0x715233f5fc80&gt;,)<br/>keywargs = {}<br/><br/>    @wraps(func)<br/>    def patched(*args, **keywargs):<br/>&gt;       with self.decoration_helper(patched,<br/>                                    args,<br/>                                    keywargs) as (newargs, newkeywargs):<br/><br/>/usr/lib/python3.12/unittest/mock.py:1387: <br/>_ _ _ _ _ _ _ _ _ _ _ _ _ _ _ _ _ _ _ _ _ _ _ _ _ _ _ _ _ _ _ _ _ _ _ _ _ _ _ _ <br/>/usr/lib/python3.12/contextlib.py:137: in __enter__<br/>    return next(self.gen)<br/>/usr/lib/python3.12/unittest/mock.py:1369: in decoration_helper<br/>    arg = exit_stack.enter_context(patching)<br/>/usr/lib/python3.12/contextlib.py:526: in enter_context<br/>    result = _enter(cm)<br/>/usr/lib/python3.12/unittest/mock.py:1458: in __enter__<br/>    original, local = self.get_original()<br/>_ _ _ _ _ _ _ _ _ _ _ _ _ _ _ _ _ _ _ _ _ _ _ _ _ _ _ _ _ _ _ _ _ _ _ _ _ _ _ _ <br/><br/>self = &lt;unittest.mock._patch object at 0x715233f4f0b0&gt;<br/><br/>    def get_original(self):<br/>        target = self.getter()<br/>        name = self.attribute<br/>    <br/>        original = DEFAULT<br/>        local = False<br/>    <br/>        try:<br/>            original = target.__dict__[name]<br/>        except (AttributeError, KeyError):<br/>            original = getattr(target, name, DEFAULT)<br/>        else:<br/>            local = True<br/>    <br/>        if name in _builtins and isinstance(target, ModuleType):<br/>            self.create = True<br/>    <br/>        if not self.create and original is DEFAULT:<br/>&gt;           raise AttributeError(<br/>                &quot;%s does not have the attribute %r&quot; % (target, name)<br/>            )<br/><span class="error">E           AttributeError: &lt;module &#x27;src.database&#x27; from &#x27;/home/azureuser/repos/yabot/src/database/__init__.py&#x27;&gt; does not have the attribute &#x27;MongoClient&#x27;</span><br/><br/>/usr/lib/python3.12/unittest/mock.py:1431: AttributeError<br/></div></td></tr></tbody>
      <tbody class="failed results-table-row">
        <tr>
          <td class="col-result">Failed</td>
          <td class="col-name">tests/test_database.py::TestDatabaseManager::test_get_sqlite_conn</td>
          <td class="col-duration">0.00</td>
          <td class="col-links"></td></tr>
        <tr>
          <td class="extra" colspan="4">
            <div class="log">args = (&lt;tests.test_database.TestDatabaseManager object at 0x715233f602c0&gt;,)<br/>keywargs = {}<br/><br/>    @wraps(func)<br/>    def patched(*args, **keywargs):<br/>&gt;       with self.decoration_helper(patched,<br/>                                    args,<br/>                                    keywargs) as (newargs, newkeywargs):<br/><br/>/usr/lib/python3.12/unittest/mock.py:1387: <br/>_ _ _ _ _ _ _ _ _ _ _ _ _ _ _ _ _ _ _ _ _ _ _ _ _ _ _ _ _ _ _ _ _ _ _ _ _ _ _ _ <br/>/usr/lib/python3.12/contextlib.py:137: in __enter__<br/>    return next(self.gen)<br/>/usr/lib/python3.12/unittest/mock.py:1369: in decoration_helper<br/>    arg = exit_stack.enter_context(patching)<br/>/usr/lib/python3.12/contextlib.py:526: in enter_context<br/>    result = _enter(cm)<br/>/usr/lib/python3.12/unittest/mock.py:1458: in __enter__<br/>    original, local = self.get_original()<br/>_ _ _ _ _ _ _ _ _ _ _ _ _ _ _ _ _ _ _ _ _ _ _ _ _ _ _ _ _ _ _ _ _ _ _ _ _ _ _ _ <br/><br/>self = &lt;unittest.mock._patch object at 0x715233f4e300&gt;<br/><br/>    def get_original(self):<br/>        target = self.getter()<br/>        name = self.attribute<br/>    <br/>        original = DEFAULT<br/>        local = False<br/>    <br/>        try:<br/>            original = target.__dict__[name]<br/>        except (AttributeError, KeyError):<br/>            original = getattr(target, name, DEFAULT)<br/>        else:<br/>            local = True<br/>    <br/>        if name in _builtins and isinstance(target, ModuleType):<br/>            self.create = True<br/>    <br/>        if not self.create and original is DEFAULT:<br/>&gt;           raise AttributeError(<br/>                &quot;%s does not have the attribute %r&quot; % (target, name)<br/>            )<br/><span class="error">E           AttributeError: &lt;module &#x27;src.database&#x27; from &#x27;/home/azureuser/repos/yabot/src/database/__init__.py&#x27;&gt; does not have the attribute &#x27;sqlite3&#x27;</span><br/><br/>/usr/lib/python3.12/unittest/mock.py:1431: AttributeError<br/></div></td></tr></tbody>
      <tbody class="failed results-table-row">
        <tr>
          <td class="col-result">Failed</td>
          <td class="col-name">tests/test_database.py::TestDatabaseManager::test_health_check</td>
          <td class="col-duration">0.00</td>
          <td class="col-links"></td></tr>
        <tr>
          <td class="extra" colspan="4">
            <div class="log">args = (&lt;tests.test_database.TestDatabaseManager object at 0x715233f60320&gt;,)<br/>keywargs = {}<br/><br/>    @wraps(func)<br/>    def patched(*args, **keywargs):<br/>&gt;       with self.decoration_helper(patched,<br/>                                    args,<br/>                                    keywargs) as (newargs, newkeywargs):<br/><br/>/usr/lib/python3.12/unittest/mock.py:1387: <br/>_ _ _ _ _ _ _ _ _ _ _ _ _ _ _ _ _ _ _ _ _ _ _ _ _ _ _ _ _ _ _ _ _ _ _ _ _ _ _ _ <br/>/usr/lib/python3.12/contextlib.py:137: in __enter__<br/>    return next(self.gen)<br/>/usr/lib/python3.12/unittest/mock.py:1369: in decoration_helper<br/>    arg = exit_stack.enter_context(patching)<br/>/usr/lib/python3.12/contextlib.py:526: in enter_context<br/>    result = _enter(cm)<br/>/usr/lib/python3.12/unittest/mock.py:1458: in __enter__<br/>    original, local = self.get_original()<br/>_ _ _ _ _ _ _ _ _ _ _ _ _ _ _ _ _ _ _ _ _ _ _ _ _ _ _ _ _ _ _ _ _ _ _ _ _ _ _ _ <br/><br/>self = &lt;unittest.mock._patch object at 0x715233f5eea0&gt;<br/><br/>    def get_original(self):<br/>        target = self.getter()<br/>        name = self.attribute<br/>    <br/>        original = DEFAULT<br/>        local = False<br/>    <br/>        try:<br/>            original = target.__dict__[name]<br/>        except (AttributeError, KeyError):<br/>            original = getattr(target, name, DEFAULT)<br/>        else:<br/>            local = True<br/>    <br/>        if name in _builtins and isinstance(target, ModuleType):<br/>            self.create = True<br/>    <br/>        if not self.create and original is DEFAULT:<br/>&gt;           raise AttributeError(<br/>                &quot;%s does not have the attribute %r&quot; % (target, name)<br/>            )<br/><span class="error">E           AttributeError: &lt;module &#x27;src.database&#x27; from &#x27;/home/azureuser/repos/yabot/src/database/__init__.py&#x27;&gt; does not have the attribute &#x27;sqlite3&#x27;</span><br/><br/>/usr/lib/python3.12/unittest/mock.py:1431: AttributeError<br/></div></td></tr></tbody>
      <tbody class="failed results-table-row">
        <tr>
          <td class="col-result">Failed</td>
          <td class="col-name">tests/test_integration.py::TestIntegration::test_bot_application_start_success</td>
          <td class="col-duration">0.00</td>
          <td class="col-links"></td></tr>
        <tr>
          <td class="extra" colspan="4">
            <div class="log">self = &lt;tests.test_integration.TestIntegration object at 0x71522e717ec0&gt;<br/><br/>    @pytest.mark.asyncio<br/>    @patch.dict(os.environ, {&quot;BOT_TOKEN&quot;: &quot;test_bot_token_12345&quot;}, clear=True)<br/>    async def test_bot_application_start_success(self):<br/>        &quot;&quot;&quot;Test that BotApplication starts successfully with valid configuration.&quot;&quot;&quot;<br/>        bot_app = BotApplication()<br/>    <br/>        # Mock the webhook configuration to use polling mode<br/>        with patch.object(bot_app.config_manager, &#x27;get_webhook_config&#x27;) as mock_webhook_config:<br/>            mock_webhook_config.return_value = Mock(url=&quot;&quot;)  # Empty URL means polling mode<br/>    <br/>            # Mock the setup methods to return success<br/>            with patch.object(bot_app, &#x27;_setup_polling_mode&#x27;) as mock_setup_polling:<br/>                mock_setup_polling.return_value = True<br/>    <br/>                result = await bot_app.start()<br/>    <br/>&gt;               assert result is True<br/><span class="error">E               assert False is True</span><br/><br/>tests/test_integration.py:99: AssertionError<br/> -------------------------------Captured log call-------------------------------- <br/>ERROR    src.utils.errors:errors.py:125 Error occurred: Token is invalid!
ERROR    src.core.application:application.py:128 Failed to start bot application: An unexpected error occurred. Please try again or contact support.<br/></div></td></tr></tbody>
      <tbody class="failed results-table-row">
        <tr>
          <td class="col-result">Failed</td>
          <td class="col-name">tests/database/test_manager.py::TestDatabaseManager::test_get_mongo_db_success</td>
          <td class="col-duration">0.00</td>
          <td class="col-links"></td></tr>
        <tr>
          <td class="extra" colspan="4">
            <div class="log">self = &lt;test_manager.TestDatabaseManager object at 0x71522e811c70&gt;<br/>database_manager = &lt;src.database.manager.DatabaseManager object at 0x71522e15f320&gt;<br/><br/>    def test_get_mongo_db_success(self, database_manager):<br/>        &quot;&quot;&quot;Test successful MongoDB database retrieval.&quot;&quot;&quot;<br/>        # Set up mock MongoDB client<br/>        mock_mongo_client = Mock()<br/>        mock_mongo_db = Mock()<br/>&gt;       mock_mongo_client.__getitem__.return_value = mock_mongo_db<br/><br/>tests/database/test_manager.py:288: <br/>_ _ _ _ _ _ _ _ _ _ _ _ _ _ _ _ _ _ _ _ _ _ _ _ _ _ _ _ _ _ _ _ _ _ _ _ _ _ _ _ <br/><br/>self = &lt;Mock id=&#x27;124597774447728&#x27;&gt;, name = &#x27;__getitem__&#x27;<br/><br/>    def __getattr__(self, name):<br/>        if name in {&#x27;_mock_methods&#x27;, &#x27;_mock_unsafe&#x27;}:<br/>            raise AttributeError(name)<br/>        elif self._mock_methods is not None:<br/>            if name not in self._mock_methods or name in _all_magics:<br/>                raise AttributeError(&quot;Mock object has no attribute %r&quot; % name)<br/>        elif _is_magic(name):<br/>&gt;           raise AttributeError(name)<br/><span class="error">E           AttributeError: __getitem__</span><br/><br/>/usr/lib/python3.12/unittest/mock.py:660: AttributeError<br/></div></td></tr></tbody>
      <tbody class="failed results-table-row">
        <tr>
          <td class="col-result">Failed</td>
          <td class="col-name">tests/events/test_bus.py::TestEventBus::test_close_success</td>
          <td class="col-duration">0.01</td>
          <td class="col-links"></td></tr>
        <tr>
          <td class="extra" colspan="4">
            <div class="log">self = &lt;test_bus.TestEventBus object at 0x71522e50a2a0&gt;<br/>event_bus = &lt;src.events.bus.EventBus object at 0x71522e16f200&gt;<br/><br/>    @pytest.mark.asyncio<br/>    async def test_close_success(self, event_bus):<br/>        &quot;&quot;&quot;Test successful closure of event bus connections.&quot;&quot;&quot;<br/>        # Set up mock Redis connection<br/>        mock_redis_client = AsyncMock()<br/>        mock_redis_client.close = AsyncMock()<br/>        event_bus._redis_client = mock_redis_client<br/>    <br/>        # Set up mock flush task<br/>        mock_flush_task = AsyncMock()<br/>        mock_flush_task.done.return_value = False<br/>        event_bus._flush_task = mock_flush_task<br/>    <br/>        # Add some test data to queue<br/>        event_bus._local_queue = [{&quot;test&quot;: &quot;event&quot;}]<br/>    <br/>        # Test closure with mock file persistence<br/>        with patch(&#x27;src.events.bus.open&#x27;) as mock_open, \<br/>             patch(&#x27;src.events.bus.pickle.dump&#x27;) as mock_pickle_dump:<br/>    <br/>            mock_file = MagicMock()<br/>            mock_open.return_value.__enter__.return_value = mock_file<br/>    <br/>            # Test closure<br/>            await event_bus.close()<br/>    <br/>            # Verify Redis connection was closed<br/>            assert mock_redis_client.close.called<br/>    <br/>            # Verify flush task was cancelled<br/>&gt;           assert mock_flush_task.cancel.called<br/><span class="error">E           AssertionError: assert False</span><br/><span class="error">E            +  where False = &lt;AsyncMock name=&#x27;mock.cancel&#x27; id=&#x27;124597764084928&#x27;&gt;.called</span><br/><span class="error">E            +    where &lt;AsyncMock name=&#x27;mock.cancel&#x27; id=&#x27;124597764084928&#x27;&gt; = &lt;AsyncMock id=&#x27;124597774504432&#x27;&gt;.cancel</span><br/><br/>tests/events/test_bus.py:423: AssertionError<br/></div></td></tr></tbody>
      <tbody class="failed results-table-row">
        <tr>
          <td class="col-result">Failed</td>
          <td class="col-name">tests/events/test_bus.py::TestEventBus::test_close_redis_failure</td>
          <td class="col-duration">0.01</td>
          <td class="col-links"></td></tr>
        <tr>
          <td class="extra" colspan="4">
            <div class="log">self = &lt;test_bus.TestEventBus object at 0x71522e50a270&gt;<br/>event_bus = &lt;src.events.bus.EventBus object at 0x71522e155250&gt;<br/><br/>    @pytest.mark.asyncio<br/>    async def test_close_redis_failure(self, event_bus):<br/>        &quot;&quot;&quot;Test closure when Redis connection fails.&quot;&quot;&quot;<br/>        # Set up mock Redis connection that fails to close<br/>        mock_redis_client = AsyncMock()<br/>        mock_redis_client.close = AsyncMock(side_effect=Exception(&quot;Redis close error&quot;))<br/>        event_bus._redis_client = mock_redis_client<br/>    <br/>        # Set up mock flush task<br/>        mock_flush_task = AsyncMock()<br/>        mock_flush_task.done.return_value = False<br/>        event_bus._flush_task = mock_flush_task<br/>    <br/>        # Test closure (should not raise exception even with Redis failure)<br/>        with patch(&#x27;src.events.bus.open&#x27;), patch(&#x27;src.events.bus.pickle.dump&#x27;):<br/>            await event_bus.close()<br/>    <br/>        # Verify Redis close was attempted<br/>        assert mock_redis_client.close.called<br/>    <br/>        # Verify flush task was cancelled<br/>&gt;       assert mock_flush_task.cancel.called<br/><span class="error">E       AssertionError: assert False</span><br/><span class="error">E        +  where False = &lt;AsyncMock name=&#x27;mock.cancel&#x27; id=&#x27;124597774967744&#x27;&gt;.called</span><br/><span class="error">E        +    where &lt;AsyncMock name=&#x27;mock.cancel&#x27; id=&#x27;124597774967744&#x27;&gt; = &lt;AsyncMock id=&#x27;124597774409728&#x27;&gt;.cancel</span><br/><br/>tests/events/test_bus.py:453: AssertionError<br/> -------------------------------Captured log call-------------------------------- <br/>ERROR    src.events.bus:bus.py:371 Error closing Redis connection: Redis close error<br/></div></td></tr></tbody>
      <tbody class="failed results-table-row">
        <tr>
          <td class="col-result">Failed</td>
          <td class="col-name">tests/events/test_bus.py::TestEventBusIntegration::test_event_bus_properties</td>
          <td class="col-duration">0.00</td>
          <td class="col-links"></td></tr>
        <tr>
          <td class="extra" colspan="4">
            <div class="log">self = &lt;test_bus.TestEventBusIntegration object at 0x71522e50ac00&gt;<br/>temp_event_bus = &lt;async_generator object TestEventBusIntegration.temp_event_bus at 0x71522e145e40&gt;<br/><br/>    def test_event_bus_properties(self, temp_event_bus):<br/>        &quot;&quot;&quot;Test that EventBus has all required properties.&quot;&quot;&quot;<br/>        event_bus = temp_event_bus<br/>    <br/>        # Test that all required attributes exist<br/>&gt;       assert hasattr(event_bus, &#x27;_redis_client&#x27;)<br/><span class="error">E       AssertionError: assert False</span><br/><span class="error">E        +  where False = hasattr(&lt;async_generator object TestEventBusIntegration.temp_event_bus at 0x71522e145e40&gt;, &#x27;_redis_client&#x27;)</span><br/><br/>tests/events/test_bus.py:592: AssertionError<br/></div></td></tr></tbody>
      <tbody class="failed results-table-row">
        <tr>
          <td class="col-result">Failed</td>
          <td class="col-name">tests/events/test_bus.py::test_event_bus_with_event_models</td>
          <td class="col-duration">0.00</td>
          <td class="col-links"></td></tr>
        <tr>
          <td class="extra" colspan="4">
            <div class="log">def test_event_bus_with_event_models():<br/>        &quot;&quot;&quot;Test EventBus integration with event models.&quot;&quot;&quot;<br/>        # Create an event using the event models<br/>        event = create_event(<br/>            &quot;user_interaction&quot;,<br/>            user_id=&quot;test_user_123&quot;,<br/>            action=&quot;start&quot;,<br/>            context={&quot;source&quot;: &quot;test&quot;}<br/>        )<br/>    <br/>        # Verify event was created correctly<br/>        assert isinstance(event, BaseEvent)<br/>        assert event.event_type == &quot;user_interaction&quot;<br/>        assert event.user_id == &quot;test_user_123&quot;<br/>        assert event.action == &quot;start&quot;<br/>&gt;       assert &quot;context&quot; in event.payload<br/><span class="error">E       AssertionError: assert &#x27;context&#x27; in {}</span><br/><span class="error">E        +  where {} = UserInteractionEvent(event_id=&#x27;c8ba10f9-1b1c-4e64-b765-378339c964a8&#x27;, event_type=&#x27;user_interaction&#x27;, timestamp=datetim...723d1cfc-4e6d-44cd-b0f8-3f61a03abac1&#x27;, user_id=&#x27;test_user_123&#x27;, payload={}, action=&#x27;start&#x27;, context={&#x27;source&#x27;: &#x27;test&#x27;}).payload</span><br/><br/>tests/events/test_bus.py:675: AssertionError<br/></div></td></tr></tbody>
      <tbody class="failed results-table-row">
        <tr>
          <td class="col-result">Failed</td>
          <td class="col-name">tests/integration/test_app_integration.py::TestBotApplicationIntegration::test_full_application_lifecycle</td>
          <td class="col-duration">40.18</td>
          <td class="col-links"></td></tr>
        <tr>
          <td class="extra" colspan="4">
            <div class="log">self = &lt;tests.integration.test_app_integration.TestBotApplicationIntegration object at 0x71522e335430&gt;<br/>bot_app = &lt;src.core.application.BotApplication object at 0x71522d751f10&gt;<br/>mock_env_vars = {&#x27;BOT_TOKEN&#x27;: &#x27;1234567890:AAHdqTcvCH1vGWJxfSeofSAs0K5PALDsaw&#x27;, &#x27;LOG_LEVEL&#x27;: &#x27;DEBUG&#x27;, &#x27;WEBHOOK_URL&#x27;: &#x27;https://example.com/webhook&#x27;}<br/><br/>    @pytest.mark.integration<br/>    @pytest.mark.asyncio<br/>    async def test_full_application_lifecycle(self, bot_app, mock_env_vars):<br/>        &quot;&quot;&quot;Test the complete application lifecycle.&quot;&quot;&quot;<br/>        with patch.dict(&#x27;os.environ&#x27;, mock_env_vars):<br/>            # Test initialization<br/>            assert bot_app is not None<br/>            assert not bot_app.is_running<br/>    <br/>            # Test startup<br/>            with patch.object(bot_app.config_manager, &#x27;validate_config&#x27;, return_value=True):<br/>                success = await bot_app.start()<br/>                assert success<br/>                assert bot_app.is_running<br/>    <br/>            # Test processing update<br/>            test_update = SecureTestDataFactory.create_test_webhook_payload()<br/>            response = await bot_app.process_update(test_update)<br/>    <br/>            # Test shutdown<br/>            success = await bot_app.stop()<br/>&gt;           assert success<br/><span class="error">E           assert False</span><br/><br/>tests/integration/test_app_integration.py:51: AssertionError<br/> -------------------------------Captured log call-------------------------------- <br/>WARNING  src.database.manager:manager.py:110 MongoDB connection attempt 1 failed: localhost:27017: [Errno 111] Connection refused (configured timeouts: socketTimeoutMS: 5000.0ms, connectTimeoutMS: 5000.0ms), Timeout: 5.0s, Topology Description: &lt;TopologyDescription id: 68cd9e1285f7052c45588d6b, topology_type: Unknown, servers: [&lt;ServerDescription (&#x27;localhost&#x27;, 27017) server_type: Unknown, rtt: None, error=AutoReconnect(&#x27;localhost:27017: [Errno 111] Connection refused (configured timeouts: socketTimeoutMS: 5000.0ms, connectTimeoutMS: 5000.0ms)&#x27;)&gt;]&gt;
WARNING  src.database.manager:manager.py:110 MongoDB connection attempt 2 failed: localhost:27017: [Errno 111] Connection refused (configured timeouts: socketTimeoutMS: 5000.0ms, connectTimeoutMS: 5000.0ms), Timeout: 5.0s, Topology Description: &lt;TopologyDescription id: 68cd9e1885f7052c45588d6c, topology_type: Unknown, servers: [&lt;ServerDescription (&#x27;localhost&#x27;, 27017) server_type: Unknown, rtt: None, error=AutoReconnect(&#x27;localhost:27017: [Errno 111] Connection refused (configured timeouts: socketTimeoutMS: 5000.0ms, connectTimeoutMS: 5000.0ms)&#x27;)&gt;]&gt;
WARNING  src.database.manager:manager.py:110 MongoDB connection attempt 3 failed: localhost:27017: [Errno 111] Connection refused (configured timeouts: socketTimeoutMS: 5000.0ms, connectTimeoutMS: 5000.0ms), Timeout: 5.0s, Topology Description: &lt;TopologyDescription id: 68cd9e1f85f7052c45588d6d, topology_type: Unknown, servers: [&lt;ServerDescription (&#x27;localhost&#x27;, 27017) server_type: Unknown, rtt: None, error=AutoReconnect(&#x27;localhost:27017: [Errno 111] Connection refused (configured timeouts: socketTimeoutMS: 5000.0ms, connectTimeoutMS: 5000.0ms)&#x27;)&gt;]&gt;
WARNING  src.database.manager:manager.py:110 MongoDB connection attempt 4 failed: localhost:27017: [Errno 111] Connection refused (configured timeouts: socketTimeoutMS: 5000.0ms, connectTimeoutMS: 5000.0ms), Timeout: 5.0s, Topology Description: &lt;TopologyDescription id: 68cd9e2885f7052c45588d6e, topology_type: Unknown, servers: [&lt;ServerDescription (&#x27;localhost&#x27;, 27017) server_type: Unknown, rtt: None, error=AutoReconnect(&#x27;localhost:27017: [Errno 111] Connection refused (configured timeouts: socketTimeoutMS: 5000.0ms, connectTimeoutMS: 5000.0ms)&#x27;)&gt;]&gt;
WARNING  src.database.manager:manager.py:110 MongoDB connection attempt 5 failed: localhost:27017: [Errno 111] Connection refused (configured timeouts: socketTimeoutMS: 5000.0ms, connectTimeoutMS: 5000.0ms), Timeout: 5.0s, Topology Description: &lt;TopologyDescription id: 68cd9e3585f7052c45588d6f, topology_type: Unknown, servers: [&lt;ServerDescription (&#x27;localhost&#x27;, 27017) server_type: Unknown, rtt: None, error=AutoReconnect(&#x27;localhost:27017: [Errno 111] Connection refused (configured timeouts: socketTimeoutMS: 5000.0ms, connectTimeoutMS: 5000.0ms)&#x27;)&gt;]&gt;
ERROR    src.database.manager:manager.py:122 Max retries exceeded for MongoDB connection
ERROR    src.database.manager:manager.py:58 Failed to connect to MongoDB
ERROR    src.core.application:application.py:367 Failed to connect to databases
WARNING  src.events.bus:bus.py:212 Failed to publish to Redis: Object of type datetime is not JSON serializable
ERROR    src.utils.errors:errors.py:125 Error occurred: Polling is not started
ERROR    src.core.application:application.py:168 Error during bot shutdown: An unexpected error occurred. Please try again or contact support.<br/></div></td></tr></tbody>
      <tbody class="skipped results-table-row">
        <tr>
          <td class="col-result">Skipped</td>
          <td class="col-name">tests/test_database.py::TestDatabaseManager::test_close_all</td>
          <td class="col-duration">0.00</td>
          <td class="col-links"></td></tr>
        <tr>
          <td class="extra" colspan="4">
            <div class="log">(&#x27;/home/azureuser/repos/yabot/venv/lib/python3.12/site-packages/_pytest/python.py&#x27;, 184, &#x27;Skipped: async def function and no async plugin installed (see warnings)&#x27;)<br/></div></td></tr></tbody>
      <tbody class="skipped results-table-row">
        <tr>
          <td class="col-result">Skipped</td>
          <td class="col-name">tests/test_database_manager.py::test_database_manager</td>
          <td class="col-duration">0.00</td>
          <td class="col-links"></td></tr>
        <tr>
          <td class="extra" colspan="4">
            <div class="log">(&#x27;/home/azureuser/repos/yabot/venv/lib/python3.12/site-packages/_pytest/python.py&#x27;, 184, &#x27;Skipped: async def function and no async plugin installed (see warnings)&#x27;)<br/></div></td></tr></tbody>
      <tbody class="skipped results-table-row">
        <tr>
          <td class="col-result">Skipped</td>
          <td class="col-name">tests/test_event_bus.py::test_event_bus_connect_success</td>
          <td class="col-duration">0.00</td>
          <td class="col-links"></td></tr>
        <tr>
          <td class="extra" colspan="4">
            <div class="log">(&#x27;/home/azureuser/repos/yabot/venv/lib/python3.12/site-packages/_pytest/python.py&#x27;, 184, &#x27;Skipped: async def function and no async plugin installed (see warnings)&#x27;)<br/></div></td></tr></tbody>
      <tbody class="skipped results-table-row">
        <tr>
          <td class="col-result">Skipped</td>
          <td class="col-name">tests/test_event_bus.py::test_event_bus_connect_failure</td>
          <td class="col-duration">0.00</td>
          <td class="col-links"></td></tr>
        <tr>
          <td class="extra" colspan="4">
            <div class="log">(&#x27;/home/azureuser/repos/yabot/venv/lib/python3.12/site-packages/_pytest/python.py&#x27;, 184, &#x27;Skipped: async def function and no async plugin installed (see warnings)&#x27;)<br/></div></td></tr></tbody>
      <tbody class="skipped results-table-row">
        <tr>
          <td class="col-result">Skipped</td>
          <td class="col-name">tests/test_event_bus.py::test_publish_success</td>
          <td class="col-duration">0.00</td>
          <td class="col-links"></td></tr>
        <tr>
          <td class="extra" colspan="4">
            <div class="log">(&#x27;/home/azureuser/repos/yabot/venv/lib/python3.12/site-packages/_pytest/python.py&#x27;, 184, &#x27;Skipped: async def function and no async plugin installed (see warnings)&#x27;)<br/></div></td></tr></tbody>
      <tbody class="skipped results-table-row">
        <tr>
          <td class="col-result">Skipped</td>
          <td class="col-name">tests/test_event_bus.py::test_publish_redis_failure_queue_locally</td>
          <td class="col-duration">0.00</td>
          <td class="col-links"></td></tr>
        <tr>
          <td class="extra" colspan="4">
            <div class="log">(&#x27;/home/azureuser/repos/yabot/venv/lib/python3.12/site-packages/_pytest/python.py&#x27;, 184, &#x27;Skipped: async def function and no async plugin installed (see warnings)&#x27;)<br/></div></td></tr></tbody>
      <tbody class="skipped results-table-row">
        <tr>
          <td class="col-result">Skipped</td>
          <td class="col-name">tests/test_event_bus.py::test_subscribe</td>
          <td class="col-duration">0.00</td>
          <td class="col-links"></td></tr>
        <tr>
          <td class="extra" colspan="4">
            <div class="log">(&#x27;/home/azureuser/repos/yabot/venv/lib/python3.12/site-packages/_pytest/python.py&#x27;, 184, &#x27;Skipped: async def function and no async plugin installed (see warnings)&#x27;)<br/></div></td></tr></tbody>
      <tbody class="skipped results-table-row">
        <tr>
          <td class="col-result">Skipped</td>
          <td class="col-name">tests/test_event_bus.py::test_health_check</td>
          <td class="col-duration">0.00</td>
          <td class="col-links"></td></tr>
        <tr>
          <td class="extra" colspan="4">
            <div class="log">(&#x27;/home/azureuser/repos/yabot/venv/lib/python3.12/site-packages/_pytest/python.py&#x27;, 184, &#x27;Skipped: async def function and no async plugin installed (see warnings)&#x27;)<br/></div></td></tr></tbody>
      <tbody class="skipped results-table-row">
        <tr>
          <td class="col-result">Skipped</td>
          <td class="col-name">tests/test_event_bus.py::test_close</td>
          <td class="col-duration">0.00</td>
          <td class="col-links"></td></tr>
        <tr>
          <td class="extra" colspan="4">
            <div class="log">(&#x27;/home/azureuser/repos/yabot/venv/lib/python3.12/site-packages/_pytest/python.py&#x27;, 184, &#x27;Skipped: async def function and no async plugin installed (see warnings)&#x27;)<br/></div></td></tr></tbody>
      <tbody class="skipped results-table-row">
        <tr>
          <td class="col-result">Skipped</td>
          <td class="col-name">tests/test_event_bus.py::test_queue_locally</td>
          <td class="col-duration">0.00</td>
          <td class="col-links"></td></tr>
        <tr>
          <td class="extra" colspan="4">
            <div class="log">(&#x27;/home/azureuser/repos/yabot/venv/lib/python3.12/site-packages/_pytest/python.py&#x27;, 184, &#x27;Skipped: async def function and no async plugin installed (see warnings)&#x27;)<br/></div></td></tr></tbody>
      <tbody class="skipped results-table-row">
        <tr>
          <td class="col-result">Skipped</td>
          <td class="col-name">tests/test_event_bus.py::test_process_local_queue</td>
          <td class="col-duration">0.00</td>
          <td class="col-links"></td></tr>
        <tr>
          <td class="extra" colspan="4">
            <div class="log">(&#x27;/home/azureuser/repos/yabot/venv/lib/python3.12/site-packages/_pytest/python.py&#x27;, 184, &#x27;Skipped: async def function and no async plugin installed (see warnings)&#x27;)<br/></div></td></tr></tbody>
      <tbody class="skipped results-table-row">
        <tr>
          <td class="col-result">Skipped</td>
          <td class="col-name">tests/test_event_processor.py::test_event_processor_start_processing</td>
          <td class="col-duration">0.00</td>
          <td class="col-links"></td></tr>
        <tr>
          <td class="extra" colspan="4">
            <div class="log">(&#x27;/home/azureuser/repos/yabot/venv/lib/python3.12/site-packages/_pytest/python.py&#x27;, 184, &#x27;Skipped: async def function and no async plugin installed (see warnings)&#x27;)<br/></div></td></tr></tbody>
      <tbody class="skipped results-table-row">
        <tr>
          <td class="col-result">Skipped</td>
          <td class="col-name">tests/test_event_processor.py::test_event_processor_stop_processing</td>
          <td class="col-duration">0.00</td>
          <td class="col-links"></td></tr>
        <tr>
          <td class="extra" colspan="4">
            <div class="log">(&#x27;/home/azureuser/repos/yabot/venv/lib/python3.12/site-packages/_pytest/python.py&#x27;, 184, &#x27;Skipped: async def function and no async plugin installed (see warnings)&#x27;)<br/></div></td></tr></tbody>
      <tbody class="skipped results-table-row">
        <tr>
          <td class="col-result">Skipped</td>
          <td class="col-name">tests/test_event_processor.py::test_register_handler</td>
          <td class="col-duration">0.00</td>
          <td class="col-links"></td></tr>
        <tr>
          <td class="extra" colspan="4">
            <div class="log">(&#x27;/home/azureuser/repos/yabot/venv/lib/python3.12/site-packages/_pytest/python.py&#x27;, 184, &#x27;Skipped: async def function and no async plugin installed (see warnings)&#x27;)<br/></div></td></tr></tbody>
      <tbody class="skipped results-table-row">
        <tr>
          <td class="col-result">Skipped</td>
          <td class="col-name">tests/test_event_processor.py::test_handle_subscription_updated</td>
          <td class="col-duration">0.00</td>
          <td class="col-links"></td></tr>
        <tr>
          <td class="extra" colspan="4">
            <div class="log">(&#x27;/home/azureuser/repos/yabot/venv/lib/python3.12/site-packages/_pytest/python.py&#x27;, 184, &#x27;Skipped: async def function and no async plugin installed (see warnings)&#x27;)<br/></div></td></tr></tbody>
      <tbody class="skipped results-table-row">
        <tr>
          <td class="col-result">Skipped</td>
          <td class="col-name">tests/test_event_processor.py::test_handle_user_registered</td>
          <td class="col-duration">0.00</td>
          <td class="col-links"></td></tr>
        <tr>
          <td class="extra" colspan="4">
            <div class="log">(&#x27;/home/azureuser/repos/yabot/venv/lib/python3.12/site-packages/_pytest/python.py&#x27;, 184, &#x27;Skipped: async def function and no async plugin installed (see warnings)&#x27;)<br/></div></td></tr></tbody>
      <tbody class="skipped results-table-row">
        <tr>
          <td class="col-result">Skipped</td>
          <td class="col-name">tests/test_event_processor.py::test_handle_user_deleted</td>
          <td class="col-duration">0.00</td>
          <td class="col-links"></td></tr>
        <tr>
          <td class="extra" colspan="4">
            <div class="log">(&#x27;/home/azureuser/repos/yabot/venv/lib/python3.12/site-packages/_pytest/python.py&#x27;, 184, &#x27;Skipped: async def function and no async plugin installed (see warnings)&#x27;)<br/></div></td></tr></tbody>
      <tbody class="skipped results-table-row">
        <tr>
          <td class="col-result">Skipped</td>
          <td class="col-name">tests/test_event_processor.py::test_handle_besitos_awarded</td>
          <td class="col-duration">0.00</td>
          <td class="col-links"></td></tr>
        <tr>
          <td class="extra" colspan="4">
            <div class="log">(&#x27;/home/azureuser/repos/yabot/venv/lib/python3.12/site-packages/_pytest/python.py&#x27;, 184, &#x27;Skipped: async def function and no async plugin installed (see warnings)&#x27;)<br/></div></td></tr></tbody>
      <tbody class="skipped results-table-row">
        <tr>
          <td class="col-result">Skipped</td>
          <td class="col-name">tests/test_event_processor.py::test_handle_vip_access_granted</td>
          <td class="col-duration">0.00</td>
          <td class="col-links"></td></tr>
        <tr>
          <td class="extra" colspan="4">
            <div class="log">(&#x27;/home/azureuser/repos/yabot/venv/lib/python3.12/site-packages/_pytest/python.py&#x27;, 184, &#x27;Skipped: async def function and no async plugin installed (see warnings)&#x27;)<br/></div></td></tr></tbody>
      <tbody class="skipped results-table-row">
        <tr>
          <td class="col-result">Skipped</td>
          <td class="col-name">tests/test_event_processor.py::test_process_subscription_update</td>
          <td class="col-duration">0.00</td>
          <td class="col-links"></td></tr>
        <tr>
          <td class="extra" colspan="4">
            <div class="log">(&#x27;/home/azureuser/repos/yabot/venv/lib/python3.12/site-packages/_pytest/python.py&#x27;, 184, &#x27;Skipped: async def function and no async plugin installed (see warnings)&#x27;)<br/></div></td></tr></tbody>
      <tbody class="skipped results-table-row">
        <tr>
          <td class="col-result">Skipped</td>
          <td class="col-name">tests/test_event_processor.py::test_process_user_registration</td>
          <td class="col-duration">0.00</td>
          <td class="col-links"></td></tr>
        <tr>
          <td class="extra" colspan="4">
            <div class="log">(&#x27;/home/azureuser/repos/yabot/venv/lib/python3.12/site-packages/_pytest/python.py&#x27;, 184, &#x27;Skipped: async def function and no async plugin installed (see warnings)&#x27;)<br/></div></td></tr></tbody>
      <tbody class="skipped results-table-row">
        <tr>
          <td class="col-result">Skipped</td>
          <td class="col-name">tests/test_event_processor.py::test_process_user_deletion</td>
          <td class="col-duration">0.00</td>
          <td class="col-links"></td></tr>
        <tr>
          <td class="extra" colspan="4">
            <div class="log">(&#x27;/home/azureuser/repos/yabot/venv/lib/python3.12/site-packages/_pytest/python.py&#x27;, 184, &#x27;Skipped: async def function and no async plugin installed (see warnings)&#x27;)<br/></div></td></tr></tbody>
      <tbody class="skipped results-table-row">
        <tr>
          <td class="col-result">Skipped</td>
          <td class="col-name">tests/test_event_processor.py::test_process_besitos_award</td>
          <td class="col-duration">0.00</td>
          <td class="col-links"></td></tr>
        <tr>
          <td class="extra" colspan="4">
            <div class="log">(&#x27;/home/azureuser/repos/yabot/venv/lib/python3.12/site-packages/_pytest/python.py&#x27;, 184, &#x27;Skipped: async def function and no async plugin installed (see warnings)&#x27;)<br/></div></td></tr></tbody>
      <tbody class="skipped results-table-row">
        <tr>
          <td class="col-result">Skipped</td>
          <td class="col-name">tests/test_event_processor.py::test_process_vip_access_grant</td>
          <td class="col-duration">0.00</td>
          <td class="col-links"></td></tr>
        <tr>
          <td class="extra" colspan="4">
            <div class="log">(&#x27;/home/azureuser/repos/yabot/venv/lib/python3.12/site-packages/_pytest/python.py&#x27;, 184, &#x27;Skipped: async def function and no async plugin installed (see warnings)&#x27;)<br/></div></td></tr></tbody>
      <tbody class="skipped results-table-row">
        <tr>
          <td class="col-result">Skipped</td>
          <td class="col-name">tests/test_event_processor.py::test_add_to_dead_letter_queue</td>
          <td class="col-duration">0.00</td>
          <td class="col-links"></td></tr>
        <tr>
          <td class="extra" colspan="4">
            <div class="log">(&#x27;/home/azureuser/repos/yabot/venv/lib/python3.12/site-packages/_pytest/python.py&#x27;, 184, &#x27;Skipped: async def function and no async plugin installed (see warnings)&#x27;)<br/></div></td></tr></tbody>
      <tbody class="skipped results-table-row">
        <tr>
          <td class="col-result">Skipped</td>
          <td class="col-name">tests/test_event_processor.py::test_handle_processing_failure</td>
          <td class="col-duration">0.00</td>
          <td class="col-links"></td></tr>
        <tr>
          <td class="extra" colspan="4">
            <div class="log">(&#x27;/home/azureuser/repos/yabot/venv/lib/python3.12/site-packages/_pytest/python.py&#x27;, 184, &#x27;Skipped: async def function and no async plugin installed (see warnings)&#x27;)<br/></div></td></tr></tbody>
      <tbody class="skipped results-table-row">
        <tr>
          <td class="col-result">Skipped</td>
          <td class="col-name">tests/test_event_processor.py::test_health_check</td>
          <td class="col-duration">0.00</td>
          <td class="col-links"></td></tr>
        <tr>
          <td class="extra" colspan="4">
            <div class="log">(&#x27;/home/azureuser/repos/yabot/venv/lib/python3.12/site-packages/_pytest/python.py&#x27;, 184, &#x27;Skipped: async def function and no async plugin installed (see warnings)&#x27;)<br/></div></td></tr></tbody>
      <tbody class="skipped results-table-row">
        <tr>
          <td class="col-result">Skipped</td>
          <td class="col-name">tests/test_event_processor.py::test_create_event_processor</td>
          <td class="col-duration">0.00</td>
          <td class="col-links"></td></tr>
        <tr>
          <td class="extra" colspan="4">
            <div class="log">(&#x27;/home/azureuser/repos/yabot/venv/lib/python3.12/site-packages/_pytest/python.py&#x27;, 184, &#x27;Skipped: async def function and no async plugin installed (see warnings)&#x27;)<br/></div></td></tr></tbody>
      <tbody class="skipped results-table-row">
        <tr>
          <td class="col-result">Skipped</td>
          <td class="col-name">tests/test_mongodb_handler.py::test_initialize_collections</td>
          <td class="col-duration">0.00</td>
          <td class="col-links"></td></tr>
        <tr>
          <td class="extra" colspan="4">
            <div class="log">(&#x27;/home/azureuser/repos/yabot/venv/lib/python3.12/site-packages/_pytest/python.py&#x27;, 184, &#x27;Skipped: async def function and no async plugin installed (see warnings)&#x27;)<br/></div></td></tr></tbody>
      <tbody class="skipped results-table-row">
        <tr>
          <td class="col-result">Skipped</td>
          <td class="col-name">tests/test_mongodb_handler.py::test_initialize_collections_error</td>
          <td class="col-duration">0.00</td>
          <td class="col-links"></td></tr>
        <tr>
          <td class="extra" colspan="4">
            <div class="log">(&#x27;/home/azureuser/repos/yabot/venv/lib/python3.12/site-packages/_pytest/python.py&#x27;, 184, &#x27;Skipped: async def function and no async plugin installed (see warnings)&#x27;)<br/></div></td></tr></tbody>
      <tbody class="skipped results-table-row">
        <tr>
          <td class="col-result">Skipped</td>
          <td class="col-name">tests/integration/test_app_integration.py::TestBotApplicationIntegration::test_performance_under_load</td>
          <td class="col-duration">0.00</td>
          <td class="col-links"></td></tr>
        <tr>
          <td class="extra" colspan="4">
            <div class="log">(&#x27;/home/azureuser/repos/yabot/venv/lib/python3.12/site-packages/_pytest/python.py&#x27;, 184, &#x27;Skipped: async def function and no async plugin installed (see warnings)&#x27;)<br/></div></td></tr></tbody>
      <tbody class="passed results-table-row">
        <tr>
          <td class="col-result">Passed</td>
          <td class="col-name">tests/test_api_server.py::TestAPIServer::test_api_server_initialization</td>
          <td class="col-duration">0.13</td>
          <td class="col-links"></td></tr>
        <tr>
          <td class="extra" colspan="4">
            <div class="empty log">No log output captured.</div></td></tr></tbody>
      <tbody class="passed results-table-row">
        <tr>
          <td class="col-result">Passed</td>
          <td class="col-name">tests/test_api_server.py::TestAPIServer::test_health_check_endpoint</td>
          <td class="col-duration">0.10</td>
          <td class="col-links"></td></tr>
        <tr>
          <td class="extra" colspan="4">
            <div class="empty log">No log output captured.</div></td></tr></tbody>
      <tbody class="passed results-table-row">
        <tr>
          <td class="col-result">Passed</td>
          <td class="col-name">tests/test_api_server.py::TestAPIServer::test_api_info_endpoint</td>
          <td class="col-duration">0.00</td>
          <td class="col-links"></td></tr>
        <tr>
          <td class="extra" colspan="4">
            <div class="empty log">No log output captured.</div></td></tr></tbody>
      <tbody class="passed results-table-row">
        <tr>
          <td class="col-result">Passed</td>
          <td class="col-name">tests/test_api_server.py::TestAPIServer::test_protected_health_check_without_auth</td>
          <td class="col-duration">0.00</td>
          <td class="col-links"></td></tr>
        <tr>
          <td class="extra" colspan="4">
            <div class="empty log">No log output captured.</div></td></tr></tbody>
      <tbody class="passed results-table-row">
        <tr>
          <td class="col-result">Passed</td>
          <td class="col-name">tests/test_api_server.py::TestAPIServer::test_protected_health_check_with_invalid_auth</td>
          <td class="col-duration">0.00</td>
          <td class="col-links"></td></tr>
        <tr>
          <td class="extra" colspan="4">
            <div class="empty log">No log output captured.</div></td></tr></tbody>
      <tbody class="passed results-table-row">
        <tr>
          <td class="col-result">Passed</td>
          <td class="col-name">tests/test_api_server.py::TestAPIServer::test_get_api_config</td>
          <td class="col-duration">0.00</td>
          <td class="col-links"></td></tr>
        <tr>
          <td class="extra" colspan="4">
            <div class="empty log">No log output captured.</div></td></tr></tbody>
      <tbody class="passed results-table-row">
        <tr>
          <td class="col-result">Passed</td>
          <td class="col-name">tests/test_auth_service.py::TestJWTAuthService::test_create_service_token</td>
          <td class="col-duration">0.00</td>
          <td class="col-links"></td></tr>
        <tr>
          <td class="extra" colspan="4">
            <div class="log"> ------------------------------Captured stdout call------------------------------ <br/>2025-09-19 18:16:28 [info     ] Created JWT token for service  service_name=test-service
<br/></div></td></tr></tbody>
      <tbody class="passed results-table-row">
        <tr>
          <td class="col-result">Passed</td>
          <td class="col-name">tests/test_auth_service.py::TestJWTAuthService::test_create_service_token_requires_service_name</td>
          <td class="col-duration">0.00</td>
          <td class="col-links"></td></tr>
        <tr>
          <td class="extra" colspan="4">
            <div class="empty log">No log output captured.</div></td></tr></tbody>
      <tbody class="passed results-table-row">
        <tr>
          <td class="col-result">Passed</td>
          <td class="col-name">tests/test_auth_service.py::TestJWTAuthService::test_validate_token_success</td>
          <td class="col-duration">0.00</td>
          <td class="col-links"></td></tr>
        <tr>
          <td class="extra" colspan="4">
            <div class="log"> ------------------------------Captured stdout call------------------------------ <br/>2025-09-19 18:16:28 [info     ] Created JWT token for service  service_name=test-service
2025-09-19 18:16:28 [info     ] Validated JWT token            subject=test-service
<br/></div></td></tr></tbody>
      <tbody class="passed results-table-row">
        <tr>
          <td class="col-result">Passed</td>
          <td class="col-name">tests/test_auth_service.py::TestJWTAuthService::test_validate_token_expired</td>
          <td class="col-duration">0.00</td>
          <td class="col-links"></td></tr>
        <tr>
          <td class="extra" colspan="4">
            <div class="log"> ------------------------------Captured stdout call------------------------------ <br/>2025-09-19 18:16:28 [warning  ] JWT token validation failed: Token has expired
<br/></div></td></tr></tbody>
      <tbody class="passed results-table-row">
        <tr>
          <td class="col-result">Passed</td>
          <td class="col-name">tests/test_auth_service.py::TestJWTAuthService::test_get_token_expiration</td>
          <td class="col-duration">0.00</td>
          <td class="col-links"></td></tr>
        <tr>
          <td class="extra" colspan="4">
            <div class="log"> ------------------------------Captured stdout call------------------------------ <br/>2025-09-19 18:16:28 [info     ] Created JWT token for service  service_name=test-service
<br/></div></td></tr></tbody>
      <tbody class="passed results-table-row">
        <tr>
          <td class="col-result">Passed</td>
          <td class="col-name">tests/test_auth_service.py::TestJWTAuthService::test_get_token_expiration_invalid_token</td>
          <td class="col-duration">0.00</td>
          <td class="col-links"></td></tr>
        <tr>
          <td class="extra" colspan="4">
            <div class="log"> ------------------------------Captured stdout call------------------------------ <br/>2025-09-19 18:16:28 [warning  ] Failed to extract expiration from token error=&quot;Invalid header string: &#x27;utf-8&#x27; codec can&#x27;t decode byte 0x8a in position 0: invalid start byte&quot;
<br/></div></td></tr></tbody>
      <tbody class="passed results-table-row">
        <tr>
          <td class="col-result">Passed</td>
          <td class="col-name">tests/test_commands.py::TestCommandHandler::test_init</td>
          <td class="col-duration">0.00</td>
          <td class="col-links"></td></tr>
        <tr>
          <td class="extra" colspan="4">
            <div class="empty log">No log output captured.</div></td></tr></tbody>
      <tbody class="passed results-table-row">
        <tr>
          <td class="col-result">Passed</td>
          <td class="col-name">tests/test_commands.py::TestCommandHandler::test_handle_start</td>
          <td class="col-duration">0.00</td>
          <td class="col-links"></td></tr>
        <tr>
          <td class="extra" colspan="4">
            <div class="log"> ------------------------------Captured stdout call------------------------------ <br/>2025-09-19 18:16:28 [info     ] Processing /start command
<br/></div></td></tr></tbody>
      <tbody class="passed results-table-row">
        <tr>
          <td class="col-result">Passed</td>
          <td class="col-name">tests/test_commands.py::TestCommandHandler::test_handle_menu</td>
          <td class="col-duration">0.00</td>
          <td class="col-links"></td></tr>
        <tr>
          <td class="extra" colspan="4">
            <div class="log"> ------------------------------Captured stdout call------------------------------ <br/>2025-09-19 18:16:28 [info     ] Processing /menu command
<br/></div></td></tr></tbody>
      <tbody class="passed results-table-row">
        <tr>
          <td class="col-result">Passed</td>
          <td class="col-name">tests/test_commands.py::TestCommandHandler::test_handle_help</td>
          <td class="col-duration">0.00</td>
          <td class="col-links"></td></tr>
        <tr>
          <td class="extra" colspan="4">
            <div class="log"> ------------------------------Captured stdout call------------------------------ <br/>2025-09-19 18:16:28 [info     ] Processing /help command
<br/></div></td></tr></tbody>
      <tbody class="passed results-table-row">
        <tr>
          <td class="col-result">Passed</td>
          <td class="col-name">tests/test_commands.py::TestCommandHandler::test_handle_unknown</td>
          <td class="col-duration">0.00</td>
          <td class="col-links"></td></tr>
        <tr>
          <td class="extra" colspan="4">
            <div class="log"> ------------------------------Captured stdout call------------------------------ <br/>2025-09-19 18:16:28 [info     ] Processing unknown command
<br/></div></td></tr></tbody>
      <tbody class="passed results-table-row">
        <tr>
          <td class="col-result">Passed</td>
          <td class="col-name">tests/test_commands.py::TestCommandHandler::test_create_response</td>
          <td class="col-duration">0.00</td>
          <td class="col-links"></td></tr>
        <tr>
          <td class="extra" colspan="4">
            <div class="empty log">No log output captured.</div></td></tr></tbody>
      <tbody class="passed results-table-row">
        <tr>
          <td class="col-result">Passed</td>
          <td class="col-name">tests/test_commands.py::TestCommandHandler::test_create_response_with_custom_params</td>
          <td class="col-duration">0.00</td>
          <td class="col-links"></td></tr>
        <tr>
          <td class="extra" colspan="4">
            <div class="empty log">No log output captured.</div></td></tr></tbody>
      <tbody class="passed results-table-row">
        <tr>
          <td class="col-result">Passed</td>
          <td class="col-name">tests/test_config.py::TestConfigManager::test_init</td>
          <td class="col-duration">0.00</td>
          <td class="col-links"></td></tr>
        <tr>
          <td class="extra" colspan="4">
            <div class="empty log">No log output captured.</div></td></tr></tbody>
      <tbody class="passed results-table-row">
        <tr>
          <td class="col-result">Passed</td>
          <td class="col-name">tests/test_config.py::TestConfigManager::test_get_bot_token</td>
          <td class="col-duration">0.00</td>
          <td class="col-links"></td></tr>
        <tr>
          <td class="extra" colspan="4">
            <div class="empty log">No log output captured.</div></td></tr></tbody>
      <tbody class="passed results-table-row">
        <tr>
          <td class="col-result">Passed</td>
          <td class="col-name">tests/test_config.py::TestConfigManager::test_get_bot_token_missing</td>
          <td class="col-duration">0.00</td>
          <td class="col-links"></td></tr>
        <tr>
          <td class="extra" colspan="4">
            <div class="empty log">No log output captured.</div></td></tr></tbody>
      <tbody class="passed results-table-row">
        <tr>
          <td class="col-result">Passed</td>
          <td class="col-name">tests/test_config.py::TestConfigManager::test_get_webhook_config</td>
          <td class="col-duration">0.00</td>
          <td class="col-links"></td></tr>
        <tr>
          <td class="extra" colspan="4">
            <div class="empty log">No log output captured.</div></td></tr></tbody>
      <tbody class="passed results-table-row">
        <tr>
          <td class="col-result">Passed</td>
          <td class="col-name">tests/test_config.py::TestConfigManager::test_get_logging_config</td>
          <td class="col-duration">0.00</td>
          <td class="col-links"></td></tr>
        <tr>
          <td class="extra" colspan="4">
            <div class="empty log">No log output captured.</div></td></tr></tbody>
      <tbody class="passed results-table-row">
        <tr>
          <td class="col-result">Passed</td>
          <td class="col-name">tests/test_config.py::TestConfigManager::test_validate_config_valid_token</td>
          <td class="col-duration">0.00</td>
          <td class="col-links"></td></tr>
        <tr>
          <td class="extra" colspan="4">
            <div class="empty log">No log output captured.</div></td></tr></tbody>
      <tbody class="passed results-table-row">
        <tr>
          <td class="col-result">Passed</td>
          <td class="col-name">tests/test_config.py::TestConfigManager::test_validate_config_invalid_token</td>
          <td class="col-duration">0.00</td>
          <td class="col-links"></td></tr>
        <tr>
          <td class="extra" colspan="4">
            <div class="empty log">No log output captured.</div></td></tr></tbody>
      <tbody class="passed results-table-row">
        <tr>
          <td class="col-result">Passed</td>
          <td class="col-name">tests/test_config.py::TestConfigManager::test_validate_config_missing_token</td>
          <td class="col-duration">0.00</td>
          <td class="col-links"></td></tr>
        <tr>
          <td class="extra" colspan="4">
            <div class="empty log">No log output captured.</div></td></tr></tbody>
      <tbody class="passed results-table-row">
        <tr>
          <td class="col-result">Passed</td>
          <td class="col-name">tests/test_config.py::TestConfigManager::test_validate_config_valid_webhook</td>
          <td class="col-duration">0.00</td>
          <td class="col-links"></td></tr>
        <tr>
          <td class="extra" colspan="4">
            <div class="empty log">No log output captured.</div></td></tr></tbody>
      <tbody class="passed results-table-row">
        <tr>
          <td class="col-result">Passed</td>
          <td class="col-name">tests/test_config.py::TestConfigManager::test_validate_config_invalid_webhook_url</td>
          <td class="col-duration">0.00</td>
          <td class="col-links"></td></tr>
        <tr>
          <td class="extra" colspan="4">
            <div class="empty log">No log output captured.</div></td></tr></tbody>
      <tbody class="passed results-table-row">
        <tr>
          <td class="col-result">Passed</td>
          <td class="col-name">tests/test_config.py::TestConfigManager::test_config_caching</td>
          <td class="col-duration">0.00</td>
          <td class="col-links"></td></tr>
        <tr>
          <td class="extra" colspan="4">
            <div class="empty log">No log output captured.</div></td></tr></tbody>
      <tbody class="passed results-table-row">
        <tr>
          <td class="col-result">Passed</td>
          <td class="col-name">tests/test_config.py::TestConfigManager::test_get_database_config</td>
          <td class="col-duration">0.00</td>
          <td class="col-links"></td></tr>
        <tr>
          <td class="extra" colspan="4">
            <div class="empty log">No log output captured.</div></td></tr></tbody>
      <tbody class="passed results-table-row">
        <tr>
          <td class="col-result">Passed</td>
          <td class="col-name">tests/test_config.py::TestConfigManager::test_get_database_config_with_defaults</td>
          <td class="col-duration">0.00</td>
          <td class="col-links"></td></tr>
        <tr>
          <td class="extra" colspan="4">
            <div class="empty log">No log output captured.</div></td></tr></tbody>
      <tbody class="passed results-table-row">
        <tr>
          <td class="col-result">Passed</td>
          <td class="col-name">tests/test_config.py::TestConfigManager::test_get_redis_config</td>
          <td class="col-duration">0.00</td>
          <td class="col-links"></td></tr>
        <tr>
          <td class="extra" colspan="4">
            <div class="empty log">No log output captured.</div></td></tr></tbody>
      <tbody class="passed results-table-row">
        <tr>
          <td class="col-result">Passed</td>
          <td class="col-name">tests/test_config.py::TestConfigManager::test_get_redis_config_without_password</td>
          <td class="col-duration">0.00</td>
          <td class="col-links"></td></tr>
        <tr>
          <td class="extra" colspan="4">
            <div class="empty log">No log output captured.</div></td></tr></tbody>
      <tbody class="passed results-table-row">
        <tr>
          <td class="col-result">Passed</td>
          <td class="col-name">tests/test_database.py::TestDatabaseManager::test_init</td>
          <td class="col-duration">0.00</td>
          <td class="col-links"></td></tr>
        <tr>
          <td class="extra" colspan="4">
            <div class="log"> ------------------------------Captured stdout call------------------------------ <br/>2025-09-19 18:16:28 [info     ] DatabaseManager initialized
2025-09-19 18:16:28 [info     ] DatabaseManager initialized
<br/></div></td></tr></tbody>
      <tbody class="passed results-table-row">
        <tr>
          <td class="col-result">Passed</td>
          <td class="col-name">tests/test_database.py::TestDatabaseManager::test_get_mongo_db_not_connected</td>
          <td class="col-duration">0.00</td>
          <td class="col-links"></td></tr>
        <tr>
          <td class="extra" colspan="4">
            <div class="log"> ------------------------------Captured stdout call------------------------------ <br/>2025-09-19 18:16:30 [info     ] DatabaseManager initialized
<br/></div></td></tr></tbody>
      <tbody class="passed results-table-row">
        <tr>
          <td class="col-result">Passed</td>
          <td class="col-name">tests/test_database.py::TestDatabaseManager::test_get_sqlite_conn_not_connected</td>
          <td class="col-duration">0.00</td>
          <td class="col-links"></td></tr>
        <tr>
          <td class="extra" colspan="4">
            <div class="log"> ------------------------------Captured stdout call------------------------------ <br/>2025-09-19 18:16:30 [info     ] DatabaseManager initialized
<br/></div></td></tr></tbody>
      <tbody class="passed results-table-row">
        <tr>
          <td class="col-result">Passed</td>
          <td class="col-name">tests/test_database_init.py::test_database_initializer_initialization</td>
          <td class="col-duration">0.00</td>
          <td class="col-links"></td></tr>
        <tr>
          <td class="extra" colspan="4">
            <div class="log"> ------------------------------Captured stdout call------------------------------ <br/>2025-09-19 18:16:30 [info     ] DatabaseInitializer initialized
<br/></div></td></tr></tbody>
      <tbody class="passed results-table-row">
        <tr>
          <td class="col-result">Passed</td>
          <td class="col-name">tests/test_database_init.py::test_initialize_databases_success</td>
          <td class="col-duration">0.00</td>
          <td class="col-links"></td></tr>
        <tr>
          <td class="extra" colspan="4">
            <div class="log"> ------------------------------Captured stdout call------------------------------ <br/>2025-09-19 18:16:30 [info     ] DatabaseInitializer initialized
2025-09-19 18:16:30 [info     ] Starting database initialization with migration detection
2025-09-19 18:16:30 [info     ] Database initialization completed successfully
<br/></div></td></tr></tbody>
      <tbody class="passed results-table-row">
        <tr>
          <td class="col-result">Passed</td>
          <td class="col-name">tests/test_database_init.py::test_initialize_databases_mongo_failure</td>
          <td class="col-duration">0.00</td>
          <td class="col-links"></td></tr>
        <tr>
          <td class="extra" colspan="4">
            <div class="log"> ------------------------------Captured stdout call------------------------------ <br/>2025-09-19 18:16:30 [info     ] DatabaseInitializer initialized
2025-09-19 18:16:30 [info     ] Starting database initialization with migration detection
2025-09-19 18:16:30 [error    ] Failed to initialize MongoDB
<br/></div></td></tr></tbody>
      <tbody class="passed results-table-row">
        <tr>
          <td class="col-result">Passed</td>
          <td class="col-name">tests/test_database_init.py::test_initialize_databases_sqlite_failure</td>
          <td class="col-duration">0.00</td>
          <td class="col-links"></td></tr>
        <tr>
          <td class="extra" colspan="4">
            <div class="log"> ------------------------------Captured stdout call------------------------------ <br/>2025-09-19 18:16:30 [info     ] DatabaseInitializer initialized
2025-09-19 18:16:30 [info     ] Starting database initialization with migration detection
2025-09-19 18:16:30 [error    ] Failed to initialize SQLite
<br/></div></td></tr></tbody>
      <tbody class="passed results-table-row">
        <tr>
          <td class="col-result">Passed</td>
          <td class="col-name">tests/test_database_init.py::test_detect_migrations</td>
          <td class="col-duration">0.00</td>
          <td class="col-links"></td></tr>
        <tr>
          <td class="extra" colspan="4">
            <div class="log"> ------------------------------Captured stdout call------------------------------ <br/>2025-09-19 18:16:30 [info     ] DatabaseInitializer initialized
2025-09-19 18:16:30 [info     ] Detecting existing migrations
2025-09-19 18:16:30 [info     ] Migration detection completed: {&#x27;sqlite_version&#x27;: &#x27;1.0&#x27;, &#x27;mongodb_version&#x27;: &#x27;1.0&#x27;, &#x27;requires_migration&#x27;: False, &#x27;existing_data&#x27;: False}
<br/></div></td></tr></tbody>
      <tbody class="passed results-table-row">
        <tr>
          <td class="col-result">Passed</td>
          <td class="col-name">tests/test_database_init.py::test_check_sqlite_migration_status</td>
          <td class="col-duration">0.00</td>
          <td class="col-links"></td></tr>
        <tr>
          <td class="extra" colspan="4">
            <div class="log"> ------------------------------Captured stdout call------------------------------ <br/>2025-09-19 18:16:30 [info     ] DatabaseInitializer initialized
2025-09-19 18:16:30 [debug    ] Checking SQLite migration status
2025-09-19 18:16:30 [debug    ] SQLite migration status: {&#x27;sqlite_version&#x27;: &#x27;1.0&#x27;, &#x27;existing_data&#x27;: False}
<br/></div></td></tr></tbody>
      <tbody class="passed results-table-row">
        <tr>
          <td class="col-result">Passed</td>
          <td class="col-name">tests/test_database_init.py::test_check_mongodb_migration_status</td>
          <td class="col-duration">0.00</td>
          <td class="col-links"></td></tr>
        <tr>
          <td class="extra" colspan="4">
            <div class="log"> ------------------------------Captured stdout call------------------------------ <br/>2025-09-19 18:16:30 [info     ] DatabaseInitializer initialized
2025-09-19 18:16:30 [debug    ] Checking MongoDB migration status
2025-09-19 18:16:30 [debug    ] MongoDB migration status: {&#x27;mongodb_version&#x27;: &#x27;1.0&#x27;, &#x27;existing_data&#x27;: False}
<br/></div></td></tr></tbody>
      <tbody class="passed results-table-row">
        <tr>
          <td class="col-result">Passed</td>
          <td class="col-name">tests/test_database_init.py::test_initialize_mongodb</td>
          <td class="col-duration">0.00</td>
          <td class="col-links"></td></tr>
        <tr>
          <td class="extra" colspan="4">
            <div class="log"> ------------------------------Captured stdout call------------------------------ <br/>2025-09-19 18:16:30 [info     ] DatabaseInitializer initialized
2025-09-19 18:16:30 [info     ] Initializing MongoDB collections
2025-09-19 18:16:30 [info     ] MongoDB collections initialized successfully
<br/></div></td></tr></tbody>
      <tbody class="passed results-table-row">
        <tr>
          <td class="col-result">Passed</td>
          <td class="col-name">tests/test_database_init.py::test_initialize_sqlite</td>
          <td class="col-duration">0.00</td>
          <td class="col-links"></td></tr>
        <tr>
          <td class="extra" colspan="4">
            <div class="log"> ------------------------------Captured stdout call------------------------------ <br/>2025-09-19 18:16:30 [info     ] DatabaseInitializer initialized
2025-09-19 18:16:30 [info     ] Initializing SQLite tables
2025-09-19 18:16:30 [info     ] SQLite tables initialized successfully
<br/></div></td></tr></tbody>
      <tbody class="passed results-table-row">
        <tr>
          <td class="col-result">Passed</td>
          <td class="col-name">tests/test_database_init.py::test_convenience_function</td>
          <td class="col-duration">0.00</td>
          <td class="col-links"></td></tr>
        <tr>
          <td class="extra" colspan="4">
            <div class="log"> ------------------------------Captured stdout call------------------------------ <br/>2025-09-19 18:16:30 [info     ] DatabaseInitializer initialized
<br/></div></td></tr></tbody>
      <tbody class="passed results-table-row">
        <tr>
          <td class="col-result">Passed</td>
          <td class="col-name">tests/test_database_test_utils.py::TestMockDatabaseManager::test_init</td>
          <td class="col-duration">0.00</td>
          <td class="col-links"></td></tr>
        <tr>
          <td class="extra" colspan="4">
            <div class="empty log">No log output captured.</div></td></tr></tbody>
      <tbody class="passed results-table-row">
        <tr>
          <td class="col-result">Passed</td>
          <td class="col-name">tests/test_database_test_utils.py::TestMockDatabaseManager::test_connect_all</td>
          <td class="col-duration">0.00</td>
          <td class="col-links"></td></tr>
        <tr>
          <td class="extra" colspan="4">
            <div class="empty log">No log output captured.</div></td></tr></tbody>
      <tbody class="passed results-table-row">
        <tr>
          <td class="col-result">Passed</td>
          <td class="col-name">tests/test_database_test_utils.py::TestMockDatabaseManager::test_get_mongo_db_when_connected</td>
          <td class="col-duration">0.00</td>
          <td class="col-links"></td></tr>
        <tr>
          <td class="extra" colspan="4">
            <div class="empty log">No log output captured.</div></td></tr></tbody>
      <tbody class="passed results-table-row">
        <tr>
          <td class="col-result">Passed</td>
          <td class="col-name">tests/test_database_test_utils.py::TestMockDatabaseManager::test_get_mongo_db_when_not_connected</td>
          <td class="col-duration">0.00</td>
          <td class="col-links"></td></tr>
        <tr>
          <td class="extra" colspan="4">
            <div class="empty log">No log output captured.</div></td></tr></tbody>
      <tbody class="passed results-table-row">
        <tr>
          <td class="col-result">Passed</td>
          <td class="col-name">tests/test_database_test_utils.py::TestMockDatabaseManager::test_get_sqlite_conn_when_connected</td>
          <td class="col-duration">0.00</td>
          <td class="col-links"></td></tr>
        <tr>
          <td class="extra" colspan="4">
            <div class="empty log">No log output captured.</div></td></tr></tbody>
      <tbody class="passed results-table-row">
        <tr>
          <td class="col-result">Passed</td>
          <td class="col-name">tests/test_database_test_utils.py::TestMockDatabaseManager::test_get_sqlite_conn_when_not_connected</td>
          <td class="col-duration">0.00</td>
          <td class="col-links"></td></tr>
        <tr>
          <td class="extra" colspan="4">
            <div class="empty log">No log output captured.</div></td></tr></tbody>
      <tbody class="passed results-table-row">
        <tr>
          <td class="col-result">Passed</td>
          <td class="col-name">tests/test_database_test_utils.py::TestMockDatabaseManager::test_health_check</td>
          <td class="col-duration">0.00</td>
          <td class="col-links"></td></tr>
        <tr>
          <td class="extra" colspan="4">
            <div class="empty log">No log output captured.</div></td></tr></tbody>
      <tbody class="passed results-table-row">
        <tr>
          <td class="col-result">Passed</td>
          <td class="col-name">tests/test_database_test_utils.py::TestMockDatabaseManager::test_close_all</td>
          <td class="col-duration">0.00</td>
          <td class="col-links"></td></tr>
        <tr>
          <td class="extra" colspan="4">
            <div class="empty log">No log output captured.</div></td></tr></tbody>
      <tbody class="passed results-table-row">
        <tr>
          <td class="col-result">Passed</td>
          <td class="col-name">tests/test_database_test_utils.py::TestDatabaseTestConfig::test_create_test_config_manager</td>
          <td class="col-duration">0.00</td>
          <td class="col-links"></td></tr>
        <tr>
          <td class="extra" colspan="4">
            <div class="empty log">No log output captured.</div></td></tr></tbody>
      <tbody class="passed results-table-row">
        <tr>
          <td class="col-result">Passed</td>
          <td class="col-name">tests/test_database_test_utils.py::TestDatabaseTestConfig::test_set_test_env_vars</td>
          <td class="col-duration">0.00</td>
          <td class="col-links"></td></tr>
        <tr>
          <td class="extra" colspan="4">
            <div class="empty log">No log output captured.</div></td></tr></tbody>
      <tbody class="passed results-table-row">
        <tr>
          <td class="col-result">Passed</td>
          <td class="col-name">tests/test_database_test_utils.py::TestDatabaseTestConfig::test_restore_env_vars</td>
          <td class="col-duration">0.00</td>
          <td class="col-links"></td></tr>
        <tr>
          <td class="extra" colspan="4">
            <div class="empty log">No log output captured.</div></td></tr></tbody>
      <tbody class="passed results-table-row">
        <tr>
          <td class="col-result">Passed</td>
          <td class="col-name">tests/test_database_test_utils.py::TestDatabaseTestDataFactory::test_create_test_user_data</td>
          <td class="col-duration">0.00</td>
          <td class="col-links"></td></tr>
        <tr>
          <td class="extra" colspan="4">
            <div class="empty log">No log output captured.</div></td></tr></tbody>
      <tbody class="passed results-table-row">
        <tr>
          <td class="col-result">Passed</td>
          <td class="col-name">tests/test_database_test_utils.py::TestDatabaseTestDataFactory::test_create_test_subscription_data</td>
          <td class="col-duration">0.00</td>
          <td class="col-links"></td></tr>
        <tr>
          <td class="extra" colspan="4">
            <div class="empty log">No log output captured.</div></td></tr></tbody>
      <tbody class="passed results-table-row">
        <tr>
          <td class="col-result">Passed</td>
          <td class="col-name">tests/test_database_test_utils.py::TestDatabaseTestDataFactory::test_create_test_narrative_fragment</td>
          <td class="col-duration">0.00</td>
          <td class="col-links"></td></tr>
        <tr>
          <td class="extra" colspan="4">
            <div class="empty log">No log output captured.</div></td></tr></tbody>
      <tbody class="passed results-table-row">
        <tr>
          <td class="col-result">Passed</td>
          <td class="col-name">tests/test_database_test_utils.py::TestDatabaseTestHelpers::test_create_temp_database_path</td>
          <td class="col-duration">0.00</td>
          <td class="col-links"></td></tr>
        <tr>
          <td class="extra" colspan="4">
            <div class="empty log">No log output captured.</div></td></tr></tbody>
      <tbody class="passed results-table-row">
        <tr>
          <td class="col-result">Passed</td>
          <td class="col-name">tests/test_database_test_utils.py::TestDatabaseTestContext::test_context_manager</td>
          <td class="col-duration">0.00</td>
          <td class="col-links"></td></tr>
        <tr>
          <td class="extra" colspan="4">
            <div class="empty log">No log output captured.</div></td></tr></tbody>
      <tbody class="passed results-table-row">
        <tr>
          <td class="col-result">Passed</td>
          <td class="col-name">tests/test_error_handler_enhanced.py::TestErrorHandler::test_handle_event_publish_error</td>
          <td class="col-duration">0.00</td>
          <td class="col-links"></td></tr>
        <tr>
          <td class="extra" colspan="4">
            <div class="empty log">No log output captured.</div></td></tr></tbody>
      <tbody class="passed results-table-row">
        <tr>
          <td class="col-result">Passed</td>
          <td class="col-name">tests/test_error_handler_enhanced.py::TestErrorHandler::test_handle_event_subscribe_error</td>
          <td class="col-duration">0.00</td>
          <td class="col-links"></td></tr>
        <tr>
          <td class="extra" colspan="4">
            <div class="empty log">No log output captured.</div></td></tr></tbody>
      <tbody class="passed results-table-row">
        <tr>
          <td class="col-result">Passed</td>
          <td class="col-name">tests/test_error_handler_enhanced.py::TestErrorHandler::test_handle_event_bus_error</td>
          <td class="col-duration">0.00</td>
          <td class="col-links"></td></tr>
        <tr>
          <td class="extra" colspan="4">
            <div class="empty log">No log output captured.</div></td></tr></tbody>
      <tbody class="passed results-table-row">
        <tr>
          <td class="col-result">Passed</td>
          <td class="col-name">tests/test_error_handler_enhanced.py::TestErrorHandler::test_handle_user_service_error</td>
          <td class="col-duration">0.00</td>
          <td class="col-links"></td></tr>
        <tr>
          <td class="extra" colspan="4">
            <div class="empty log">No log output captured.</div></td></tr></tbody>
      <tbody class="passed results-table-row">
        <tr>
          <td class="col-result">Passed</td>
          <td class="col-name">tests/test_error_handler_enhanced.py::TestErrorHandler::test_handle_subscription_service_error</td>
          <td class="col-duration">0.00</td>
          <td class="col-links"></td></tr>
        <tr>
          <td class="extra" colspan="4">
            <div class="empty log">No log output captured.</div></td></tr></tbody>
      <tbody class="passed results-table-row">
        <tr>
          <td class="col-result">Passed</td>
          <td class="col-name">tests/test_error_handler_enhanced.py::TestErrorHandler::test_handle_narrative_service_error</td>
          <td class="col-duration">0.00</td>
          <td class="col-links"></td></tr>
        <tr>
          <td class="extra" colspan="4">
            <div class="empty log">No log output captured.</div></td></tr></tbody>
      <tbody class="passed results-table-row">
        <tr>
          <td class="col-result">Passed</td>
          <td class="col-name">tests/test_error_handler_enhanced.py::TestErrorHandler::test_handle_coordinator_service_error</td>
          <td class="col-duration">0.00</td>
          <td class="col-links"></td></tr>
        <tr>
          <td class="extra" colspan="4">
            <div class="empty log">No log output captured.</div></td></tr></tbody>
      <tbody class="passed results-table-row">
        <tr>
          <td class="col-result">Passed</td>
          <td class="col-name">tests/test_error_handler_enhanced.py::TestErrorHandler::test_handle_jwt_expired_signature_error</td>
          <td class="col-duration">0.00</td>
          <td class="col-links"></td></tr>
        <tr>
          <td class="extra" colspan="4">
            <div class="empty log">No log output captured.</div></td></tr></tbody>
      <tbody class="passed results-table-row">
        <tr>
          <td class="col-result">Passed</td>
          <td class="col-name">tests/test_error_handler_enhanced.py::TestErrorHandler::test_handle_jwt_invalid_token_error</td>
          <td class="col-duration">0.00</td>
          <td class="col-links"></td></tr>
        <tr>
          <td class="extra" colspan="4">
            <div class="empty log">No log output captured.</div></td></tr></tbody>
      <tbody class="passed results-table-row">
        <tr>
          <td class="col-result">Passed</td>
          <td class="col-name">tests/test_error_handler_enhanced.py::TestErrorHandler::test_handle_unknown_error_fallback</td>
          <td class="col-duration">0.00</td>
          <td class="col-links"></td></tr>
        <tr>
          <td class="extra" colspan="4">
            <div class="empty log">No log output captured.</div></td></tr></tbody>
      <tbody class="passed results-table-row">
        <tr>
          <td class="col-result">Passed</td>
          <td class="col-name">tests/test_error_handler_enhanced.py::TestErrorHandler::test_handle_error_method</td>
          <td class="col-duration">0.00</td>
          <td class="col-links"></td></tr>
        <tr>
          <td class="extra" colspan="4">
            <div class="empty log">No log output captured.</div></td></tr></tbody>
      <tbody class="passed results-table-row">
        <tr>
          <td class="col-result">Passed</td>
          <td class="col-name">tests/test_event_bus.py::test_event_bus_initialization</td>
          <td class="col-duration">0.00</td>
          <td class="col-links"></td></tr>
        <tr>
          <td class="extra" colspan="4">
            <div class="log"> ------------------------------Captured stdout call------------------------------ <br/>2025-09-19 18:16:31 [info     ] EventBus initialized
2025-09-19 18:16:31 [info     ] EventBus initialized
<br/></div></td></tr></tbody>
      <tbody class="passed results-table-row">
        <tr>
          <td class="col-result">Passed</td>
          <td class="col-name">tests/test_event_models.py::test_base_event</td>
          <td class="col-duration">0.00</td>
          <td class="col-links"></td></tr>
        <tr>
          <td class="extra" colspan="4">
            <div class="empty log">No log output captured.</div></td></tr></tbody>
      <tbody class="passed results-table-row">
        <tr>
          <td class="col-result">Passed</td>
          <td class="col-name">tests/test_event_models.py::test_user_interaction_event</td>
          <td class="col-duration">0.00</td>
          <td class="col-links"></td></tr>
        <tr>
          <td class="extra" colspan="4">
            <div class="empty log">No log output captured.</div></td></tr></tbody>
      <tbody class="passed results-table-row">
        <tr>
          <td class="col-result">Passed</td>
          <td class="col-name">tests/test_event_models.py::test_reaction_detected_event</td>
          <td class="col-duration">0.00</td>
          <td class="col-links"></td></tr>
        <tr>
          <td class="extra" colspan="4">
            <div class="empty log">No log output captured.</div></td></tr></tbody>
      <tbody class="passed results-table-row">
        <tr>
          <td class="col-result">Passed</td>
          <td class="col-name">tests/test_event_models.py::test_decision_made_event</td>
          <td class="col-duration">0.00</td>
          <td class="col-links"></td></tr>
        <tr>
          <td class="extra" colspan="4">
            <div class="empty log">No log output captured.</div></td></tr></tbody>
      <tbody class="passed results-table-row">
        <tr>
          <td class="col-result">Passed</td>
          <td class="col-name">tests/test_event_models.py::test_subscription_updated_event</td>
          <td class="col-duration">0.00</td>
          <td class="col-links"></td></tr>
        <tr>
          <td class="extra" colspan="4">
            <div class="empty log">No log output captured.</div></td></tr></tbody>
      <tbody class="passed results-table-row">
        <tr>
          <td class="col-result">Passed</td>
          <td class="col-name">tests/test_event_models.py::test_besitos_awarded_event</td>
          <td class="col-duration">0.00</td>
          <td class="col-links"></td></tr>
        <tr>
          <td class="extra" colspan="4">
            <div class="empty log">No log output captured.</div></td></tr></tbody>
      <tbody class="passed results-table-row">
        <tr>
          <td class="col-result">Passed</td>
          <td class="col-name">tests/test_event_models.py::test_narrative_hint_unlocked_event</td>
          <td class="col-duration">0.00</td>
          <td class="col-links"></td></tr>
        <tr>
          <td class="extra" colspan="4">
            <div class="empty log">No log output captured.</div></td></tr></tbody>
      <tbody class="passed results-table-row">
        <tr>
          <td class="col-result">Passed</td>
          <td class="col-name">tests/test_event_models.py::test_vip_access_granted_event</td>
          <td class="col-duration">0.00</td>
          <td class="col-links"></td></tr>
        <tr>
          <td class="extra" colspan="4">
            <div class="empty log">No log output captured.</div></td></tr></tbody>
      <tbody class="passed results-table-row">
        <tr>
          <td class="col-result">Passed</td>
          <td class="col-name">tests/test_event_models.py::test_user_deleted_event</td>
          <td class="col-duration">0.00</td>
          <td class="col-links"></td></tr>
        <tr>
          <td class="extra" colspan="4">
            <div class="empty log">No log output captured.</div></td></tr></tbody>
      <tbody class="passed results-table-row">
        <tr>
          <td class="col-result">Passed</td>
          <td class="col-name">tests/test_event_models.py::test_update_received_event</td>
          <td class="col-duration">0.00</td>
          <td class="col-links"></td></tr>
        <tr>
          <td class="extra" colspan="4">
            <div class="empty log">No log output captured.</div></td></tr></tbody>
      <tbody class="passed results-table-row">
        <tr>
          <td class="col-result">Passed</td>
          <td class="col-name">tests/test_event_models.py::test_event_models_dict</td>
          <td class="col-duration">0.00</td>
          <td class="col-links"></td></tr>
        <tr>
          <td class="extra" colspan="4">
            <div class="empty log">No log output captured.</div></td></tr></tbody>
      <tbody class="passed results-table-row">
        <tr>
          <td class="col-result">Passed</td>
          <td class="col-name">tests/test_event_models.py::test_create_event</td>
          <td class="col-duration">0.00</td>
          <td class="col-links"></td></tr>
        <tr>
          <td class="extra" colspan="4">
            <div class="empty log">No log output captured.</div></td></tr></tbody>
      <tbody class="passed results-table-row">
        <tr>
          <td class="col-result">Passed</td>
          <td class="col-name">tests/test_event_models.py::test_create_event_invalid_type</td>
          <td class="col-duration">0.00</td>
          <td class="col-links"></td></tr>
        <tr>
          <td class="extra" colspan="4">
            <div class="empty log">No log output captured.</div></td></tr></tbody>
      <tbody class="passed results-table-row">
        <tr>
          <td class="col-result">Passed</td>
          <td class="col-name">tests/test_event_processor.py::test_event_processor_initialization</td>
          <td class="col-duration">0.00</td>
          <td class="col-links"></td></tr>
        <tr>
          <td class="extra" colspan="4">
            <div class="log"> ------------------------------Captured stdout call------------------------------ <br/>2025-09-19 18:16:31 [info     ] EventProcessor initialized
2025-09-19 18:16:31 [info     ] EventProcessor initialized
<br/></div></td></tr></tbody>
      <tbody class="passed results-table-row">
        <tr>
          <td class="col-result">Passed</td>
          <td class="col-name">tests/test_event_test_utils.py::TestMockEventBus::test_init</td>
          <td class="col-duration">0.00</td>
          <td class="col-links"></td></tr>
        <tr>
          <td class="extra" colspan="4">
            <div class="empty log">No log output captured.</div></td></tr></tbody>
      <tbody class="passed results-table-row">
        <tr>
          <td class="col-result">Passed</td>
          <td class="col-name">tests/test_event_test_utils.py::TestMockEventBus::test_connect</td>
          <td class="col-duration">0.00</td>
          <td class="col-links"></td></tr>
        <tr>
          <td class="extra" colspan="4">
            <div class="empty log">No log output captured.</div></td></tr></tbody>
      <tbody class="passed results-table-row">
        <tr>
          <td class="col-result">Passed</td>
          <td class="col-name">tests/test_event_test_utils.py::TestMockEventBus::test_publish</td>
          <td class="col-duration">0.00</td>
          <td class="col-links"></td></tr>
        <tr>
          <td class="extra" colspan="4">
            <div class="empty log">No log output captured.</div></td></tr></tbody>
      <tbody class="passed results-table-row">
        <tr>
          <td class="col-result">Passed</td>
          <td class="col-name">tests/test_event_test_utils.py::TestMockEventBus::test_publish_failure</td>
          <td class="col-duration">0.00</td>
          <td class="col-links"></td></tr>
        <tr>
          <td class="extra" colspan="4">
            <div class="empty log">No log output captured.</div></td></tr></tbody>
      <tbody class="passed results-table-row">
        <tr>
          <td class="col-result">Passed</td>
          <td class="col-name">tests/test_event_test_utils.py::TestMockEventBus::test_subscribe</td>
          <td class="col-duration">0.00</td>
          <td class="col-links"></td></tr>
        <tr>
          <td class="extra" colspan="4">
            <div class="empty log">No log output captured.</div></td></tr></tbody>
      <tbody class="passed results-table-row">
        <tr>
          <td class="col-result">Passed</td>
          <td class="col-name">tests/test_event_test_utils.py::TestMockEventBus::test_subscribe_failure</td>
          <td class="col-duration">0.00</td>
          <td class="col-links"></td></tr>
        <tr>
          <td class="extra" colspan="4">
            <div class="empty log">No log output captured.</div></td></tr></tbody>
      <tbody class="passed results-table-row">
        <tr>
          <td class="col-result">Passed</td>
          <td class="col-name">tests/test_event_test_utils.py::TestMockEventBus::test_health_check</td>
          <td class="col-duration">0.00</td>
          <td class="col-links"></td></tr>
        <tr>
          <td class="extra" colspan="4">
            <div class="empty log">No log output captured.</div></td></tr></tbody>
      <tbody class="passed results-table-row">
        <tr>
          <td class="col-result">Passed</td>
          <td class="col-name">tests/test_event_test_utils.py::TestMockEventBus::test_close</td>
          <td class="col-duration">0.00</td>
          <td class="col-links"></td></tr>
        <tr>
          <td class="extra" colspan="4">
            <div class="empty log">No log output captured.</div></td></tr></tbody>
      <tbody class="passed results-table-row">
        <tr>
          <td class="col-result">Passed</td>
          <td class="col-name">tests/test_event_test_utils.py::TestMockEventBus::test_reset</td>
          <td class="col-duration">0.00</td>
          <td class="col-links"></td></tr>
        <tr>
          <td class="extra" colspan="4">
            <div class="empty log">No log output captured.</div></td></tr></tbody>
      <tbody class="passed results-table-row">
        <tr>
          <td class="col-result">Passed</td>
          <td class="col-name">tests/test_event_test_utils.py::TestEventTestConfig::test_create_test_config_manager</td>
          <td class="col-duration">0.00</td>
          <td class="col-links"></td></tr>
        <tr>
          <td class="extra" colspan="4">
            <div class="empty log">No log output captured.</div></td></tr></tbody>
      <tbody class="passed results-table-row">
        <tr>
          <td class="col-result">Passed</td>
          <td class="col-name">tests/test_event_test_utils.py::TestEventTestConfig::test_set_test_env_vars</td>
          <td class="col-duration">0.00</td>
          <td class="col-links"></td></tr>
        <tr>
          <td class="extra" colspan="4">
            <div class="empty log">No log output captured.</div></td></tr></tbody>
      <tbody class="passed results-table-row">
        <tr>
          <td class="col-result">Passed</td>
          <td class="col-name">tests/test_event_test_utils.py::TestEventTestDataFactory::test_create_base_event</td>
          <td class="col-duration">0.00</td>
          <td class="col-links"></td></tr>
        <tr>
          <td class="extra" colspan="4">
            <div class="empty log">No log output captured.</div></td></tr></tbody>
      <tbody class="passed results-table-row">
        <tr>
          <td class="col-result">Passed</td>
          <td class="col-name">tests/test_event_test_utils.py::TestEventTestDataFactory::test_create_user_interaction_event</td>
          <td class="col-duration">0.00</td>
          <td class="col-links"></td></tr>
        <tr>
          <td class="extra" colspan="4">
            <div class="empty log">No log output captured.</div></td></tr></tbody>
      <tbody class="passed results-table-row">
        <tr>
          <td class="col-result">Passed</td>
          <td class="col-name">tests/test_event_test_utils.py::TestEventTestDataFactory::test_create_reaction_detected_event</td>
          <td class="col-duration">0.00</td>
          <td class="col-links"></td></tr>
        <tr>
          <td class="extra" colspan="4">
            <div class="empty log">No log output captured.</div></td></tr></tbody>
      <tbody class="passed results-table-row">
        <tr>
          <td class="col-result">Passed</td>
          <td class="col-name">tests/test_event_test_utils.py::TestEventTestDataFactory::test_create_decision_made_event</td>
          <td class="col-duration">0.00</td>
          <td class="col-links"></td></tr>
        <tr>
          <td class="extra" colspan="4">
            <div class="empty log">No log output captured.</div></td></tr></tbody>
      <tbody class="passed results-table-row">
        <tr>
          <td class="col-result">Passed</td>
          <td class="col-name">tests/test_event_test_utils.py::TestEventTestDataFactory::test_create_subscription_updated_event</td>
          <td class="col-duration">0.00</td>
          <td class="col-links"></td></tr>
        <tr>
          <td class="extra" colspan="4">
            <div class="empty log">No log output captured.</div></td></tr></tbody>
      <tbody class="passed results-table-row">
        <tr>
          <td class="col-result">Passed</td>
          <td class="col-name">tests/test_event_test_utils.py::TestEventTestDataFactory::test_create_test_event_payload</td>
          <td class="col-duration">0.00</td>
          <td class="col-links"></td></tr>
        <tr>
          <td class="extra" colspan="4">
            <div class="empty log">No log output captured.</div></td></tr></tbody>
      <tbody class="passed results-table-row">
        <tr>
          <td class="col-result">Passed</td>
          <td class="col-name">tests/test_event_test_utils.py::TestEventTestHelpers::test_create_async_mock_handler</td>
          <td class="col-duration">0.00</td>
          <td class="col-links"></td></tr>
        <tr>
          <td class="extra" colspan="4">
            <div class="empty log">No log output captured.</div></td></tr></tbody>
      <tbody class="passed results-table-row">
        <tr>
          <td class="col-result">Passed</td>
          <td class="col-name">tests/test_event_test_utils.py::TestEventTestHelpers::test_capture_event_payloads</td>
          <td class="col-duration">0.00</td>
          <td class="col-links"></td></tr>
        <tr>
          <td class="extra" colspan="4">
            <div class="empty log">No log output captured.</div></td></tr></tbody>
      <tbody class="passed results-table-row">
        <tr>
          <td class="col-result">Passed</td>
          <td class="col-name">tests/test_event_test_utils.py::TestEventTestContext::test_context_manager</td>
          <td class="col-duration">0.00</td>
          <td class="col-links"></td></tr>
        <tr>
          <td class="extra" colspan="4">
            <div class="empty log">No log output captured.</div></td></tr></tbody>
      <tbody class="passed results-table-row">
        <tr>
          <td class="col-result">Passed</td>
          <td class="col-name">tests/test_events_module.py::test_events_module_structure</td>
          <td class="col-duration">0.00</td>
          <td class="col-links"></td></tr>
        <tr>
          <td class="extra" colspan="4">
            <div class="empty log">No log output captured.</div></td></tr></tbody>
      <tbody class="passed results-table-row">
        <tr>
          <td class="col-result">Passed</td>
          <td class="col-name">tests/test_events_module.py::test_event_constants</td>
          <td class="col-duration">0.00</td>
          <td class="col-links"></td></tr>
        <tr>
          <td class="extra" colspan="4">
            <div class="empty log">No log output captured.</div></td></tr></tbody>
      <tbody class="passed results-table-row">
        <tr>
          <td class="col-result">Passed</td>
          <td class="col-name">tests/test_events_module.py::test_event_bus_config</td>
          <td class="col-duration">0.00</td>
          <td class="col-links"></td></tr>
        <tr>
          <td class="extra" colspan="4">
            <div class="empty log">No log output captured.</div></td></tr></tbody>
      <tbody class="passed results-table-row">
        <tr>
          <td class="col-result">Passed</td>
          <td class="col-name">tests/test_health_manager.py::TestHealthCheckManager::test_health_check_manager_initialization</td>
          <td class="col-duration">0.00</td>
          <td class="col-links"></td></tr>
        <tr>
          <td class="extra" colspan="4">
            <div class="log"> ------------------------------Captured stdout call------------------------------ <br/>2025-09-19 18:16:31 [info     ] HealthCheckManager initialized
2025-09-19 18:16:31 [info     ] HealthCheckManager initialized
<br/></div></td></tr></tbody>
      <tbody class="passed results-table-row">
        <tr>
          <td class="col-result">Passed</td>
          <td class="col-name">tests/test_health_manager.py::TestHealthCheckManager::test_check_database_health</td>
          <td class="col-duration">0.00</td>
          <td class="col-links"></td></tr>
        <tr>
          <td class="extra" colspan="4">
            <div class="log"> ------------------------------Captured stdout call------------------------------ <br/>2025-09-19 18:16:31 [info     ] HealthCheckManager initialized
2025-09-19 18:16:31 [debug    ] Checking database health
<br/></div></td></tr></tbody>
      <tbody class="passed results-table-row">
        <tr>
          <td class="col-result">Passed</td>
          <td class="col-name">tests/test_health_manager.py::TestHealthCheckManager::test_check_event_bus_health</td>
          <td class="col-duration">0.00</td>
          <td class="col-links"></td></tr>
        <tr>
          <td class="extra" colspan="4">
            <div class="log"> ------------------------------Captured stdout call------------------------------ <br/>2025-09-19 18:16:31 [info     ] HealthCheckManager initialized
2025-09-19 18:16:31 [debug    ] Checking event bus health
<br/></div></td></tr></tbody>
      <tbody class="passed results-table-row">
        <tr>
          <td class="col-result">Passed</td>
          <td class="col-name">tests/test_health_manager.py::TestHealthCheckManager::test_check_all_health</td>
          <td class="col-duration">0.00</td>
          <td class="col-links"></td></tr>
        <tr>
          <td class="extra" colspan="4">
            <div class="log"> ------------------------------Captured stdout call------------------------------ <br/>2025-09-19 18:16:31 [info     ] HealthCheckManager initialized
2025-09-19 18:16:31 [debug    ] Performing comprehensive health check
2025-09-19 18:16:31 [debug    ] Checking database health
2025-09-19 18:16:31 [debug    ] Checking event bus health
2025-09-19 18:16:31 [debug    ] Comprehensive health check results: {&#x27;overall_status&#x27;: &#x27;healthy&#x27;, &#x27;timestamp&#x27;: 268522.285455457, &#x27;components&#x27;: {&#x27;database&#x27;: {&#x27;status&#x27;: &#x27;healthy&#x27;, &#x27;details&#x27;: {&#x27;mongodb&#x27;: True, &#x27;sqlite&#x27;: True}}, &#x27;event_bus&#x27;: {&#x27;status&#x27;: &#x27;healthy&#x27;, &#x27;details&#x27;: {&#x27;connected&#x27;: True, &#x27;redis_healthy&#x27;: True}}, &#x27;api_server&#x27;: {&#x27;status&#x27;: &#x27;unknown&#x27;, &#x27;details&#x27;: &#x27;API health check not implemented&#x27;}}}
<br/></div></td></tr></tbody>
      <tbody class="passed results-table-row">
        <tr>
          <td class="col-result">Passed</td>
          <td class="col-name">tests/test_health_manager.py::TestHealthCheckManager::test_check_database_health_with_no_manager</td>
          <td class="col-duration">0.00</td>
          <td class="col-links"></td></tr>
        <tr>
          <td class="extra" colspan="4">
            <div class="log"> ------------------------------Captured stdout call------------------------------ <br/>2025-09-19 18:16:31 [info     ] HealthCheckManager initialized
2025-09-19 18:16:31 [debug    ] Checking database health
<br/></div></td></tr></tbody>
      <tbody class="passed results-table-row">
        <tr>
          <td class="col-result">Passed</td>
          <td class="col-name">tests/test_health_manager.py::TestHealthCheckManager::test_check_event_bus_health_with_no_bus</td>
          <td class="col-duration">0.00</td>
          <td class="col-links"></td></tr>
        <tr>
          <td class="extra" colspan="4">
            <div class="log"> ------------------------------Captured stdout call------------------------------ <br/>2025-09-19 18:16:31 [info     ] HealthCheckManager initialized
2025-09-19 18:16:31 [debug    ] Checking event bus health
<br/></div></td></tr></tbody>
      <tbody class="passed results-table-row">
        <tr>
          <td class="col-result">Passed</td>
          <td class="col-name">tests/test_health_manager.py::TestHealthCheckManager::test_get_health_summary</td>
          <td class="col-duration">0.00</td>
          <td class="col-links"></td></tr>
        <tr>
          <td class="extra" colspan="4">
            <div class="log"> ------------------------------Captured stdout call------------------------------ <br/>2025-09-19 18:16:31 [info     ] HealthCheckManager initialized
2025-09-19 18:16:31 [debug    ] Performing comprehensive health check
2025-09-19 18:16:31 [debug    ] Checking database health
2025-09-19 18:16:31 [debug    ] Checking event bus health
2025-09-19 18:16:31 [debug    ] Comprehensive health check results: {&#x27;overall_status&#x27;: &#x27;healthy&#x27;, &#x27;timestamp&#x27;: 268522.29705968, &#x27;components&#x27;: {&#x27;database&#x27;: {&#x27;status&#x27;: &#x27;healthy&#x27;, &#x27;details&#x27;: {&#x27;mongodb&#x27;: True, &#x27;sqlite&#x27;: True}}, &#x27;event_bus&#x27;: {&#x27;status&#x27;: &#x27;healthy&#x27;, &#x27;details&#x27;: {&#x27;connected&#x27;: True, &#x27;redis_healthy&#x27;: True}}, &#x27;api_server&#x27;: {&#x27;status&#x27;: &#x27;unknown&#x27;, &#x27;details&#x27;: &#x27;API health check not implemented&#x27;}}}
<br/></div></td></tr></tbody>
      <tbody class="passed results-table-row">
        <tr>
          <td class="col-result">Passed</td>
          <td class="col-name">tests/test_integration.py::TestIntegration::test_bot_application_initialization</td>
          <td class="col-duration">0.00</td>
          <td class="col-links"></td></tr>
        <tr>
          <td class="extra" colspan="4">
            <div class="log"> ------------------------------Captured stdout call------------------------------ <br/>2025-09-19 18:16:31 [info     ] Initializing bot application
<br/></div></td></tr></tbody>
      <tbody class="passed results-table-row">
        <tr>
          <td class="col-result">Passed</td>
          <td class="col-name">tests/test_integration.py::TestIntegration::test_bot_application_start_failure</td>
          <td class="col-duration">0.00</td>
          <td class="col-links"></td></tr>
        <tr>
          <td class="extra" colspan="4">
            <div class="log"> -------------------------------Captured log call-------------------------------- <br/>ERROR    src.utils.errors:errors.py:125 Error occurred: Token is invalid!
ERROR    src.core.application:application.py:128 Failed to start bot application: An unexpected error occurred. Please try again or contact support.<br/></div></td></tr></tbody>
      <tbody class="passed results-table-row">
        <tr>
          <td class="col-result">Passed</td>
          <td class="col-name">tests/test_integration.py::TestIntegration::test_bot_application_stop</td>
          <td class="col-duration">0.00</td>
          <td class="col-links"></td></tr>
        <tr>
          <td class="extra" colspan="4">
            <div class="log"> -------------------------------Captured log call-------------------------------- <br/>ERROR    src.utils.errors:errors.py:125 Error occurred: Token is invalid!
ERROR    src.core.application:application.py:128 Failed to start bot application: An unexpected error occurred. Please try again or contact support.<br/></div></td></tr></tbody>
      <tbody class="passed results-table-row">
        <tr>
          <td class="col-result">Passed</td>
          <td class="col-name">tests/test_integration.py::TestIntegration::test_config_manager_integration</td>
          <td class="col-duration">0.00</td>
          <td class="col-links"></td></tr>
        <tr>
          <td class="extra" colspan="4">
            <div class="empty log">No log output captured.</div></td></tr></tbody>
      <tbody class="passed results-table-row">
        <tr>
          <td class="col-result">Passed</td>
          <td class="col-name">tests/test_integration.py::TestIntegration::test_router_command_registration</td>
          <td class="col-duration">0.00</td>
          <td class="col-links"></td></tr>
        <tr>
          <td class="extra" colspan="4">
            <div class="empty log">No log output captured.</div></td></tr></tbody>
      <tbody class="passed results-table-row">
        <tr>
          <td class="col-result">Passed</td>
          <td class="col-name">tests/test_integration.py::TestIntegration::test_command_handler_integration</td>
          <td class="col-duration">0.00</td>
          <td class="col-links"></td></tr>
        <tr>
          <td class="extra" colspan="4">
            <div class="empty log">No log output captured.</div></td></tr></tbody>
      <tbody class="passed results-table-row">
        <tr>
          <td class="col-result">Passed</td>
          <td class="col-name">tests/test_integration.py::TestIntegration::test_process_update_integration</td>
          <td class="col-duration">0.00</td>
          <td class="col-links"></td></tr>
        <tr>
          <td class="extra" colspan="4">
            <div class="empty log">No log output captured.</div></td></tr></tbody>
      <tbody class="passed results-table-row">
        <tr>
          <td class="col-result">Passed</td>
          <td class="col-name">tests/test_integration.py::TestIntegration::test_webhook_mode_setup</td>
          <td class="col-duration">0.00</td>
          <td class="col-links"></td></tr>
        <tr>
          <td class="extra" colspan="4">
            <div class="empty log">No log output captured.</div></td></tr></tbody>
      <tbody class="passed results-table-row">
        <tr>
          <td class="col-result">Passed</td>
          <td class="col-name">tests/test_integration.py::TestIntegration::test_polling_mode_setup</td>
          <td class="col-duration">0.00</td>
          <td class="col-links"></td></tr>
        <tr>
          <td class="extra" colspan="4">
            <div class="empty log">No log output captured.</div></td></tr></tbody>
      <tbody class="passed results-table-row">
        <tr>
          <td class="col-result">Passed</td>
          <td class="col-name">tests/test_mongo_schemas.py::test_user_model</td>
          <td class="col-duration">0.00</td>
          <td class="col-links"></td></tr>
        <tr>
          <td class="extra" colspan="4">
            <div class="empty log">No log output captured.</div></td></tr></tbody>
      <tbody class="passed results-table-row">
        <tr>
          <td class="col-result">Passed</td>
          <td class="col-name">tests/test_mongo_schemas.py::test_narrative_fragment_model</td>
          <td class="col-duration">0.00</td>
          <td class="col-links"></td></tr>
        <tr>
          <td class="extra" colspan="4">
            <div class="empty log">No log output captured.</div></td></tr></tbody>
      <tbody class="passed results-table-row">
        <tr>
          <td class="col-result">Passed</td>
          <td class="col-name">tests/test_mongo_schemas.py::test_item_model</td>
          <td class="col-duration">0.00</td>
          <td class="col-links"></td></tr>
        <tr>
          <td class="extra" colspan="4">
            <div class="empty log">No log output captured.</div></td></tr></tbody>
      <tbody class="passed results-table-row">
        <tr>
          <td class="col-result">Passed</td>
          <td class="col-name">tests/test_mongodb_handler.py::test_mongodb_handler_initialization</td>
          <td class="col-duration">0.00</td>
          <td class="col-links"></td></tr>
        <tr>
          <td class="extra" colspan="4">
            <div class="empty log">No log output captured.</div></td></tr></tbody>
      <tbody class="passed results-table-row">
        <tr>
          <td class="col-result">Passed</td>
          <td class="col-name">tests/test_mongodb_handler.py::test_collection_access_methods</td>
          <td class="col-duration">0.00</td>
          <td class="col-links"></td></tr>
        <tr>
          <td class="extra" colspan="4">
            <div class="empty log">No log output captured.</div></td></tr></tbody>
      <tbody class="passed results-table-row">
        <tr>
          <td class="col-result">Passed</td>
          <td class="col-name">tests/test_narrative_endpoints.py::TestNarrativeAPIEndpoints::test_router_prefix_and_tags</td>
          <td class="col-duration">0.00</td>
          <td class="col-links"></td></tr>
        <tr>
          <td class="extra" colspan="4">
            <div class="empty log">No log output captured.</div></td></tr></tbody>
      <tbody class="passed results-table-row">
        <tr>
          <td class="col-result">Passed</td>
          <td class="col-name">tests/test_router.py::TestRouter::test_init</td>
          <td class="col-duration">0.00</td>
          <td class="col-links"></td></tr>
        <tr>
          <td class="extra" colspan="4">
            <div class="empty log">No log output captured.</div></td></tr></tbody>
      <tbody class="passed results-table-row">
        <tr>
          <td class="col-result">Passed</td>
          <td class="col-name">tests/test_router.py::TestRouter::test_register_command_handler</td>
          <td class="col-duration">0.00</td>
          <td class="col-links"></td></tr>
        <tr>
          <td class="extra" colspan="4">
            <div class="empty log">No log output captured.</div></td></tr></tbody>
      <tbody class="passed results-table-row">
        <tr>
          <td class="col-result">Passed</td>
          <td class="col-name">tests/test_router.py::TestRouter::test_register_command_handler_invalid_handler</td>
          <td class="col-duration">0.00</td>
          <td class="col-links"></td></tr>
        <tr>
          <td class="extra" colspan="4">
            <div class="empty log">No log output captured.</div></td></tr></tbody>
      <tbody class="passed results-table-row">
        <tr>
          <td class="col-result">Passed</td>
          <td class="col-name">tests/test_router.py::TestRouter::test_register_message_handler</td>
          <td class="col-duration">0.00</td>
          <td class="col-links"></td></tr>
        <tr>
          <td class="extra" colspan="4">
            <div class="empty log">No log output captured.</div></td></tr></tbody>
      <tbody class="passed results-table-row">
        <tr>
          <td class="col-result">Passed</td>
          <td class="col-name">tests/test_router.py::TestRouter::test_register_message_handler_invalid_handler</td>
          <td class="col-duration">0.00</td>
          <td class="col-links"></td></tr>
        <tr>
          <td class="extra" colspan="4">
            <div class="empty log">No log output captured.</div></td></tr></tbody>
      <tbody class="passed results-table-row">
        <tr>
          <td class="col-result">Passed</td>
          <td class="col-name">tests/test_router.py::TestRouter::test_set_default_handler</td>
          <td class="col-duration">0.00</td>
          <td class="col-links"></td></tr>
        <tr>
          <td class="extra" colspan="4">
            <div class="empty log">No log output captured.</div></td></tr></tbody>
      <tbody class="passed results-table-row">
        <tr>
          <td class="col-result">Passed</td>
          <td class="col-name">tests/test_router.py::TestRouter::test_set_default_handler_invalid_handler</td>
          <td class="col-duration">0.00</td>
          <td class="col-links"></td></tr>
        <tr>
          <td class="extra" colspan="4">
            <div class="empty log">No log output captured.</div></td></tr></tbody>
      <tbody class="passed results-table-row">
        <tr>
          <td class="col-result">Passed</td>
          <td class="col-name">tests/test_router.py::TestRouter::test_route_update_command</td>
          <td class="col-duration">0.00</td>
          <td class="col-links"></td></tr>
        <tr>
          <td class="extra" colspan="4">
            <div class="empty log">No log output captured.</div></td></tr></tbody>
      <tbody class="passed results-table-row">
        <tr>
          <td class="col-result">Passed</td>
          <td class="col-name">tests/test_router.py::TestRouter::test_route_update_command_no_handler</td>
          <td class="col-duration">0.00</td>
          <td class="col-links"></td></tr>
        <tr>
          <td class="extra" colspan="4">
            <div class="log"> -------------------------------Captured log call-------------------------------- <br/>WARNING  src.core.router:router.py:144 No handler found for update<br/></div></td></tr></tbody>
      <tbody class="passed results-table-row">
        <tr>
          <td class="col-result">Passed</td>
          <td class="col-name">tests/test_router.py::TestRouter::test_route_update_message</td>
          <td class="col-duration">0.00</td>
          <td class="col-links"></td></tr>
        <tr>
          <td class="extra" colspan="4">
            <div class="empty log">No log output captured.</div></td></tr></tbody>
      <tbody class="passed results-table-row">
        <tr>
          <td class="col-result">Passed</td>
          <td class="col-name">tests/test_router.py::TestRouter::test_route_update_default_handler</td>
          <td class="col-duration">0.00</td>
          <td class="col-links"></td></tr>
        <tr>
          <td class="extra" colspan="4">
            <div class="empty log">No log output captured.</div></td></tr></tbody>
      <tbody class="passed results-table-row">
        <tr>
          <td class="col-result">Passed</td>
          <td class="col-name">tests/test_router.py::TestRouter::test_route_update_no_handlers</td>
          <td class="col-duration">0.00</td>
          <td class="col-links"></td></tr>
        <tr>
          <td class="extra" colspan="4">
            <div class="log"> -------------------------------Captured log call-------------------------------- <br/>WARNING  src.core.router:router.py:144 No handler found for update<br/></div></td></tr></tbody>
      <tbody class="passed results-table-row">
        <tr>
          <td class="col-result">Passed</td>
          <td class="col-name">tests/test_router.py::TestRouter::test_extract_command</td>
          <td class="col-duration">0.00</td>
          <td class="col-links"></td></tr>
        <tr>
          <td class="extra" colspan="4">
            <div class="empty log">No log output captured.</div></td></tr></tbody>
      <tbody class="passed results-table-row">
        <tr>
          <td class="col-result">Passed</td>
          <td class="col-name">tests/test_router.py::TestRouter::test_matches_filter</td>
          <td class="col-duration">0.00</td>
          <td class="col-links"></td></tr>
        <tr>
          <td class="extra" colspan="4">
            <div class="empty log">No log output captured.</div></td></tr></tbody>
      <tbody class="passed results-table-row">
        <tr>
          <td class="col-result">Passed</td>
          <td class="col-name">tests/test_router_database_context.py::TestRouterDatabaseContext::test_router_initialization_with_database_context</td>
          <td class="col-duration">0.00</td>
          <td class="col-links"></td></tr>
        <tr>
          <td class="extra" colspan="4">
            <div class="empty log">No log output captured.</div></td></tr></tbody>
      <tbody class="passed results-table-row">
        <tr>
          <td class="col-result">Passed</td>
          <td class="col-name">tests/test_router_database_context.py::TestRouterDatabaseContext::test_router_initialization_without_database_context</td>
          <td class="col-duration">0.00</td>
          <td class="col-links"></td></tr>
        <tr>
          <td class="extra" colspan="4">
            <div class="empty log">No log output captured.</div></td></tr></tbody>
      <tbody class="passed results-table-row">
        <tr>
          <td class="col-result">Passed</td>
          <td class="col-name">tests/test_router_database_context.py::TestRouterDatabaseContext::test_router_passes_context_to_handler_with_router_parameter</td>
          <td class="col-duration">0.00</td>
          <td class="col-links"></td></tr>
        <tr>
          <td class="extra" colspan="4">
            <div class="empty log">No log output captured.</div></td></tr></tbody>
      <tbody class="passed results-table-row">
        <tr>
          <td class="col-result">Passed</td>
          <td class="col-name">tests/test_router_database_context.py::TestRouterDatabaseContext::test_router_calls_handler_without_router_parameter</td>
          <td class="col-duration">0.00</td>
          <td class="col-links"></td></tr>
        <tr>
          <td class="extra" colspan="4">
            <div class="empty log">No log output captured.</div></td></tr></tbody>
      <tbody class="passed results-table-row">
        <tr>
          <td class="col-result">Passed</td>
          <td class="col-name">tests/test_router_database_context.py::TestRouterDatabaseContext::test_router_calls_default_handler_with_context</td>
          <td class="col-duration">0.00</td>
          <td class="col-links"></td></tr>
        <tr>
          <td class="extra" colspan="4">
            <div class="empty log">No log output captured.</div></td></tr></tbody>
      <tbody class="passed results-table-row">
        <tr>
          <td class="col-result">Passed</td>
          <td class="col-name">tests/test_sqlite_handler.py::test_sqlite_handler_initialization</td>
          <td class="col-duration">0.00</td>
          <td class="col-links"></td></tr>
        <tr>
          <td class="extra" colspan="4">
            <div class="empty log">No log output captured.</div></td></tr></tbody>
      <tbody class="passed results-table-row">
        <tr>
          <td class="col-result">Passed</td>
          <td class="col-name">tests/test_sqlite_handler.py::test_table_access_methods</td>
          <td class="col-duration">0.00</td>
          <td class="col-links"></td></tr>
        <tr>
          <td class="extra" colspan="4">
            <div class="empty log">No log output captured.</div></td></tr></tbody>
      <tbody class="passed results-table-row">
        <tr>
          <td class="col-result">Passed</td>
          <td class="col-name">tests/test_sqlite_handler.py::test_initialize_tables</td>
          <td class="col-duration">0.00</td>
          <td class="col-links"></td></tr>
        <tr>
          <td class="extra" colspan="4">
            <div class="empty log">No log output captured.</div></td></tr></tbody>
      <tbody class="passed results-table-row">
        <tr>
          <td class="col-result">Passed</td>
          <td class="col-name">tests/test_sqlite_handler.py::test_execute_query</td>
          <td class="col-duration">0.00</td>
          <td class="col-links"></td></tr>
        <tr>
          <td class="extra" colspan="4">
            <div class="empty log">No log output captured.</div></td></tr></tbody>
      <tbody class="passed results-table-row">
        <tr>
          <td class="col-result">Passed</td>
          <td class="col-name">tests/test_sqlite_handler.py::test_execute_update</td>
          <td class="col-duration">0.00</td>
          <td class="col-links"></td></tr>
        <tr>
          <td class="extra" colspan="4">
            <div class="empty log">No log output captured.</div></td></tr></tbody>
      <tbody class="passed results-table-row">
        <tr>
          <td class="col-result">Passed</td>
          <td class="col-name">tests/test_sqlite_schemas.py::test_get_user_profiles_schema</td>
          <td class="col-duration">0.00</td>
          <td class="col-links"></td></tr>
        <tr>
          <td class="extra" colspan="4">
            <div class="empty log">No log output captured.</div></td></tr></tbody>
      <tbody class="passed results-table-row">
        <tr>
          <td class="col-result">Passed</td>
          <td class="col-name">tests/test_sqlite_schemas.py::test_get_subscriptions_schema</td>
          <td class="col-duration">0.00</td>
          <td class="col-links"></td></tr>
        <tr>
          <td class="extra" colspan="4">
            <div class="empty log">No log output captured.</div></td></tr></tbody>
      <tbody class="passed results-table-row">
        <tr>
          <td class="col-result">Passed</td>
          <td class="col-name">tests/test_sqlite_schemas.py::test_get_user_profiles_indexes</td>
          <td class="col-duration">0.00</td>
          <td class="col-links"></td></tr>
        <tr>
          <td class="extra" colspan="4">
            <div class="empty log">No log output captured.</div></td></tr></tbody>
      <tbody class="passed results-table-row">
        <tr>
          <td class="col-result">Passed</td>
          <td class="col-name">tests/test_sqlite_schemas.py::test_get_subscriptions_indexes</td>
          <td class="col-duration">0.00</td>
          <td class="col-links"></td></tr>
        <tr>
          <td class="extra" colspan="4">
            <div class="empty log">No log output captured.</div></td></tr></tbody>
      <tbody class="passed results-table-row">
        <tr>
          <td class="col-result">Passed</td>
          <td class="col-name">tests/test_sqlite_schemas.py::test_initialize_database</td>
          <td class="col-duration">0.00</td>
          <td class="col-links"></td></tr>
        <tr>
          <td class="extra" colspan="4">
            <div class="empty log">No log output captured.</div></td></tr></tbody>
      <tbody class="passed results-table-row">
        <tr>
          <td class="col-result">Passed</td>
          <td class="col-name">tests/test_sqlite_schemas.py::test_constants</td>
          <td class="col-duration">0.00</td>
          <td class="col-links"></td></tr>
        <tr>
          <td class="extra" colspan="4">
            <div class="empty log">No log output captured.</div></td></tr></tbody>
      <tbody class="passed results-table-row">
        <tr>
          <td class="col-result">Passed</td>
          <td class="col-name">tests/test_user_endpoints.py::TestUserAPIEndpoints::test_router_prefix_and_tags</td>
          <td class="col-duration">0.00</td>
          <td class="col-links"></td></tr>
        <tr>
          <td class="extra" colspan="4">
            <div class="empty log">No log output captured.</div></td></tr></tbody>
      <tbody class="passed results-table-row">
        <tr>
          <td class="col-result">Passed</td>
          <td class="col-name">tests/test_webhook.py::TestWebhookHandler::test_init</td>
          <td class="col-duration">0.00</td>
          <td class="col-links"></td></tr>
        <tr>
          <td class="extra" colspan="4">
            <div class="empty log">No log output captured.</div></td></tr></tbody>
      <tbody class="passed results-table-row">
        <tr>
          <td class="col-result">Passed</td>
          <td class="col-name">tests/test_webhook.py::TestWebhookHandler::test_handle</td>
          <td class="col-duration">0.00</td>
          <td class="col-links"></td></tr>
        <tr>
          <td class="extra" colspan="4">
            <div class="empty log">No log output captured.</div></td></tr></tbody>
      <tbody class="passed results-table-row">
        <tr>
          <td class="col-result">Passed</td>
          <td class="col-name">tests/test_webhook.py::TestWebhookHandler::test_setup_webhook_valid_url</td>
          <td class="col-duration">0.00</td>
          <td class="col-links"></td></tr>
        <tr>
          <td class="extra" colspan="4">
            <div class="empty log">No log output captured.</div></td></tr></tbody>
      <tbody class="passed results-table-row">
        <tr>
          <td class="col-result">Passed</td>
          <td class="col-name">tests/test_webhook.py::TestWebhookHandler::test_setup_webhook_invalid_url</td>
          <td class="col-duration">0.00</td>
          <td class="col-links"></td></tr>
        <tr>
          <td class="extra" colspan="4">
            <div class="log"> -------------------------------Captured log call-------------------------------- <br/>ERROR    src.handlers.webhook:webhook.py:75 Invalid webhook URL: Must use HTTPS protocol<br/></div></td></tr></tbody>
      <tbody class="passed results-table-row">
        <tr>
          <td class="col-result">Passed</td>
          <td class="col-name">tests/test_webhook.py::TestWebhookHandler::test_setup_webhook_with_certificate</td>
          <td class="col-duration">0.00</td>
          <td class="col-links"></td></tr>
        <tr>
          <td class="extra" colspan="4">
            <div class="empty log">No log output captured.</div></td></tr></tbody>
      <tbody class="passed results-table-row">
        <tr>
          <td class="col-result">Passed</td>
          <td class="col-name">tests/test_webhook.py::TestWebhookHandler::test_validate_request_valid</td>
          <td class="col-duration">0.00</td>
          <td class="col-links"></td></tr>
        <tr>
          <td class="extra" colspan="4">
            <div class="empty log">No log output captured.</div></td></tr></tbody>
      <tbody class="passed results-table-row">
        <tr>
          <td class="col-result">Passed</td>
          <td class="col-name">tests/test_webhook.py::TestWebhookHandler::test_validate_request_missing_headers</td>
          <td class="col-duration">0.00</td>
          <td class="col-links"></td></tr>
        <tr>
          <td class="extra" colspan="4">
            <div class="log"> -------------------------------Captured log call-------------------------------- <br/>WARNING  src.handlers.webhook:webhook.py:100 Invalid request: Missing headers<br/></div></td></tr></tbody>
      <tbody class="passed results-table-row">
        <tr>
          <td class="col-result">Passed</td>
          <td class="col-name">tests/test_webhook.py::TestWebhookHandler::test_validate_request_invalid_method</td>
          <td class="col-duration">0.00</td>
          <td class="col-links"></td></tr>
        <tr>
          <td class="extra" colspan="4">
            <div class="log"> -------------------------------Captured log call-------------------------------- <br/>WARNING  src.handlers.webhook:webhook.py:105 Invalid request method: GET<br/></div></td></tr></tbody>
      <tbody class="passed results-table-row">
        <tr>
          <td class="col-result">Passed</td>
          <td class="col-name">tests/test_webhook.py::TestWebhookHandler::test_validate_request_valid_method</td>
          <td class="col-duration">0.00</td>
          <td class="col-links"></td></tr>
        <tr>
          <td class="extra" colspan="4">
            <div class="empty log">No log output captured.</div></td></tr></tbody>
      <tbody class="passed results-table-row">
        <tr>
          <td class="col-result">Passed</td>
          <td class="col-name">tests/test_webhook.py::TestWebhookHandler::test_process_update</td>
          <td class="col-duration">0.00</td>
          <td class="col-links"></td></tr>
        <tr>
          <td class="extra" colspan="4">
            <div class="empty log">No log output captured.</div></td></tr></tbody>
      <tbody class="passed results-table-row">
        <tr>
          <td class="col-result">Passed</td>
          <td class="col-name">tests/test_webhook.py::TestWebhookHandler::test_process_update_logging</td>
          <td class="col-duration">0.00</td>
          <td class="col-links"></td></tr>
        <tr>
          <td class="extra" colspan="4">
            <div class="log"> -------------------------------Captured log call-------------------------------- <br/>INFO     src.handlers.webhook:webhook.py:125 Processing webhook update
INFO     src.handlers.webhook:webhook.py:142 Webhook update processed successfully<br/></div></td></tr></tbody>
      <tbody class="passed results-table-row">
        <tr>
          <td class="col-result">Passed</td>
          <td class="col-name">tests/database/test_manager.py::TestDatabaseManager::test_init</td>
          <td class="col-duration">0.00</td>
          <td class="col-links"></td></tr>
        <tr>
          <td class="extra" colspan="4">
            <div class="empty log">No log output captured.</div></td></tr></tbody>
      <tbody class="passed results-table-row">
        <tr>
          <td class="col-result">Passed</td>
          <td class="col-name">tests/database/test_manager.py::TestDatabaseManager::test_is_connected_property</td>
          <td class="col-duration">0.00</td>
          <td class="col-links"></td></tr>
        <tr>
          <td class="extra" colspan="4">
            <div class="empty log">No log output captured.</div></td></tr></tbody>
      <tbody class="passed results-table-row">
        <tr>
          <td class="col-result">Passed</td>
          <td class="col-name">tests/database/test_manager.py::TestDatabaseManager::test_connect_all_success</td>
          <td class="col-duration">0.00</td>
          <td class="col-links"></td></tr>
        <tr>
          <td class="extra" colspan="4">
            <div class="empty log">No log output captured.</div></td></tr></tbody>
      <tbody class="passed results-table-row">
        <tr>
          <td class="col-result">Passed</td>
          <td class="col-name">tests/database/test_manager.py::TestDatabaseManager::test_connect_all_mongo_failure</td>
          <td class="col-duration">15.02</td>
          <td class="col-links"></td></tr>
        <tr>
          <td class="extra" colspan="4">
            <div class="log"> -------------------------------Captured log call-------------------------------- <br/>WARNING  src.database.manager:manager.py:110 MongoDB connection attempt 1 failed: Connection failed
WARNING  src.database.manager:manager.py:110 MongoDB connection attempt 2 failed: Connection failed
WARNING  src.database.manager:manager.py:110 MongoDB connection attempt 3 failed: Connection failed
WARNING  src.database.manager:manager.py:110 MongoDB connection attempt 4 failed: Connection failed
WARNING  src.database.manager:manager.py:110 MongoDB connection attempt 5 failed: Connection failed
ERROR    src.database.manager:manager.py:122 Max retries exceeded for MongoDB connection
ERROR    src.database.manager:manager.py:58 Failed to connect to MongoDB<br/></div></td></tr></tbody>
      <tbody class="passed results-table-row">
        <tr>
          <td class="col-result">Passed</td>
          <td class="col-name">tests/database/test_manager.py::TestDatabaseManager::test_connect_all_sqlite_failure</td>
          <td class="col-duration">0.00</td>
          <td class="col-links"></td></tr>
        <tr>
          <td class="extra" colspan="4">
            <div class="log"> -------------------------------Captured log call-------------------------------- <br/>ERROR    src.database.manager:manager.py:160 Error connecting to SQLite database: SQLite connection failed
ERROR    src.database.manager:manager.py:65 Failed to connect to SQLite<br/></div></td></tr></tbody>
      <tbody class="passed results-table-row">
        <tr>
          <td class="col-result">Passed</td>
          <td class="col-name">tests/database/test_manager.py::TestDatabaseManager::test_connect_mongodb_success</td>
          <td class="col-duration">0.00</td>
          <td class="col-links"></td></tr>
        <tr>
          <td class="extra" colspan="4">
            <div class="empty log">No log output captured.</div></td></tr></tbody>
      <tbody class="passed results-table-row">
        <tr>
          <td class="col-result">Passed</td>
          <td class="col-name">tests/database/test_manager.py::TestDatabaseManager::test_connect_mongodb_retry_success</td>
          <td class="col-duration">0.00</td>
          <td class="col-links"></td></tr>
        <tr>
          <td class="extra" colspan="4">
            <div class="log"> -------------------------------Captured log call-------------------------------- <br/>WARNING  src.database.manager:manager.py:110 MongoDB connection attempt 1 failed: Timeout<br/></div></td></tr></tbody>
      <tbody class="passed results-table-row">
        <tr>
          <td class="col-result">Passed</td>
          <td class="col-name">tests/database/test_manager.py::TestDatabaseManager::test_connect_mongodb_retry_failure</td>
          <td class="col-duration">0.00</td>
          <td class="col-links"></td></tr>
        <tr>
          <td class="extra" colspan="4">
            <div class="log"> -------------------------------Captured log call-------------------------------- <br/>WARNING  src.database.manager:manager.py:110 MongoDB connection attempt 1 failed: Timeout
WARNING  src.database.manager:manager.py:110 MongoDB connection attempt 2 failed: Timeout
WARNING  src.database.manager:manager.py:110 MongoDB connection attempt 3 failed: Timeout
WARNING  src.database.manager:manager.py:110 MongoDB connection attempt 4 failed: Timeout
WARNING  src.database.manager:manager.py:110 MongoDB connection attempt 5 failed: Timeout
ERROR    src.database.manager:manager.py:122 Max retries exceeded for MongoDB connection<br/></div></td></tr></tbody>
      <tbody class="passed results-table-row">
        <tr>
          <td class="col-result">Passed</td>
          <td class="col-name">tests/database/test_manager.py::TestDatabaseManager::test_connect_sqlite_success</td>
          <td class="col-duration">0.00</td>
          <td class="col-links"></td></tr>
        <tr>
          <td class="extra" colspan="4">
            <div class="empty log">No log output captured.</div></td></tr></tbody>
      <tbody class="passed results-table-row">
        <tr>
          <td class="col-result">Passed</td>
          <td class="col-name">tests/database/test_manager.py::TestDatabaseManager::test_connect_sqlite_failure</td>
          <td class="col-duration">0.00</td>
          <td class="col-links"></td></tr>
        <tr>
          <td class="extra" colspan="4">
            <div class="log"> -------------------------------Captured log call-------------------------------- <br/>ERROR    src.database.manager:manager.py:160 Error connecting to SQLite database: Connection failed<br/></div></td></tr></tbody>
      <tbody class="passed results-table-row">
        <tr>
          <td class="col-result">Passed</td>
          <td class="col-name">tests/database/test_manager.py::TestDatabaseManager::test_get_mongo_db_not_connected</td>
          <td class="col-duration">0.00</td>
          <td class="col-links"></td></tr>
        <tr>
          <td class="extra" colspan="4">
            <div class="empty log">No log output captured.</div></td></tr></tbody>
      <tbody class="passed results-table-row">
        <tr>
          <td class="col-result">Passed</td>
          <td class="col-name">tests/database/test_manager.py::TestDatabaseManager::test_get_sqlite_conn_success</td>
          <td class="col-duration">0.00</td>
          <td class="col-links"></td></tr>
        <tr>
          <td class="extra" colspan="4">
            <div class="empty log">No log output captured.</div></td></tr></tbody>
      <tbody class="passed results-table-row">
        <tr>
          <td class="col-result">Passed</td>
          <td class="col-name">tests/database/test_manager.py::TestDatabaseManager::test_get_sqlite_conn_not_connected</td>
          <td class="col-duration">0.00</td>
          <td class="col-links"></td></tr>
        <tr>
          <td class="extra" colspan="4">
            <div class="empty log">No log output captured.</div></td></tr></tbody>
      <tbody class="passed results-table-row">
        <tr>
          <td class="col-result">Passed</td>
          <td class="col-name">tests/database/test_manager.py::TestDatabaseManager::test_health_check_success</td>
          <td class="col-duration">0.00</td>
          <td class="col-links"></td></tr>
        <tr>
          <td class="extra" colspan="4">
            <div class="empty log">No log output captured.</div></td></tr></tbody>
      <tbody class="passed results-table-row">
        <tr>
          <td class="col-result">Passed</td>
          <td class="col-name">tests/database/test_manager.py::TestDatabaseManager::test_health_check_mongo_failure</td>
          <td class="col-duration">0.00</td>
          <td class="col-links"></td></tr>
        <tr>
          <td class="extra" colspan="4">
            <div class="log"> -------------------------------Captured log call-------------------------------- <br/>WARNING  src.database.manager:manager.py:210 MongoDB health check failed: MongoDB error<br/></div></td></tr></tbody>
      <tbody class="passed results-table-row">
        <tr>
          <td class="col-result">Passed</td>
          <td class="col-name">tests/database/test_manager.py::TestDatabaseManager::test_health_check_sqlite_failure</td>
          <td class="col-duration">0.00</td>
          <td class="col-links"></td></tr>
        <tr>
          <td class="extra" colspan="4">
            <div class="log"> -------------------------------Captured log call-------------------------------- <br/>WARNING  src.database.manager:manager.py:218 SQLite health check failed: SQLite error<br/></div></td></tr></tbody>
      <tbody class="passed results-table-row">
        <tr>
          <td class="col-result">Passed</td>
          <td class="col-name">tests/database/test_manager.py::TestDatabaseManager::test_close_all_success</td>
          <td class="col-duration">0.00</td>
          <td class="col-links"></td></tr>
        <tr>
          <td class="extra" colspan="4">
            <div class="empty log">No log output captured.</div></td></tr></tbody>
      <tbody class="passed results-table-row">
        <tr>
          <td class="col-result">Passed</td>
          <td class="col-name">tests/database/test_manager.py::TestDatabaseManager::test_close_all_mongo_failure</td>
          <td class="col-duration">0.00</td>
          <td class="col-links"></td></tr>
        <tr>
          <td class="extra" colspan="4">
            <div class="log"> -------------------------------Captured log call-------------------------------- <br/>ERROR    src.database.manager:manager.py:233 Error closing MongoDB connection: MongoDB error<br/></div></td></tr></tbody>
      <tbody class="passed results-table-row">
        <tr>
          <td class="col-result">Passed</td>
          <td class="col-name">tests/database/test_manager.py::TestDatabaseManager::test_close_all_sqlite_failure</td>
          <td class="col-duration">0.00</td>
          <td class="col-links"></td></tr>
        <tr>
          <td class="extra" colspan="4">
            <div class="log"> -------------------------------Captured log call-------------------------------- <br/>ERROR    src.database.manager:manager.py:241 Error closing SQLite connection: SQLite error<br/></div></td></tr></tbody>
      <tbody class="passed results-table-row">
        <tr>
          <td class="col-result">Passed</td>
          <td class="col-name">tests/database/test_manager.py::TestDatabaseManagerIntegration::test_database_manager_properties</td>
          <td class="col-duration">0.00</td>
          <td class="col-links"></td></tr>
        <tr>
          <td class="extra" colspan="4">
            <div class="empty log">No log output captured.</div></td></tr></tbody>
      <tbody class="passed results-table-row">
        <tr>
          <td class="col-result">Passed</td>
          <td class="col-name">tests/database/test_manager.py::test_database_manager_with_real_config</td>
          <td class="col-duration">0.00</td>
          <td class="col-links"></td></tr>
        <tr>
          <td class="extra" colspan="4">
            <div class="empty log">No log output captured.</div></td></tr></tbody>
      <tbody class="passed results-table-row">
        <tr>
          <td class="col-result">Passed</td>
          <td class="col-name">tests/events/test_bus.py::TestEventBus::test_init</td>
          <td class="col-duration">0.00</td>
          <td class="col-links"></td></tr>
        <tr>
          <td class="extra" colspan="4">
            <div class="empty log">No log output captured.</div></td></tr></tbody>
      <tbody class="passed results-table-row">
        <tr>
          <td class="col-result">Passed</td>
          <td class="col-name">tests/events/test_bus.py::TestEventBus::test_connect_success</td>
          <td class="col-duration">0.00</td>
          <td class="col-links"></td></tr>
        <tr>
          <td class="extra" colspan="4">
            <div class="empty log">No log output captured.</div></td></tr></tbody>
      <tbody class="passed results-table-row">
        <tr>
          <td class="col-result">Passed</td>
          <td class="col-name">tests/events/test_bus.py::TestEventBus::test_connect_failure</td>
          <td class="col-duration">3.01</td>
          <td class="col-links"></td></tr>
        <tr>
          <td class="extra" colspan="4">
            <div class="log"> -------------------------------Captured log call-------------------------------- <br/>WARNING  src.events.bus:bus.py:107 Redis connection attempt 1 failed: Connection failed
WARNING  src.events.bus:bus.py:107 Redis connection attempt 2 failed: Connection failed
WARNING  src.events.bus:bus.py:107 Redis connection attempt 3 failed: Connection failed
ERROR    src.events.bus:bus.py:118 Max retries exceeded for Redis connection<br/></div></td></tr></tbody>
      <tbody class="passed results-table-row">
        <tr>
          <td class="col-result">Passed</td>
          <td class="col-name">tests/events/test_bus.py::TestEventBus::test_connect_with_retry</td>
          <td class="col-duration">0.00</td>
          <td class="col-links"></td></tr>
        <tr>
          <td class="extra" colspan="4">
            <div class="log"> -------------------------------Captured log call-------------------------------- <br/>WARNING  src.events.bus:bus.py:107 Redis connection attempt 1 failed: Connection failed<br/></div></td></tr></tbody>
      <tbody class="passed results-table-row">
        <tr>
          <td class="col-result">Passed</td>
          <td class="col-name">tests/events/test_bus.py::TestEventBus::test_publish_success_with_redis</td>
          <td class="col-duration">0.00</td>
          <td class="col-links"></td></tr>
        <tr>
          <td class="extra" colspan="4">
            <div class="empty log">No log output captured.</div></td></tr></tbody>
      <tbody class="passed results-table-row">
        <tr>
          <td class="col-result">Passed</td>
          <td class="col-name">tests/events/test_bus.py::TestEventBus::test_publish_success_with_local_queue</td>
          <td class="col-duration">0.00</td>
          <td class="col-links"></td></tr>
        <tr>
          <td class="extra" colspan="4">
            <div class="empty log">No log output captured.</div></td></tr></tbody>
      <tbody class="passed results-table-row">
        <tr>
          <td class="col-result">Passed</td>
          <td class="col-name">tests/events/test_bus.py::TestEventBus::test_publish_redis_failure_fallback_to_local_queue</td>
          <td class="col-duration">0.00</td>
          <td class="col-links"></td></tr>
        <tr>
          <td class="extra" colspan="4">
            <div class="log"> -------------------------------Captured log call-------------------------------- <br/>WARNING  src.events.bus:bus.py:212 Failed to publish to Redis: Redis error<br/></div></td></tr></tbody>
      <tbody class="passed results-table-row">
        <tr>
          <td class="col-result">Passed</td>
          <td class="col-name">tests/events/test_bus.py::TestEventBus::test_publish_local_queue_full</td>
          <td class="col-duration">0.00</td>
          <td class="col-links"></td></tr>
        <tr>
          <td class="extra" colspan="4">
            <div class="log"> -------------------------------Captured log call-------------------------------- <br/>WARNING  src.events.bus:bus.py:236 Local queue is full, dropping oldest event<br/></div></td></tr></tbody>
      <tbody class="passed results-table-row">
        <tr>
          <td class="col-result">Passed</td>
          <td class="col-name">tests/events/test_bus.py::TestEventBus::test_subscribe_success</td>
          <td class="col-duration">0.00</td>
          <td class="col-links"></td></tr>
        <tr>
          <td class="extra" colspan="4">
            <div class="empty log">No log output captured.</div></td></tr></tbody>
      <tbody class="passed results-table-row">
        <tr>
          <td class="col-result">Passed</td>
          <td class="col-name">tests/events/test_bus.py::TestEventBus::test_subscribe_multiple_handlers</td>
          <td class="col-duration">0.00</td>
          <td class="col-links"></td></tr>
        <tr>
          <td class="extra" colspan="4">
            <div class="empty log">No log output captured.</div></td></tr></tbody>
      <tbody class="passed results-table-row">
        <tr>
          <td class="col-result">Passed</td>
          <td class="col-name">tests/events/test_bus.py::TestEventBus::test_health_check_success</td>
          <td class="col-duration">0.00</td>
          <td class="col-links"></td></tr>
        <tr>
          <td class="extra" colspan="4">
            <div class="empty log">No log output captured.</div></td></tr></tbody>
      <tbody class="passed results-table-row">
        <tr>
          <td class="col-result">Passed</td>
          <td class="col-name">tests/events/test_bus.py::TestEventBus::test_health_check_redis_failure</td>
          <td class="col-duration">0.00</td>
          <td class="col-links"></td></tr>
        <tr>
          <td class="extra" colspan="4">
            <div class="log"> -------------------------------Captured log call-------------------------------- <br/>WARNING  src.events.bus:bus.py:347 Redis health check failed: Redis error<br/></div></td></tr></tbody>
      <tbody class="passed results-table-row">
        <tr>
          <td class="col-result">Passed</td>
          <td class="col-name">tests/events/test_bus.py::TestEventBus::test_process_local_queue_success</td>
          <td class="col-duration">0.00</td>
          <td class="col-links"></td></tr>
        <tr>
          <td class="extra" colspan="4">
            <div class="empty log">No log output captured.</div></td></tr></tbody>
      <tbody class="passed results-table-row">
        <tr>
          <td class="col-result">Passed</td>
          <td class="col-name">tests/events/test_bus.py::TestEventBus::test_process_local_queue_partial_failure</td>
          <td class="col-duration">0.00</td>
          <td class="col-links"></td></tr>
        <tr>
          <td class="extra" colspan="4">
            <div class="log"> -------------------------------Captured log call-------------------------------- <br/>WARNING  src.events.bus:bus.py:283 Failed to process queued event: Redis error
WARNING  src.events.bus:bus.py:295 Failed to process 1 events from local queue<br/></div></td></tr></tbody>
      <tbody class="passed results-table-row">
        <tr>
          <td class="col-result">Passed</td>
          <td class="col-name">tests/events/test_bus.py::TestEventBus::test_queue_locally_persistence</td>
          <td class="col-duration">0.00</td>
          <td class="col-links"></td></tr>
        <tr>
          <td class="extra" colspan="4">
            <div class="empty log">No log output captured.</div></td></tr></tbody>
      <tbody class="passed results-table-row">
        <tr>
          <td class="col-result">Passed</td>
          <td class="col-name">tests/events/test_bus.py::test_event_bus_with_real_config</td>
          <td class="col-duration">0.00</td>
          <td class="col-links"></td></tr>
        <tr>
          <td class="extra" colspan="4">
            <div class="empty log">No log output captured.</div></td></tr></tbody>
      <tbody class="passed results-table-row">
        <tr>
          <td class="col-result">Passed</td>
          <td class="col-name">tests/events/test_bus.py::test_create_event_bus</td>
          <td class="col-duration">0.00</td>
          <td class="col-links"></td></tr>
        <tr>
          <td class="extra" colspan="4">
            <div class="empty log">No log output captured.</div></td></tr></tbody>
      <tbody class="passed results-table-row">
        <tr>
          <td class="col-result">Passed</td>
          <td class="col-name">tests/integration/test_api.py::TestAPIIntegration::test_health_check_endpoint</td>
          <td class="col-duration">0.00</td>
          <td class="col-links"></td></tr>
        <tr>
          <td class="extra" colspan="4">
            <div class="empty log">No log output captured.</div></td></tr></tbody>
      <tbody class="passed results-table-row">
        <tr>
          <td class="col-result">Passed</td>
          <td class="col-name">tests/integration/test_api.py::TestAPIIntegration::test_api_info_endpoint</td>
          <td class="col-duration">0.00</td>
          <td class="col-links"></td></tr>
        <tr>
          <td class="extra" colspan="4">
            <div class="empty log">No log output captured.</div></td></tr></tbody>
      <tbody class="passed results-table-row">
        <tr>
          <td class="col-result">Passed</td>
          <td class="col-name">tests/integration/test_api.py::TestAPIIntegration::test_get_user_state_success</td>
          <td class="col-duration">0.01</td>
          <td class="col-links"></td></tr>
        <tr>
          <td class="extra" colspan="4">
            <div class="empty log">No log output captured.</div></td></tr></tbody>
      <tbody class="passed results-table-row">
        <tr>
          <td class="col-result">Passed</td>
          <td class="col-name">tests/integration/test_api.py::TestAPIIntegration::test_get_user_state_not_found</td>
          <td class="col-duration">0.02</td>
          <td class="col-links"></td></tr>
        <tr>
          <td class="extra" colspan="4">
            <div class="log"> -------------------------------Captured log call-------------------------------- <br/>WARNING  src.api.endpoints.users:users.py:114 User not found when getting state<br/></div></td></tr></tbody>
      <tbody class="passed results-table-row">
        <tr>
          <td class="col-result">Passed</td>
          <td class="col-name">tests/integration/test_api.py::TestAPIIntegration::test_get_user_state_unauthorized</td>
          <td class="col-duration">0.01</td>
          <td class="col-links"></td></tr>
        <tr>
          <td class="extra" colspan="4">
            <div class="log"> -------------------------------Captured log call-------------------------------- <br/>ERROR    src.services.user:user.py:307 Error retrieving user profile from SQLite: SQLite is not connected
WARNING  src.api.endpoints.users:users.py:114 User not found when getting state<br/></div></td></tr></tbody>
      <tbody class="passed results-table-row">
        <tr>
          <td class="col-result">Passed</td>
          <td class="col-name">tests/integration/test_api.py::TestAPIIntegration::test_update_user_preferences_success</td>
          <td class="col-duration">0.01</td>
          <td class="col-links"></td></tr>
        <tr>
          <td class="extra" colspan="4">
            <div class="empty log">No log output captured.</div></td></tr></tbody>
      <tbody class="passed results-table-row">
        <tr>
          <td class="col-result">Passed</td>
          <td class="col-name">tests/integration/test_api.py::TestAPIIntegration::test_update_user_preferences_failure</td>
          <td class="col-duration">0.03</td>
          <td class="col-links"></td></tr>
        <tr>
          <td class="extra" colspan="4">
            <div class="log"> -------------------------------Captured log call-------------------------------- <br/>WARNING  src.api.endpoints.users:users.py:202 Failed to update user preferences
ERROR    src.api.endpoints.users:users.py:213 Error updating user preferences<br/></div></td></tr></tbody>
      <tbody class="passed results-table-row">
        <tr>
          <td class="col-result">Passed</td>
          <td class="col-name">tests/integration/test_api.py::TestAPIIntegration::test_update_user_preferences_unauthorized</td>
          <td class="col-duration">0.01</td>
          <td class="col-links"></td></tr>
        <tr>
          <td class="extra" colspan="4">
            <div class="log"> -------------------------------Captured log call-------------------------------- <br/>ERROR    src.services.user:user.py:371 Error updating user state: MongoDB is not connected
WARNING  src.api.endpoints.users:users.py:202 Failed to update user preferences
ERROR    src.api.endpoints.users:users.py:213 Error updating user preferences<br/></div></td></tr></tbody>
      <tbody class="passed results-table-row">
        <tr>
          <td class="col-result">Passed</td>
          <td class="col-name">tests/integration/test_api.py::TestAPIIntegration::test_get_user_subscription_success</td>
          <td class="col-duration">0.01</td>
          <td class="col-links"></td></tr>
        <tr>
          <td class="extra" colspan="4">
            <div class="empty log">No log output captured.</div></td></tr></tbody>
      <tbody class="passed results-table-row">
        <tr>
          <td class="col-result">Passed</td>
          <td class="col-name">tests/integration/test_api.py::TestAPIIntegration::test_get_user_subscription_not_found</td>
          <td class="col-duration">0.01</td>
          <td class="col-links"></td></tr>
        <tr>
          <td class="extra" colspan="4">
            <div class="log"> -------------------------------Captured log call-------------------------------- <br/>WARNING  src.api.endpoints.users:users.py:295 User not found when getting subscription<br/></div></td></tr></tbody>
      <tbody class="passed results-table-row">
        <tr>
          <td class="col-result">Passed</td>
          <td class="col-name">tests/integration/test_api.py::TestAPIIntegration::test_get_user_subscription_unauthorized</td>
          <td class="col-duration">0.01</td>
          <td class="col-links"></td></tr>
        <tr>
          <td class="extra" colspan="4">
            <div class="log"> -------------------------------Captured log call-------------------------------- <br/>ERROR    src.services.user:user.py:307 Error retrieving user profile from SQLite: SQLite is not connected
WARNING  src.api.endpoints.users:users.py:295 User not found when getting subscription<br/></div></td></tr></tbody>
      <tbody class="passed results-table-row">
        <tr>
          <td class="col-result">Passed</td>
          <td class="col-name">tests/integration/test_api.py::TestAPIIntegration::test_get_narrative_fragment_success</td>
          <td class="col-duration">0.01</td>
          <td class="col-links"></td></tr>
        <tr>
          <td class="extra" colspan="4">
            <div class="empty log">No log output captured.</div></td></tr></tbody>
      <tbody class="passed results-table-row">
        <tr>
          <td class="col-result">Passed</td>
          <td class="col-name">tests/integration/test_api.py::TestAPIIntegration::test_get_narrative_fragment_not_found</td>
          <td class="col-duration">0.01</td>
          <td class="col-links"></td></tr>
        <tr>
          <td class="extra" colspan="4">
            <div class="log"> -------------------------------Captured log call-------------------------------- <br/>WARNING  src.api.endpoints.narrative:narrative.py:118 Narrative fragment not found<br/></div></td></tr></tbody>
      <tbody class="passed results-table-row">
        <tr>
          <td class="col-result">Passed</td>
          <td class="col-name">tests/integration/test_api.py::TestAPIIntegration::test_get_narrative_fragment_unauthorized</td>
          <td class="col-duration">0.01</td>
          <td class="col-links"></td></tr>
        <tr>
          <td class="extra" colspan="4">
            <div class="log"> -------------------------------Captured log call-------------------------------- <br/>ERROR    src.services.narrative:narrative.py:172 Error retrieving narrative fragment from MongoDB: MongoDB is not connected
WARNING  src.api.endpoints.narrative:narrative.py:118 Narrative fragment not found<br/></div></td></tr></tbody>
      <tbody class="passed results-table-row">
        <tr>
          <td class="col-result">Passed</td>
          <td class="col-name">tests/integration/test_api.py::TestAPIIntegration::test_user_router_prefix_and_tags</td>
          <td class="col-duration">0.00</td>
          <td class="col-links"></td></tr>
        <tr>
          <td class="extra" colspan="4">
            <div class="empty log">No log output captured.</div></td></tr></tbody>
      <tbody class="passed results-table-row">
        <tr>
          <td class="col-result">Passed</td>
          <td class="col-name">tests/integration/test_api.py::TestAPIIntegration::test_narrative_router_prefix_and_tags</td>
          <td class="col-duration">0.00</td>
          <td class="col-links"></td></tr>
        <tr>
          <td class="extra" colspan="4">
            <div class="empty log">No log output captured.</div></td></tr></tbody>
      <tbody class="passed results-table-row">
        <tr>
          <td class="col-result">Passed</td>
          <td class="col-name">tests/integration/test_app_integration.py::TestBotApplicationIntegration::test_webhook_mode_integration</td>
          <td class="col-duration">40.15</td>
          <td class="col-links"></td></tr>
        <tr>
          <td class="extra" colspan="4">
            <div class="log"> -------------------------------Captured log call-------------------------------- <br/>WARNING  src.database.manager:manager.py:110 MongoDB connection attempt 1 failed: localhost:27017: [Errno 111] Connection refused (configured timeouts: socketTimeoutMS: 5000.0ms, connectTimeoutMS: 5000.0ms), Timeout: 5.0s, Topology Description: &lt;TopologyDescription id: 68cd9e3a85f7052c45588d70, topology_type: Unknown, servers: [&lt;ServerDescription (&#x27;localhost&#x27;, 27017) server_type: Unknown, rtt: None, error=AutoReconnect(&#x27;localhost:27017: [Errno 111] Connection refused (configured timeouts: socketTimeoutMS: 5000.0ms, connectTimeoutMS: 5000.0ms)&#x27;)&gt;]&gt;
WARNING  src.database.manager:manager.py:110 MongoDB connection attempt 2 failed: localhost:27017: [Errno 111] Connection refused (configured timeouts: socketTimeoutMS: 5000.0ms, connectTimeoutMS: 5000.0ms), Timeout: 5.0s, Topology Description: &lt;TopologyDescription id: 68cd9e4085f7052c45588d71, topology_type: Unknown, servers: [&lt;ServerDescription (&#x27;localhost&#x27;, 27017) server_type: Unknown, rtt: None, error=AutoReconnect(&#x27;localhost:27017: [Errno 111] Connection refused (configured timeouts: socketTimeoutMS: 5000.0ms, connectTimeoutMS: 5000.0ms)&#x27;)&gt;]&gt;
WARNING  src.database.manager:manager.py:110 MongoDB connection attempt 3 failed: localhost:27017: [Errno 111] Connection refused (configured timeouts: socketTimeoutMS: 5000.0ms, connectTimeoutMS: 5000.0ms), Timeout: 5.0s, Topology Description: &lt;TopologyDescription id: 68cd9e4785f7052c45588d72, topology_type: Unknown, servers: [&lt;ServerDescription (&#x27;localhost&#x27;, 27017) server_type: Unknown, rtt: None, error=AutoReconnect(&#x27;localhost:27017: [Errno 111] Connection refused (configured timeouts: socketTimeoutMS: 5000.0ms, connectTimeoutMS: 5000.0ms)&#x27;)&gt;]&gt;
WARNING  src.database.manager:manager.py:110 MongoDB connection attempt 4 failed: localhost:27017: [Errno 111] Connection refused (configured timeouts: socketTimeoutMS: 5000.0ms, connectTimeoutMS: 5000.0ms), Timeout: 5.0s, Topology Description: &lt;TopologyDescription id: 68cd9e5085f7052c45588d73, topology_type: Unknown, servers: [&lt;ServerDescription (&#x27;localhost&#x27;, 27017) server_type: Unknown, rtt: None, error=AutoReconnect(&#x27;localhost:27017: [Errno 111] Connection refused (configured timeouts: socketTimeoutMS: 5000.0ms, connectTimeoutMS: 5000.0ms)&#x27;)&gt;]&gt;
WARNING  src.database.manager:manager.py:110 MongoDB connection attempt 5 failed: localhost:27017: [Errno 111] Connection refused (configured timeouts: socketTimeoutMS: 5000.0ms, connectTimeoutMS: 5000.0ms), Timeout: 5.0s, Topology Description: &lt;TopologyDescription id: 68cd9e5d85f7052c45588d74, topology_type: Unknown, servers: [&lt;ServerDescription (&#x27;localhost&#x27;, 27017) server_type: Unknown, rtt: None, error=AutoReconnect(&#x27;localhost:27017: [Errno 111] Connection refused (configured timeouts: socketTimeoutMS: 5000.0ms, connectTimeoutMS: 5000.0ms)&#x27;)&gt;]&gt;
ERROR    src.database.manager:manager.py:122 Max retries exceeded for MongoDB connection
ERROR    src.database.manager:manager.py:58 Failed to connect to MongoDB
ERROR    src.core.application:application.py:367 Failed to connect to databases
ERROR    asyncio:base_events.py:1821 Task was destroyed but it is pending!
task: &lt;Task pending name=&#x27;Task-204&#x27; coro=&lt;EventBus._flush_loop() running at /home/azureuser/repos/yabot/src/events/bus.py:174&gt; wait_for=&lt;Future pending cb=[Task.task_wakeup()]&gt;&gt;
WARNING  src.events.bus:bus.py:283 Failed to process queued event: Object of type datetime is not JSON serializable
WARNING  src.events.bus:bus.py:295 Failed to process 1 events from local queue<br/></div></td></tr></tbody>
      <tbody class="passed results-table-row">
        <tr>
          <td class="col-result">Passed</td>
          <td class="col-name">tests/integration/test_app_integration.py::TestBotApplicationIntegration::test_command_routing_integration</td>
          <td class="col-duration">40.16</td>
          <td class="col-links"></td></tr>
        <tr>
          <td class="extra" colspan="4">
            <div class="log"> -------------------------------Captured log call-------------------------------- <br/>WARNING  src.database.manager:manager.py:110 MongoDB connection attempt 1 failed: localhost:27017: [Errno 111] Connection refused (configured timeouts: socketTimeoutMS: 5000.0ms, connectTimeoutMS: 5000.0ms), Timeout: 5.0s, Topology Description: &lt;TopologyDescription id: 68cd9e6285f7052c45588d75, topology_type: Unknown, servers: [&lt;ServerDescription (&#x27;localhost&#x27;, 27017) server_type: Unknown, rtt: None, error=AutoReconnect(&#x27;localhost:27017: [Errno 111] Connection refused (configured timeouts: socketTimeoutMS: 5000.0ms, connectTimeoutMS: 5000.0ms)&#x27;)&gt;]&gt;
WARNING  src.database.manager:manager.py:110 MongoDB connection attempt 2 failed: localhost:27017: [Errno 111] Connection refused (configured timeouts: socketTimeoutMS: 5000.0ms, connectTimeoutMS: 5000.0ms), Timeout: 5.0s, Topology Description: &lt;TopologyDescription id: 68cd9e6885f7052c45588d76, topology_type: Unknown, servers: [&lt;ServerDescription (&#x27;localhost&#x27;, 27017) server_type: Unknown, rtt: None, error=AutoReconnect(&#x27;localhost:27017: [Errno 111] Connection refused (configured timeouts: socketTimeoutMS: 5000.0ms, connectTimeoutMS: 5000.0ms)&#x27;)&gt;]&gt;
WARNING  src.database.manager:manager.py:110 MongoDB connection attempt 3 failed: localhost:27017: [Errno 111] Connection refused (configured timeouts: socketTimeoutMS: 5000.0ms, connectTimeoutMS: 5000.0ms), Timeout: 5.0s, Topology Description: &lt;TopologyDescription id: 68cd9e6f85f7052c45588d77, topology_type: Unknown, servers: [&lt;ServerDescription (&#x27;localhost&#x27;, 27017) server_type: Unknown, rtt: None, error=AutoReconnect(&#x27;localhost:27017: [Errno 111] Connection refused (configured timeouts: socketTimeoutMS: 5000.0ms, connectTimeoutMS: 5000.0ms)&#x27;)&gt;]&gt;
WARNING  src.database.manager:manager.py:110 MongoDB connection attempt 4 failed: localhost:27017: [Errno 111] Connection refused (configured timeouts: socketTimeoutMS: 5000.0ms, connectTimeoutMS: 5000.0ms), Timeout: 5.0s, Topology Description: &lt;TopologyDescription id: 68cd9e7885f7052c45588d78, topology_type: Unknown, servers: [&lt;ServerDescription (&#x27;localhost&#x27;, 27017) server_type: Unknown, rtt: None, error=AutoReconnect(&#x27;localhost:27017: [Errno 111] Connection refused (configured timeouts: socketTimeoutMS: 5000.0ms, connectTimeoutMS: 5000.0ms)&#x27;)&gt;]&gt;
WARNING  src.database.manager:manager.py:110 MongoDB connection attempt 5 failed: localhost:27017: [Errno 111] Connection refused (configured timeouts: socketTimeoutMS: 5000.0ms, connectTimeoutMS: 5000.0ms), Timeout: 5.0s, Topology Description: &lt;TopologyDescription id: 68cd9e8585f7052c45588d79, topology_type: Unknown, servers: [&lt;ServerDescription (&#x27;localhost&#x27;, 27017) server_type: Unknown, rtt: None, error=AutoReconnect(&#x27;localhost:27017: [Errno 111] Connection refused (configured timeouts: socketTimeoutMS: 5000.0ms, connectTimeoutMS: 5000.0ms)&#x27;)&gt;]&gt;
ERROR    src.database.manager:manager.py:122 Max retries exceeded for MongoDB connection
ERROR    src.database.manager:manager.py:58 Failed to connect to MongoDB
ERROR    src.core.application:application.py:367 Failed to connect to databases
WARNING  src.events.bus:bus.py:283 Failed to process queued event: Object of type datetime is not JSON serializable
WARNING  src.events.bus:bus.py:295 Failed to process 1 events from local queue<br/></div></td></tr></tbody>
      <tbody class="passed results-table-row">
        <tr>
          <td class="col-result">Passed</td>
          <td class="col-name">tests/integration/test_app_integration.py::TestBotApplicationIntegration::test_error_handling_integration</td>
          <td class="col-duration">0.00</td>
          <td class="col-links"></td></tr>
        <tr>
          <td class="extra" colspan="4">
            <div class="log"> -------------------------------Captured log call-------------------------------- <br/>ERROR    src.utils.errors:errors.py:125 Error occurred: Config error
ERROR    src.core.application:application.py:128 Failed to start bot application: An unexpected error occurred. Please try again or contact support.<br/></div></td></tr></tbody>
      <tbody class="passed results-table-row">
        <tr>
          <td class="col-result">Passed</td>
          <td class="col-name">tests/integration/test_app_integration.py::TestBotApplicationIntegration::test_middleware_pipeline_integration</td>
          <td class="col-duration">40.16</td>
          <td class="col-links"></td></tr>
        <tr>
          <td class="extra" colspan="4">
            <div class="log"> -------------------------------Captured log call-------------------------------- <br/>WARNING  src.database.manager:manager.py:110 MongoDB connection attempt 1 failed: localhost:27017: [Errno 111] Connection refused (configured timeouts: socketTimeoutMS: 5000.0ms, connectTimeoutMS: 5000.0ms), Timeout: 5.0s, Topology Description: &lt;TopologyDescription id: 68cd9e8a85f7052c45588d7a, topology_type: Unknown, servers: [&lt;ServerDescription (&#x27;localhost&#x27;, 27017) server_type: Unknown, rtt: None, error=AutoReconnect(&#x27;localhost:27017: [Errno 111] Connection refused (configured timeouts: socketTimeoutMS: 5000.0ms, connectTimeoutMS: 5000.0ms)&#x27;)&gt;]&gt;
WARNING  src.database.manager:manager.py:110 MongoDB connection attempt 2 failed: localhost:27017: [Errno 111] Connection refused (configured timeouts: socketTimeoutMS: 5000.0ms, connectTimeoutMS: 5000.0ms), Timeout: 5.0s, Topology Description: &lt;TopologyDescription id: 68cd9e9085f7052c45588d7b, topology_type: Unknown, servers: [&lt;ServerDescription (&#x27;localhost&#x27;, 27017) server_type: Unknown, rtt: None, error=AutoReconnect(&#x27;localhost:27017: [Errno 111] Connection refused (configured timeouts: socketTimeoutMS: 5000.0ms, connectTimeoutMS: 5000.0ms)&#x27;)&gt;]&gt;
WARNING  src.database.manager:manager.py:110 MongoDB connection attempt 3 failed: localhost:27017: [Errno 111] Connection refused (configured timeouts: socketTimeoutMS: 5000.0ms, connectTimeoutMS: 5000.0ms), Timeout: 5.0s, Topology Description: &lt;TopologyDescription id: 68cd9e9785f7052c45588d7c, topology_type: Unknown, servers: [&lt;ServerDescription (&#x27;localhost&#x27;, 27017) server_type: Unknown, rtt: None, error=AutoReconnect(&#x27;localhost:27017: [Errno 111] Connection refused (configured timeouts: socketTimeoutMS: 5000.0ms, connectTimeoutMS: 5000.0ms)&#x27;)&gt;]&gt;
WARNING  src.database.manager:manager.py:110 MongoDB connection attempt 4 failed: localhost:27017: [Errno 111] Connection refused (configured timeouts: socketTimeoutMS: 5000.0ms, connectTimeoutMS: 5000.0ms), Timeout: 5.0s, Topology Description: &lt;TopologyDescription id: 68cd9ea085f7052c45588d7d, topology_type: Unknown, servers: [&lt;ServerDescription (&#x27;localhost&#x27;, 27017) server_type: Unknown, rtt: None, error=AutoReconnect(&#x27;localhost:27017: [Errno 111] Connection refused (configured timeouts: socketTimeoutMS: 5000.0ms, connectTimeoutMS: 5000.0ms)&#x27;)&gt;]&gt;
WARNING  src.database.manager:manager.py:110 MongoDB connection attempt 5 failed: localhost:27017: [Errno 111] Connection refused (configured timeouts: socketTimeoutMS: 5000.0ms, connectTimeoutMS: 5000.0ms), Timeout: 5.0s, Topology Description: &lt;TopologyDescription id: 68cd9ead85f7052c45588d7e, topology_type: Unknown, servers: [&lt;ServerDescription (&#x27;localhost&#x27;, 27017) server_type: Unknown, rtt: None, error=AutoReconnect(&#x27;localhost:27017: [Errno 111] Connection refused (configured timeouts: socketTimeoutMS: 5000.0ms, connectTimeoutMS: 5000.0ms)&#x27;)&gt;]&gt;
ERROR    src.database.manager:manager.py:122 Max retries exceeded for MongoDB connection
ERROR    src.database.manager:manager.py:58 Failed to connect to MongoDB
ERROR    src.core.application:application.py:367 Failed to connect to databases
WARNING  src.events.bus:bus.py:283 Failed to process queued event: Object of type datetime is not JSON serializable
WARNING  src.events.bus:bus.py:295 Failed to process 1 events from local queue
ERROR    asyncio:base_events.py:1821 Task was destroyed but it is pending!
task: &lt;Task pending name=&#x27;Task-208&#x27; coro=&lt;EventBus._flush_loop() running at /home/azureuser/repos/yabot/src/events/bus.py:174&gt; wait_for=&lt;Future pending cb=[Task.task_wakeup()]&gt;&gt;<br/></div></td></tr></tbody>
      <tbody class="passed results-table-row">
        <tr>
          <td class="col-result">Passed</td>
          <td class="col-name">tests/integration/test_app_integration.py::TestBotApplicationIntegration::test_configuration_integration</td>
          <td class="col-duration">0.00</td>
          <td class="col-links"></td></tr>
        <tr>
          <td class="extra" colspan="4">
            <div class="empty log">No log output captured.</div></td></tr></tbody>
      <tbody class="passed results-table-row">
        <tr>
          <td class="col-result">Passed</td>
          <td class="col-name">tests/integration/test_app_integration.py::TestBotApplicationIntegration::test_concurrent_request_handling</td>
          <td class="col-duration">40.16</td>
          <td class="col-links"></td></tr>
        <tr>
          <td class="extra" colspan="4">
            <div class="log"> -------------------------------Captured log call-------------------------------- <br/>WARNING  src.database.manager:manager.py:110 MongoDB connection attempt 1 failed: localhost:27017: [Errno 111] Connection refused (configured timeouts: socketTimeoutMS: 5000.0ms, connectTimeoutMS: 5000.0ms), Timeout: 5.0s, Topology Description: &lt;TopologyDescription id: 68cd9eb385f7052c45588d7f, topology_type: Unknown, servers: [&lt;ServerDescription (&#x27;localhost&#x27;, 27017) server_type: Unknown, rtt: None, error=AutoReconnect(&#x27;localhost:27017: [Errno 111] Connection refused (configured timeouts: socketTimeoutMS: 5000.0ms, connectTimeoutMS: 5000.0ms)&#x27;)&gt;]&gt;
WARNING  src.database.manager:manager.py:110 MongoDB connection attempt 2 failed: localhost:27017: [Errno 111] Connection refused (configured timeouts: socketTimeoutMS: 5000.0ms, connectTimeoutMS: 5000.0ms), Timeout: 5.0s, Topology Description: &lt;TopologyDescription id: 68cd9eb985f7052c45588d80, topology_type: Unknown, servers: [&lt;ServerDescription (&#x27;localhost&#x27;, 27017) server_type: Unknown, rtt: None, error=AutoReconnect(&#x27;localhost:27017: [Errno 111] Connection refused (configured timeouts: socketTimeoutMS: 5000.0ms, connectTimeoutMS: 5000.0ms)&#x27;)&gt;]&gt;
WARNING  src.database.manager:manager.py:110 MongoDB connection attempt 3 failed: localhost:27017: [Errno 111] Connection refused (configured timeouts: socketTimeoutMS: 5000.0ms, connectTimeoutMS: 5000.0ms), Timeout: 5.0s, Topology Description: &lt;TopologyDescription id: 68cd9ec085f7052c45588d81, topology_type: Unknown, servers: [&lt;ServerDescription (&#x27;localhost&#x27;, 27017) server_type: Unknown, rtt: None, error=AutoReconnect(&#x27;localhost:27017: [Errno 111] Connection refused (configured timeouts: socketTimeoutMS: 5000.0ms, connectTimeoutMS: 5000.0ms)&#x27;)&gt;]&gt;
WARNING  src.database.manager:manager.py:110 MongoDB connection attempt 4 failed: localhost:27017: [Errno 111] Connection refused (configured timeouts: socketTimeoutMS: 5000.0ms, connectTimeoutMS: 5000.0ms), Timeout: 5.0s, Topology Description: &lt;TopologyDescription id: 68cd9ec985f7052c45588d82, topology_type: Unknown, servers: [&lt;ServerDescription (&#x27;localhost&#x27;, 27017) server_type: Unknown, rtt: None, error=AutoReconnect(&#x27;localhost:27017: [Errno 111] Connection refused (configured timeouts: socketTimeoutMS: 5000.0ms, connectTimeoutMS: 5000.0ms)&#x27;)&gt;]&gt;
WARNING  src.database.manager:manager.py:110 MongoDB connection attempt 5 failed: localhost:27017: [Errno 111] Connection refused (configured timeouts: socketTimeoutMS: 5000.0ms, connectTimeoutMS: 5000.0ms), Timeout: 5.0s, Topology Description: &lt;TopologyDescription id: 68cd9ed685f7052c45588d83, topology_type: Unknown, servers: [&lt;ServerDescription (&#x27;localhost&#x27;, 27017) server_type: Unknown, rtt: None, error=AutoReconnect(&#x27;localhost:27017: [Errno 111] Connection refused (configured timeouts: socketTimeoutMS: 5000.0ms, connectTimeoutMS: 5000.0ms)&#x27;)&gt;]&gt;
ERROR    src.database.manager:manager.py:122 Max retries exceeded for MongoDB connection
ERROR    src.database.manager:manager.py:58 Failed to connect to MongoDB
ERROR    src.core.application:application.py:367 Failed to connect to databases
WARNING  src.events.bus:bus.py:283 Failed to process queued event: Object of type datetime is not JSON serializable
WARNING  src.events.bus:bus.py:295 Failed to process 1 events from local queue
WARNING  src.events.bus:bus.py:212 Failed to publish to Redis: Object of type datetime is not JSON serializable
WARNING  src.events.bus:bus.py:212 Failed to publish to Redis: Object of type datetime is not JSON serializable
WARNING  src.events.bus:bus.py:212 Failed to publish to Redis: Object of type datetime is not JSON serializable
WARNING  src.events.bus:bus.py:212 Failed to publish to Redis: Object of type datetime is not JSON serializable
WARNING  src.events.bus:bus.py:212 Failed to publish to Redis: Object of type datetime is not JSON serializable
WARNING  src.events.bus:bus.py:212 Failed to publish to Redis: Object of type datetime is not JSON serializable
WARNING  src.events.bus:bus.py:212 Failed to publish to Redis: Object of type datetime is not JSON serializable
WARNING  src.events.bus:bus.py:212 Failed to publish to Redis: Object of type datetime is not JSON serializable
WARNING  src.events.bus:bus.py:212 Failed to publish to Redis: Object of type datetime is not JSON serializable
WARNING  src.events.bus:bus.py:212 Failed to publish to Redis: Object of type datetime is not JSON serializable<br/></div></td></tr></tbody>
      <tbody class="passed results-table-row">
        <tr>
          <td class="col-result">Passed</td>
          <td class="col-name">tests/integration/test_app_integration.py::TestBotApplicationIntegration::test_security_pipeline_integration</td>
          <td class="col-duration">40.15</td>
          <td class="col-links"></td></tr>
        <tr>
          <td class="extra" colspan="4">
            <div class="log"> -------------------------------Captured log call-------------------------------- <br/>WARNING  src.database.manager:manager.py:110 MongoDB connection attempt 1 failed: localhost:27017: [Errno 111] Connection refused (configured timeouts: socketTimeoutMS: 5000.0ms, connectTimeoutMS: 5000.0ms), Timeout: 5.0s, Topology Description: &lt;TopologyDescription id: 68cd9edb85f7052c45588d84, topology_type: Unknown, servers: [&lt;ServerDescription (&#x27;localhost&#x27;, 27017) server_type: Unknown, rtt: None, error=AutoReconnect(&#x27;localhost:27017: [Errno 111] Connection refused (configured timeouts: socketTimeoutMS: 5000.0ms, connectTimeoutMS: 5000.0ms)&#x27;)&gt;]&gt;
WARNING  src.database.manager:manager.py:110 MongoDB connection attempt 2 failed: localhost:27017: [Errno 111] Connection refused (configured timeouts: socketTimeoutMS: 5000.0ms, connectTimeoutMS: 5000.0ms), Timeout: 5.0s, Topology Description: &lt;TopologyDescription id: 68cd9ee185f7052c45588d85, topology_type: Unknown, servers: [&lt;ServerDescription (&#x27;localhost&#x27;, 27017) server_type: Unknown, rtt: None, error=AutoReconnect(&#x27;localhost:27017: [Errno 111] Connection refused (configured timeouts: socketTimeoutMS: 5000.0ms, connectTimeoutMS: 5000.0ms)&#x27;)&gt;]&gt;
WARNING  src.database.manager:manager.py:110 MongoDB connection attempt 3 failed: localhost:27017: [Errno 111] Connection refused (configured timeouts: socketTimeoutMS: 5000.0ms, connectTimeoutMS: 5000.0ms), Timeout: 5.0s, Topology Description: &lt;TopologyDescription id: 68cd9ee885f7052c45588d86, topology_type: Unknown, servers: [&lt;ServerDescription (&#x27;localhost&#x27;, 27017) server_type: Unknown, rtt: None, error=AutoReconnect(&#x27;localhost:27017: [Errno 111] Connection refused (configured timeouts: socketTimeoutMS: 5000.0ms, connectTimeoutMS: 5000.0ms)&#x27;)&gt;]&gt;
WARNING  src.database.manager:manager.py:110 MongoDB connection attempt 4 failed: localhost:27017: [Errno 111] Connection refused (configured timeouts: socketTimeoutMS: 5000.0ms, connectTimeoutMS: 5000.0ms), Timeout: 5.0s, Topology Description: &lt;TopologyDescription id: 68cd9ef185f7052c45588d87, topology_type: Unknown, servers: [&lt;ServerDescription (&#x27;localhost&#x27;, 27017) server_type: Unknown, rtt: None, error=AutoReconnect(&#x27;localhost:27017: [Errno 111] Connection refused (configured timeouts: socketTimeoutMS: 5000.0ms, connectTimeoutMS: 5000.0ms)&#x27;)&gt;]&gt;
WARNING  src.database.manager:manager.py:110 MongoDB connection attempt 5 failed: localhost:27017: [Errno 111] Connection refused (configured timeouts: socketTimeoutMS: 5000.0ms, connectTimeoutMS: 5000.0ms), Timeout: 5.0s, Topology Description: &lt;TopologyDescription id: 68cd9efe85f7052c45588d88, topology_type: Unknown, servers: [&lt;ServerDescription (&#x27;localhost&#x27;, 27017) server_type: Unknown, rtt: None, error=AutoReconnect(&#x27;localhost:27017: [Errno 111] Connection refused (configured timeouts: socketTimeoutMS: 5000.0ms, connectTimeoutMS: 5000.0ms)&#x27;)&gt;]&gt;
ERROR    src.database.manager:manager.py:122 Max retries exceeded for MongoDB connection
ERROR    src.database.manager:manager.py:58 Failed to connect to MongoDB
ERROR    src.core.application:application.py:367 Failed to connect to databases
WARNING  src.events.bus:bus.py:283 Failed to process queued event: Object of type datetime is not JSON serializable
WARNING  src.events.bus:bus.py:295 Failed to process 1 events from local queue
WARNING  src.events.bus:bus.py:212 Failed to publish to Redis: Object of type datetime is not JSON serializable<br/></div></td></tr></tbody>
      <tbody class="passed results-table-row">
        <tr>
          <td class="col-result">Passed</td>
          <td class="col-name">tests/integration/test_app_integration.py::TestBotApplicationIntegration::test_graceful_shutdown_integration</td>
          <td class="col-duration">0.00</td>
          <td class="col-links"></td></tr>
        <tr>
          <td class="extra" colspan="4">
            <div class="empty log">No log output captured.</div></td></tr></tbody></table></body></html>